{"contracts/dao/DaoCreator.sol":{"l":{"17":2,"18":2,"19":2,"20":2,"29":2,"50":6,"53":6,"54":8,"55":4,"56":3,"58":4,"59":3,"63":2,"66":2,"68":2,"69":2,"70":2,"73":2,"74":2,"75":2,"76":2,"77":2,"95":3,"124":14,"154":3,"156":1,"157":1,"158":4,"160":1,"162":1,"164":1,"165":1,"192":14,"193":12,"194":10,"195":8,"196":6,"197":6,"200":6,"201":6,"203":6,"204":6,"206":6,"208":2,"210":2,"212":2,"213":2},"path":"/Users/madsjorgensen/Documents/Work/GoodContracts/contracts/dao/DaoCreator.sol","s":{"1":2,"2":2,"3":2,"4":6,"5":6,"6":8,"7":4,"8":4,"9":2,"10":2,"11":3,"12":14,"13":3,"14":1,"15":1,"16":1,"17":1,"18":14,"19":12,"20":10,"21":8,"22":6,"23":6,"24":6,"25":2,"26":2,"27":2},"b":{"1":[4,4],"2":[3,1],"3":[3,1],"4":[1,2],"5":[12,2],"6":[10,2],"7":[8,2],"8":[6,2]},"f":{"1":2,"2":2,"3":6,"4":3,"5":14,"6":3,"7":14},"fnMap":{"1":{"name":"create","line":16,"loc":{"start":{"line":16,"column":4},"end":{"line":16,"column":74}}},"2":{"name":"constructor","line":28,"loc":{"start":{"line":28,"column":4},"end":{"line":28,"column":78}}},"3":{"name":"addFounders","line":39,"loc":{"start":{"line":39,"column":4},"end":{"line":49,"column":5}}},"4":{"name":"constructor","line":94,"loc":{"start":{"line":94,"column":4},"end":{"line":94,"column":66}}},"5":{"name":"forgeOrg","line":110,"loc":{"start":{"line":110,"column":4},"end":{"line":122,"column":5}}},"6":{"name":"setSchemes","line":143,"loc":{"start":{"line":143,"column":4},"end":{"line":151,"column":5}}},"7":{"name":"_forgeOrg","line":180,"loc":{"start":{"line":180,"column":4},"end":{"line":190,"column":5}}}},"statementMap":{"1":{"start":{"line":17,"column":8},"end":{"line":17,"column":54}},"2":{"start":{"line":20,"column":8},"end":{"line":20,"column":34}},"3":{"start":{"line":29,"column":8},"end":{"line":29,"column":65}},"4":{"start":{"line":50,"column":8},"end":{"line":50,"column":78}},"5":{"start":{"line":53,"column":8},"end":{"line":53,"column":1959}},"6":{"start":{"line":54,"column":12},"end":{"line":54,"column":80}},"7":{"start":{"line":55,"column":12},"end":{"line":55,"column":2107}},"8":{"start":{"line":58,"column":12},"end":{"line":58,"column":2241}},"9":{"start":{"line":63,"column":8},"end":{"line":63,"column":115}},"10":{"start":{"line":77,"column":8},"end":{"line":77,"column":22}},"11":{"start":{"line":95,"column":8},"end":{"line":95,"column":53}},"12":{"start":{"line":124,"column":8},"end":{"line":124,"column":4613}},"13":{"start":{"line":154,"column":8},"end":{"line":154,"column":64}},"14":{"start":{"line":156,"column":8},"end":{"line":156,"column":76}},"15":{"start":{"line":157,"column":8},"end":{"line":157,"column":5695}},"16":{"start":{"line":164,"column":8},"end":{"line":164,"column":24}},"17":{"start":{"line":165,"column":8},"end":{"line":165,"column":48}},"18":{"start":{"line":192,"column":8},"end":{"line":192,"column":57}},"19":{"start":{"line":193,"column":8},"end":{"line":193,"column":92}},"20":{"start":{"line":194,"column":8},"end":{"line":194,"column":98}},"21":{"start":{"line":195,"column":8},"end":{"line":195,"column":70}},"22":{"start":{"line":196,"column":8},"end":{"line":196,"column":111}},"23":{"start":{"line":197,"column":8},"end":{"line":197,"column":53}},"24":{"start":{"line":206,"column":8},"end":{"line":206,"column":152}},"25":{"start":{"line":210,"column":8},"end":{"line":210,"column":24}},"26":{"start":{"line":212,"column":8},"end":{"line":212,"column":37}},"27":{"start":{"line":213,"column":8},"end":{"line":213,"column":32}}},"branchMap":{"1":{"line":54,"type":"if","locations":[{"start":{"line":54,"column":12},"end":{"line":54,"column":12}},{"start":{"line":54,"column":12},"end":{"line":54,"column":12}}]},"2":{"line":55,"type":"if","locations":[{"start":{"line":55,"column":12},"end":{"line":55,"column":12}},{"start":{"line":55,"column":12},"end":{"line":55,"column":12}}]},"3":{"line":58,"type":"if","locations":[{"start":{"line":58,"column":12},"end":{"line":58,"column":12}},{"start":{"line":58,"column":12},"end":{"line":58,"column":12}}]},"4":{"line":154,"type":"if","locations":[{"start":{"line":154,"column":8},"end":{"line":154,"column":8}},{"start":{"line":154,"column":8},"end":{"line":154,"column":8}}]},"5":{"line":192,"type":"if","locations":[{"start":{"line":192,"column":8},"end":{"line":192,"column":8}},{"start":{"line":192,"column":8},"end":{"line":192,"column":8}}]},"6":{"line":193,"type":"if","locations":[{"start":{"line":193,"column":8},"end":{"line":193,"column":8}},{"start":{"line":193,"column":8},"end":{"line":193,"column":8}}]},"7":{"line":194,"type":"if","locations":[{"start":{"line":194,"column":8},"end":{"line":194,"column":8}},{"start":{"line":194,"column":8},"end":{"line":194,"column":8}}]},"8":{"line":195,"type":"if","locations":[{"start":{"line":195,"column":8},"end":{"line":195,"column":8}},{"start":{"line":195,"column":8},"end":{"line":195,"column":8}}]}}},"contracts/dao/schemes/ActivePeriod.sol":{"l":{"20":33,"21":29,"27":18,"28":16,"34":26,"35":18,"41":11,"42":5,"51":22,"53":20,"54":20,"56":20,"62":16,"63":16,"69":3,"75":9,"76":9,"77":9},"path":"/Users/madsjorgensen/Documents/Work/GoodContracts/contracts/dao/schemes/ActivePeriod.sol","s":{"1":33,"2":18,"3":26,"4":11,"5":22,"6":20,"7":20,"8":20,"9":16,"10":16,"11":3,"12":9,"13":9,"14":9},"b":{"1":[29,4],"2":[16,2],"3":[18,8],"4":[5,6],"5":[20,2]},"f":{"1":33,"2":18,"3":26,"4":11,"5":22,"6":16,"7":3,"8":9},"fnMap":{"1":{"name":"requireActive","line":19,"loc":{"start":{"line":19,"column":4},"end":{"line":19,"column":26}}},"2":{"name":"requireNotActive","line":26,"loc":{"start":{"line":26,"column":4},"end":{"line":26,"column":29}}},"3":{"name":"requireInPeriod","line":33,"loc":{"start":{"line":33,"column":4},"end":{"line":33,"column":28}}},"4":{"name":"requirePeriodEnd","line":40,"loc":{"start":{"line":40,"column":4},"end":{"line":40,"column":29}}},"5":{"name":"constructor","line":50,"loc":{"start":{"line":50,"column":4},"end":{"line":50,"column":63}}},"6":{"name":"start","line":61,"loc":{"start":{"line":61,"column":4},"end":{"line":61,"column":58}}},"7":{"name":"end","line":68,"loc":{"start":{"line":68,"column":4},"end":{"line":68,"column":54}}},"8":{"name":"internalEnd","line":74,"loc":{"start":{"line":74,"column":4},"end":{"line":74,"column":61}}}},"statementMap":{"1":{"start":{"line":20,"column":8},"end":{"line":20,"column":41}},"2":{"start":{"line":27,"column":8},"end":{"line":27,"column":47}},"3":{"start":{"line":34,"column":8},"end":{"line":34,"column":70}},"4":{"start":{"line":41,"column":8},"end":{"line":41,"column":56}},"5":{"start":{"line":51,"column":8},"end":{"line":51,"column":83}},"6":{"start":{"line":53,"column":8},"end":{"line":53,"column":33}},"7":{"start":{"line":54,"column":8},"end":{"line":54,"column":29}},"8":{"start":{"line":56,"column":8},"end":{"line":56,"column":23}},"9":{"start":{"line":62,"column":8},"end":{"line":62,"column":22}},"10":{"start":{"line":63,"column":8},"end":{"line":63,"column":43}},"11":{"start":{"line":69,"column":8},"end":{"line":69,"column":35}},"12":{"start":{"line":75,"column":8},"end":{"line":75,"column":23}},"13":{"start":{"line":76,"column":8},"end":{"line":76,"column":41}},"14":{"start":{"line":77,"column":8},"end":{"line":77,"column":37}}},"branchMap":{"1":{"line":20,"type":"if","locations":[{"start":{"line":20,"column":8},"end":{"line":20,"column":8}},{"start":{"line":20,"column":8},"end":{"line":20,"column":8}}]},"2":{"line":27,"type":"if","locations":[{"start":{"line":27,"column":8},"end":{"line":27,"column":8}},{"start":{"line":27,"column":8},"end":{"line":27,"column":8}}]},"3":{"line":34,"type":"if","locations":[{"start":{"line":34,"column":8},"end":{"line":34,"column":8}},{"start":{"line":34,"column":8},"end":{"line":34,"column":8}}]},"4":{"line":41,"type":"if","locations":[{"start":{"line":41,"column":8},"end":{"line":41,"column":8}},{"start":{"line":41,"column":8},"end":{"line":41,"column":8}}]},"5":{"line":51,"type":"if","locations":[{"start":{"line":51,"column":8},"end":{"line":51,"column":8}},{"start":{"line":51,"column":8},"end":{"line":51,"column":8}}]}}},"contracts/dao/schemes/AddAdmin.sol":{"l":{"28":4,"29":2,"30":2,"38":2,"44":2},"path":"/Users/madsjorgensen/Documents/Work/GoodContracts/contracts/dao/schemes/AddAdmin.sol","s":{"1":4,"2":2,"3":2,"4":2},"b":{"1":[2,2]},"f":{"1":4,"2":2},"fnMap":{"1":{"name":"constructor","line":19,"loc":{"start":{"line":19,"column":4},"end":{"line":27,"column":5}}},"2":{"name":"start","line":36,"loc":{"start":{"line":36,"column":4},"end":{"line":36,"column":40}}}},"statementMap":{"1":{"start":{"line":28,"column":8},"end":{"line":28,"column":68}},"2":{"start":{"line":29,"column":8},"end":{"line":29,"column":27}},"3":{"start":{"line":30,"column":8},"end":{"line":30,"column":21}},"4":{"start":{"line":44,"column":8},"end":{"line":44,"column":36}}},"branchMap":{"1":{"line":28,"type":"if","locations":[{"start":{"line":28,"column":8},"end":{"line":28,"column":8}},{"start":{"line":28,"column":8},"end":{"line":28,"column":8}}]}}},"contracts/dao/schemes/AddMinter.sol":{"l":{"19":3,"20":1,"27":1,"33":1},"path":"/Users/madsjorgensen/Documents/Work/GoodContracts/contracts/dao/schemes/AddMinter.sol","s":{"1":3,"2":1,"3":1},"b":{"1":[1,2]},"f":{"1":3,"2":1},"fnMap":{"1":{"name":"constructor","line":15,"loc":{"start":{"line":15,"column":4},"end":{"line":18,"column":5}}},"2":{"name":"addMinter","line":26,"loc":{"start":{"line":26,"column":4},"end":{"line":26,"column":44}}}},"statementMap":{"1":{"start":{"line":19,"column":8},"end":{"line":19,"column":64}},"2":{"start":{"line":20,"column":8},"end":{"line":20,"column":23}},"3":{"start":{"line":33,"column":8},"end":{"line":33,"column":36}}},"branchMap":{"1":{"line":19,"type":"if","locations":[{"start":{"line":19,"column":8},"end":{"line":19,"column":8}},{"start":{"line":19,"column":8},"end":{"line":19,"column":8}}]}}},"contracts/dao/schemes/FeeFormula.sol":{"l":{"24":5,"25":3,"33":50},"path":"/Users/madsjorgensen/Documents/Work/GoodContracts/contracts/dao/schemes/FeeFormula.sol","s":{"1":5,"2":3,"3":50},"b":{"1":[3,2]},"f":{"1":5,"2":5,"3":50},"fnMap":{"1":{"name":"constructor","line":13,"loc":{"start":{"line":13,"column":4},"end":{"line":13,"column":46}}},"2":{"name":"constructor","line":23,"loc":{"start":{"line":23,"column":4},"end":{"line":23,"column":42}}},"3":{"name":"getTxFees","line":32,"loc":{"start":{"line":32,"column":4},"end":{"line":32,"column":66}}}},"statementMap":{"1":{"start":{"line":24,"column":8},"end":{"line":24,"column":60}},"2":{"start":{"line":25,"column":8},"end":{"line":25,"column":31}},"3":{"start":{"line":33,"column":8},"end":{"line":33,"column":46}}},"branchMap":{"1":{"line":24,"type":"if","locations":[{"start":{"line":24,"column":8},"end":{"line":24,"column":8}},{"start":{"line":24,"column":8},"end":{"line":24,"column":8}}]}}},"contracts/dao/schemes/FeelessScheme.sol":{"l":{"17":15,"25":6},"path":"/Users/madsjorgensen/Documents/Work/GoodContracts/contracts/dao/schemes/FeelessScheme.sol","s":{},"b":{},"f":{"1":18,"2":15,"3":6},"fnMap":{"1":{"name":"constructor","line":10,"loc":{"start":{"line":10,"column":4},"end":{"line":14,"column":5}}},"2":{"name":"addRights","line":16,"loc":{"start":{"line":16,"column":4},"end":{"line":16,"column":46}}},"3":{"name":"removeRights","line":24,"loc":{"start":{"line":24,"column":4},"end":{"line":24,"column":49}}}},"statementMap":{},"branchMap":{}},"contracts/dao/schemes/FixedUBI.sol":{"l":{"23":3,"33":4,"34":1,"37":4,"39":4,"41":4,"42":2,"48":2,"56":3,"60":3,"61":3,"62":3,"64":3,"77":4,"78":2,"79":2,"81":2,"82":2,"84":2,"86":2,"87":2,"89":2,"91":2,"93":2},"path":"/Users/madsjorgensen/Documents/Work/GoodContracts/contracts/dao/schemes/FixedUBI.sol","s":{"1":3,"2":4,"3":1,"4":4,"5":4,"6":4,"7":2,"8":2,"9":3,"10":3,"11":3,"12":3,"13":3,"14":4,"15":2,"16":2,"17":2,"18":2,"19":2,"20":2,"21":2,"22":2,"23":2},"b":{"1":[1,3],"2":[2,2]},"f":{"1":3,"2":4,"3":2,"4":3,"5":4},"fnMap":{"1":{"name":"constructor","line":12,"loc":{"start":{"line":12,"column":4},"end":{"line":22,"column":5}}},"2":{"name":"distributionFormula","line":31,"loc":{"start":{"line":31,"column":4},"end":{"line":32,"column":5}}},"3":{"name":"setDay","line":47,"loc":{"start":{"line":47,"column":4},"end":{"line":47,"column":28}}},"4":{"name":"checkEntitlement","line":54,"loc":{"start":{"line":54,"column":4},"end":{"line":55,"column":5}}},"5":{"name":"claim","line":71,"loc":{"start":{"line":71,"column":4},"end":{"line":76,"column":5}}}},"statementMap":{"1":{"start":{"line":23,"column":8},"end":{"line":23,"column":45}},"2":{"start":{"line":33,"column":8},"end":{"line":33,"column":980}},"3":{"start":{"line":34,"column":12},"end":{"line":34,"column":67}},"4":{"start":{"line":37,"column":8},"end":{"line":37,"column":62}},"5":{"start":{"line":39,"column":8},"end":{"line":39,"column":48}},"6":{"start":{"line":41,"column":8},"end":{"line":41,"column":58}},"7":{"start":{"line":42,"column":8},"end":{"line":42,"column":36}},"8":{"start":{"line":48,"column":8},"end":{"line":48,"column":51}},"9":{"start":{"line":56,"column":8},"end":{"line":56,"column":1813}},"10":{"start":{"line":60,"column":8},"end":{"line":60,"column":56}},"11":{"start":{"line":61,"column":8},"end":{"line":61,"column":48}},"12":{"start":{"line":62,"column":8},"end":{"line":62,"column":46}},"13":{"start":{"line":64,"column":8},"end":{"line":64,"column":41}},"14":{"start":{"line":77,"column":8},"end":{"line":77,"column":83}},"15":{"start":{"line":78,"column":8},"end":{"line":78,"column":36}},"16":{"start":{"line":79,"column":8},"end":{"line":79,"column":15}},"17":{"start":{"line":81,"column":8},"end":{"line":81,"column":67}},"18":{"start":{"line":84,"column":8},"end":{"line":84,"column":44}},"19":{"start":{"line":86,"column":8},"end":{"line":86,"column":57}},"20":{"start":{"line":87,"column":8},"end":{"line":87,"column":61}},"21":{"start":{"line":89,"column":8},"end":{"line":89,"column":33}},"22":{"start":{"line":91,"column":8},"end":{"line":91,"column":52}},"23":{"start":{"line":93,"column":8},"end":{"line":93,"column":19}}},"branchMap":{"1":{"line":33,"type":"if","locations":[{"start":{"line":33,"column":8},"end":{"line":33,"column":8}},{"start":{"line":33,"column":8},"end":{"line":33,"column":8}}]},"2":{"line":41,"type":"if","locations":[{"start":{"line":41,"column":8},"end":{"line":41,"column":8}},{"start":{"line":41,"column":8},"end":{"line":41,"column":8}}]}}},"contracts/dao/schemes/FormulaHolder.sol":{"l":{"16":11,"17":9,"26":1,"27":1},"path":"/Users/madsjorgensen/Documents/Work/GoodContracts/contracts/dao/schemes/FormulaHolder.sol","s":{"1":11,"2":9,"3":1},"b":{"1":[9,2]},"f":{"1":11,"2":1},"fnMap":{"1":{"name":"constructor","line":15,"loc":{"start":{"line":15,"column":4},"end":{"line":15,"column":41}}},"2":{"name":"setFormula","line":25,"loc":{"start":{"line":25,"column":4},"end":{"line":25,"column":59}}}},"statementMap":{"1":{"start":{"line":16,"column":8},"end":{"line":16,"column":69}},"2":{"start":{"line":17,"column":8},"end":{"line":17,"column":25}},"3":{"start":{"line":27,"column":8},"end":{"line":27,"column":25}}},"branchMap":{"1":{"line":16,"type":"if","locations":[{"start":{"line":16,"column":8},"end":{"line":16,"column":8}},{"start":{"line":16,"column":8},"end":{"line":16,"column":8}}]}}},"contracts/dao/schemes/InviteUser.sol":{"l":{"37":1,"38":1,"42":7,"43":5,"44":3,"48":6,"49":4,"58":3,"59":1,"61":1,"70":4,"72":2,"74":2,"76":2,"77":1,"80":2,"84":3,"85":1,"86":1,"87":1,"88":1,"91":2,"92":2,"94":2},"path":"/Users/madsjorgensen/Documents/Work/GoodContracts/contracts/dao/schemes/InviteUser.sol","s":{"1":1,"2":1,"3":7,"4":5,"5":6,"6":3,"7":1,"8":1,"9":4,"10":2,"11":2,"12":2,"13":1,"14":2,"15":3,"16":1,"17":1,"18":1,"19":2,"20":2},"b":{"1":[5,2],"2":[3,2],"3":[4,2],"4":[1,2],"5":[2,2],"6":[1,1],"7":[1,2]},"f":{"1":1,"2":7,"3":6,"4":3,"5":4,"6":3},"fnMap":{"1":{"name":"constructor","line":27,"loc":{"start":{"line":27,"column":4},"end":{"line":36,"column":5}}},"2":{"name":"requireNotAdded","line":41,"loc":{"start":{"line":41,"column":4},"end":{"line":41,"column":41}}},"3":{"name":"requireAdded","line":47,"loc":{"start":{"line":47,"column":4},"end":{"line":47,"column":38}}},"4":{"name":"inviteUser","line":52,"loc":{"start":{"line":52,"column":4},"end":{"line":57,"column":5}}},"5":{"name":"claimReward","line":64,"loc":{"start":{"line":64,"column":4},"end":{"line":69,"column":5}}},"6":{"name":"awardUser","line":83,"loc":{"start":{"line":83,"column":4},"end":{"line":83,"column":44}}}},"statementMap":{"1":{"start":{"line":37,"column":8},"end":{"line":37,"column":27}},"2":{"start":{"line":38,"column":8},"end":{"line":38,"column":23}},"3":{"start":{"line":42,"column":8},"end":{"line":42,"column":68}},"4":{"start":{"line":43,"column":8},"end":{"line":43,"column":74}},"5":{"start":{"line":48,"column":8},"end":{"line":48,"column":67}},"6":{"start":{"line":58,"column":8},"end":{"line":58,"column":57}},"7":{"start":{"line":59,"column":8},"end":{"line":59,"column":34}},"8":{"start":{"line":61,"column":8},"end":{"line":61,"column":19}},"9":{"start":{"line":70,"column":8},"end":{"line":70,"column":58}},"10":{"start":{"line":72,"column":8},"end":{"line":72,"column":33}},"11":{"start":{"line":74,"column":8},"end":{"line":74,"column":28}},"12":{"start":{"line":76,"column":8},"end":{"line":76,"column":1946}},"13":{"start":{"line":77,"column":12},"end":{"line":77,"column":41}},"14":{"start":{"line":80,"column":8},"end":{"line":80,"column":19}},"15":{"start":{"line":84,"column":8},"end":{"line":84,"column":2127}},"16":{"start":{"line":85,"column":12},"end":{"line":85,"column":60}},"17":{"start":{"line":86,"column":12},"end":{"line":86,"column":37}},"18":{"start":{"line":88,"column":12},"end":{"line":88,"column":47}},"19":{"start":{"line":91,"column":12},"end":{"line":91,"column":56}},"20":{"start":{"line":94,"column":12},"end":{"line":94,"column":44}}},"branchMap":{"1":{"line":42,"type":"if","locations":[{"start":{"line":42,"column":8},"end":{"line":42,"column":8}},{"start":{"line":42,"column":8},"end":{"line":42,"column":8}}]},"2":{"line":43,"type":"if","locations":[{"start":{"line":43,"column":8},"end":{"line":43,"column":8}},{"start":{"line":43,"column":8},"end":{"line":43,"column":8}}]},"3":{"line":48,"type":"if","locations":[{"start":{"line":48,"column":8},"end":{"line":48,"column":8}},{"start":{"line":48,"column":8},"end":{"line":48,"column":8}}]},"4":{"line":58,"type":"if","locations":[{"start":{"line":58,"column":8},"end":{"line":58,"column":8}},{"start":{"line":58,"column":8},"end":{"line":58,"column":8}}]},"5":{"line":70,"type":"if","locations":[{"start":{"line":70,"column":8},"end":{"line":70,"column":8}},{"start":{"line":70,"column":8},"end":{"line":70,"column":8}}]},"6":{"line":76,"type":"if","locations":[{"start":{"line":76,"column":8},"end":{"line":76,"column":8}},{"start":{"line":76,"column":8},"end":{"line":76,"column":8}}]},"7":{"line":84,"type":"if","locations":[{"start":{"line":84,"column":8},"end":{"line":84,"column":8}},{"start":{"line":84,"column":8},"end":{"line":84,"column":8}}]}}},"contracts/dao/schemes/OneTimePayments.sol":{"l":{"39":2,"53":6,"55":6,"56":4,"58":2,"60":2,"62":2,"74":7,"75":7,"77":5,"78":5,"80":5,"81":1,"90":3,"92":1,"94":1,"95":1,"103":6,"105":2,"107":2,"114":5,"127":7,"128":7,"129":7},"path":"/Users/madsjorgensen/Documents/Work/GoodContracts/contracts/dao/schemes/OneTimePayments.sol","s":{"1":2,"2":6,"3":6,"4":4,"5":2,"6":2,"7":2,"8":7,"9":7,"10":5,"11":5,"12":5,"13":1,"14":3,"15":1,"16":1,"17":1,"18":6,"19":2,"20":5,"21":7,"22":7,"23":7},"b":{"1":[4,2],"2":[2,2],"3":[5,2],"4":[1,2],"5":[2,4]},"f":{"1":3,"2":2,"3":6,"4":7,"5":3,"6":6,"7":5,"8":7},"fnMap":{"1":{"name":"constructor","line":27,"loc":{"start":{"line":27,"column":4},"end":{"line":33,"column":5}}},"2":{"name":"start","line":35,"loc":{"start":{"line":35,"column":4},"end":{"line":38,"column":5}}},"3":{"name":"onTokenTransfer","line":48,"loc":{"start":{"line":48,"column":4},"end":{"line":52,"column":5}}},"4":{"name":"withdraw","line":72,"loc":{"start":{"line":72,"column":4},"end":{"line":72,"column":84}}},"5":{"name":"cancel","line":88,"loc":{"start":{"line":88,"column":4},"end":{"line":88,"column":43}}},"6":{"name":"_withdraw","line":102,"loc":{"start":{"line":102,"column":4},"end":{"line":102,"column":63}}},"7":{"name":"hasPayment","line":113,"loc":{"start":{"line":113,"column":4},"end":{"line":113,"column":67}}},"8":{"name":"signerOfAddress","line":122,"loc":{"start":{"line":122,"column":4},"end":{"line":126,"column":5}}}},"statementMap":{"1":{"start":{"line":39,"column":8},"end":{"line":39,"column":18}},"2":{"start":{"line":53,"column":8},"end":{"line":53,"column":54}},"3":{"start":{"line":55,"column":8},"end":{"line":55,"column":75}},"4":{"start":{"line":56,"column":8},"end":{"line":56,"column":84}},"5":{"start":{"line":58,"column":8},"end":{"line":58,"column":57}},"6":{"start":{"line":60,"column":8},"end":{"line":60,"column":53}},"7":{"start":{"line":62,"column":8},"end":{"line":62,"column":19}},"8":{"start":{"line":74,"column":8},"end":{"line":74,"column":62}},"9":{"start":{"line":75,"column":8},"end":{"line":75,"column":63}},"10":{"start":{"line":77,"column":8},"end":{"line":77,"column":56}},"11":{"start":{"line":78,"column":8},"end":{"line":78,"column":57}},"12":{"start":{"line":80,"column":8},"end":{"line":80,"column":34}},"13":{"start":{"line":81,"column":8},"end":{"line":81,"column":66}},"14":{"start":{"line":90,"column":8},"end":{"line":90,"column":96}},"15":{"start":{"line":92,"column":8},"end":{"line":92,"column":56}},"16":{"start":{"line":94,"column":8},"end":{"line":94,"column":34}},"17":{"start":{"line":95,"column":8},"end":{"line":95,"column":56}},"18":{"start":{"line":103,"column":8},"end":{"line":103,"column":70}},"19":{"start":{"line":105,"column":8},"end":{"line":105,"column":45}},"20":{"start":{"line":114,"column":8},"end":{"line":114,"column":45}},"21":{"start":{"line":127,"column":8},"end":{"line":127,"column":97}},"22":{"start":{"line":128,"column":8},"end":{"line":128,"column":63}},"23":{"start":{"line":129,"column":8},"end":{"line":129,"column":21}}},"branchMap":{"1":{"line":55,"type":"if","locations":[{"start":{"line":55,"column":8},"end":{"line":55,"column":8}},{"start":{"line":55,"column":8},"end":{"line":55,"column":8}}]},"2":{"line":56,"type":"if","locations":[{"start":{"line":56,"column":8},"end":{"line":56,"column":8}},{"start":{"line":56,"column":8},"end":{"line":56,"column":8}}]},"3":{"line":75,"type":"if","locations":[{"start":{"line":75,"column":8},"end":{"line":75,"column":8}},{"start":{"line":75,"column":8},"end":{"line":75,"column":8}}]},"4":{"line":90,"type":"if","locations":[{"start":{"line":90,"column":8},"end":{"line":90,"column":8}},{"start":{"line":90,"column":8},"end":{"line":90,"column":8}}]},"5":{"line":103,"type":"if","locations":[{"start":{"line":103,"column":8},"end":{"line":103,"column":8}},{"start":{"line":103,"column":8},"end":{"line":103,"column":8}}]}}},"contracts/dao/schemes/RemoveAdmin.sol":{"l":{"26":3,"27":1,"28":1,"36":1,"42":1},"path":"/Users/madsjorgensen/Documents/Work/GoodContracts/contracts/dao/schemes/RemoveAdmin.sol","s":{"1":3,"2":1,"3":1,"4":1},"b":{"1":[1,2]},"f":{"1":3,"2":1},"fnMap":{"1":{"name":"constructor","line":18,"loc":{"start":{"line":18,"column":4},"end":{"line":25,"column":5}}},"2":{"name":"start","line":34,"loc":{"start":{"line":34,"column":4},"end":{"line":34,"column":40}}}},"statementMap":{"1":{"start":{"line":26,"column":8},"end":{"line":26,"column":79}},"2":{"start":{"line":27,"column":8},"end":{"line":27,"column":27}},"3":{"start":{"line":28,"column":8},"end":{"line":28,"column":21}},"4":{"start":{"line":42,"column":8},"end":{"line":42,"column":36}}},"branchMap":{"1":{"line":26,"type":"if","locations":[{"start":{"line":26,"column":8},"end":{"line":26,"column":8}},{"start":{"line":26,"column":8},"end":{"line":26,"column":8}}]}}},"contracts/dao/schemes/ReputationReward.sol":{"l":{"30":3,"32":1,"33":1,"34":1,"46":5,"47":5},"path":"/Users/madsjorgensen/Documents/Work/GoodContracts/contracts/dao/schemes/ReputationReward.sol","s":{"1":3,"2":1,"3":1,"4":1,"5":5},"b":{"1":[1,2]},"f":{"1":3,"2":5},"fnMap":{"1":{"name":"constructor","line":21,"loc":{"start":{"line":21,"column":4},"end":{"line":29,"column":5}}},"2":{"name":"rewardAddress","line":40,"loc":{"start":{"line":40,"column":4},"end":{"line":45,"column":5}}}},"statementMap":{"1":{"start":{"line":30,"column":8},"end":{"line":30,"column":74}},"2":{"start":{"line":32,"column":8},"end":{"line":32,"column":23}},"3":{"start":{"line":33,"column":8},"end":{"line":33,"column":27}},"4":{"start":{"line":34,"column":8},"end":{"line":34,"column":43}},"5":{"start":{"line":47,"column":8},"end":{"line":47,"column":19}}},"branchMap":{"1":{"line":30,"type":"if","locations":[{"start":{"line":30,"column":8},"end":{"line":30,"column":8}},{"start":{"line":30,"column":8},"end":{"line":30,"column":8}}]}}},"contracts/dao/schemes/ReserveMinter.sol":{"l":{"27":3,"28":1,"29":1,"37":1,"39":1,"41":1,"47":1},"path":"/Users/madsjorgensen/Documents/Work/GoodContracts/contracts/dao/schemes/ReserveMinter.sol","s":{"1":3,"2":1,"3":1,"4":1},"b":{"1":[1,2]},"f":{"1":3,"2":1},"fnMap":{"1":{"name":"constructor","line":18,"loc":{"start":{"line":18,"column":4},"end":{"line":26,"column":5}}},"2":{"name":"start","line":36,"loc":{"start":{"line":36,"column":4},"end":{"line":36,"column":40}}}},"statementMap":{"1":{"start":{"line":27,"column":8},"end":{"line":27,"column":74}},"2":{"start":{"line":28,"column":8},"end":{"line":28,"column":23}},"3":{"start":{"line":29,"column":8},"end":{"line":29,"column":27}},"4":{"start":{"line":39,"column":8},"end":{"line":39,"column":44}}},"branchMap":{"1":{"line":27,"type":"if","locations":[{"start":{"line":27,"column":8},"end":{"line":27,"column":8}},{"start":{"line":27,"column":8},"end":{"line":27,"column":8}}]}}},"contracts/dao/schemes/ReserveRelayer.sol":{"l":{"36":4,"37":2,"45":4,"47":2,"50":2,"51":2,"53":2,"59":2,"61":2},"path":"/Users/madsjorgensen/Documents/Work/GoodContracts/contracts/dao/schemes/ReserveRelayer.sol","s":{"1":4,"2":2,"3":2,"4":2,"5":2,"6":2},"b":{"1":[2,2]},"f":{"1":4,"2":4},"fnMap":{"1":{"name":"constructor","line":25,"loc":{"start":{"line":25,"column":4},"end":{"line":35,"column":5}}},"2":{"name":"start","line":44,"loc":{"start":{"line":44,"column":4},"end":{"line":44,"column":40}}}},"statementMap":{"1":{"start":{"line":36,"column":8},"end":{"line":36,"column":74}},"2":{"start":{"line":37,"column":8},"end":{"line":37,"column":27}},"3":{"start":{"line":47,"column":8},"end":{"line":47,"column":18}},"4":{"start":{"line":50,"column":8},"end":{"line":50,"column":44}},"5":{"start":{"line":51,"column":8},"end":{"line":51,"column":57}},"6":{"start":{"line":59,"column":8},"end":{"line":59,"column":21}}},"branchMap":{"1":{"line":36,"type":"if","locations":[{"start":{"line":36,"column":8},"end":{"line":36,"column":8}},{"start":{"line":36,"column":8},"end":{"line":36,"column":8}}]}}},"contracts/dao/schemes/SchemeGuard.sol":{"l":{"18":45,"20":45,"21":36,"28":172,"29":162,"35":3,"36":1,"43":4,"44":4,"49":181,"51":180,"52":13,"54":167},"path":"/Users/madsjorgensen/Documents/Work/GoodContracts/contracts/dao/schemes/SchemeGuard.sol","s":{"1":45,"2":45,"3":36,"4":172,"5":3,"6":4,"7":4,"8":181,"9":180,"10":13,"11":167},"b":{"1":[36,9],"2":[162,10],"3":[1,2],"4":[180,1],"5":[13,167]},"f":{"1":45,"2":172,"3":3,"4":4,"5":181},"fnMap":{"1":{"name":"constructor","line":17,"loc":{"start":{"line":17,"column":4},"end":{"line":17,"column":36}}},"2":{"name":"onlyRegistered","line":27,"loc":{"start":{"line":27,"column":4},"end":{"line":27,"column":27}}},"3":{"name":"onlyNotRegistered","line":34,"loc":{"start":{"line":34,"column":4},"end":{"line":34,"column":30}}},"4":{"name":"setAvatar","line":42,"loc":{"start":{"line":42,"column":4},"end":{"line":42,"column":53}}},"5":{"name":"isRegistered","line":48,"loc":{"start":{"line":48,"column":4},"end":{"line":48,"column":51}}}},"statementMap":{"1":{"start":{"line":18,"column":8},"end":{"line":18,"column":23}},"2":{"start":{"line":20,"column":8},"end":{"line":20,"column":584}},"3":{"start":{"line":21,"column":12},"end":{"line":21,"column":59}},"4":{"start":{"line":28,"column":8},"end":{"line":28,"column":58}},"5":{"start":{"line":35,"column":8},"end":{"line":35,"column":55}},"6":{"start":{"line":43,"column":8},"end":{"line":43,"column":23}},"7":{"start":{"line":44,"column":8},"end":{"line":44,"column":55}},"8":{"start":{"line":49,"column":8},"end":{"line":49,"column":56}},"9":{"start":{"line":51,"column":8},"end":{"line":51,"column":1493}},"10":{"start":{"line":52,"column":12},"end":{"line":52,"column":24}},"11":{"start":{"line":54,"column":8},"end":{"line":54,"column":19}}},"branchMap":{"1":{"line":20,"type":"if","locations":[{"start":{"line":20,"column":8},"end":{"line":20,"column":8}},{"start":{"line":20,"column":8},"end":{"line":20,"column":8}}]},"2":{"line":28,"type":"if","locations":[{"start":{"line":28,"column":8},"end":{"line":28,"column":8}},{"start":{"line":28,"column":8},"end":{"line":28,"column":8}}]},"3":{"line":35,"type":"if","locations":[{"start":{"line":35,"column":8},"end":{"line":35,"column":8}},{"start":{"line":35,"column":8},"end":{"line":35,"column":8}}]},"4":{"line":49,"type":"if","locations":[{"start":{"line":49,"column":8},"end":{"line":49,"column":8}},{"start":{"line":49,"column":8},"end":{"line":49,"column":8}}]},"5":{"line":51,"type":"if","locations":[{"start":{"line":51,"column":8},"end":{"line":51,"column":8}},{"start":{"line":51,"column":8},"end":{"line":51,"column":8}}]}}},"contracts/dao/schemes/SignUpBonus.sol":{"l":{"38":5,"39":5,"43":5,"44":5,"46":5,"48":5,"49":4,"51":4,"53":2,"60":3,"64":2,"66":2,"67":2,"68":1,"71":2,"72":2,"76":4,"77":4,"79":2,"80":2,"82":2},"path":"/Users/madsjorgensen/Documents/Work/GoodContracts/contracts/dao/schemes/SignUpBonus.sol","s":{"1":5,"2":5,"3":5,"4":5,"5":5,"6":4,"7":4,"8":3,"9":2,"10":2,"11":2,"12":2,"13":4,"14":4,"15":2,"16":2},"b":{"1":[4,1],"2":[2,2],"3":[1,1],"4":[2,2]},"f":{"1":5,"2":5,"3":2,"4":4},"fnMap":{"1":{"name":"constructor","line":28,"loc":{"start":{"line":28,"column":4},"end":{"line":37,"column":5}}},"2":{"name":"start","line":42,"loc":{"start":{"line":42,"column":4},"end":{"line":42,"column":40}}},"3":{"name":"end","line":63,"loc":{"start":{"line":63,"column":4},"end":{"line":63,"column":59}}},"4":{"name":"awardUser","line":75,"loc":{"start":{"line":75,"column":4},"end":{"line":75,"column":91}}}},"statementMap":{"1":{"start":{"line":38,"column":8},"end":{"line":38,"column":37}},"2":{"start":{"line":39,"column":8},"end":{"line":39,"column":27}},"3":{"start":{"line":44,"column":8},"end":{"line":44,"column":18}},"4":{"start":{"line":46,"column":8},"end":{"line":46,"column":44}},"5":{"start":{"line":48,"column":8},"end":{"line":48,"column":1244}},"6":{"start":{"line":49,"column":12},"end":{"line":49,"column":61}},"7":{"start":{"line":51,"column":12},"end":{"line":51,"column":73}},"8":{"start":{"line":60,"column":8},"end":{"line":60,"column":63}},"9":{"start":{"line":64,"column":8},"end":{"line":64,"column":44}},"10":{"start":{"line":66,"column":8},"end":{"line":66,"column":64}},"11":{"start":{"line":67,"column":8},"end":{"line":67,"column":1906}},"12":{"start":{"line":71,"column":8},"end":{"line":71,"column":21}},"13":{"start":{"line":76,"column":8},"end":{"line":76,"column":67}},"14":{"start":{"line":77,"column":8},"end":{"line":77,"column":88}},"15":{"start":{"line":79,"column":8},"end":{"line":79,"column":53}},"16":{"start":{"line":82,"column":8},"end":{"line":82,"column":41}}},"branchMap":{"1":{"line":48,"type":"if","locations":[{"start":{"line":48,"column":8},"end":{"line":48,"column":8}},{"start":{"line":48,"column":8},"end":{"line":48,"column":8}}]},"2":{"line":51,"type":"if","locations":[{"start":{"line":51,"column":12},"end":{"line":51,"column":12}},{"start":{"line":51,"column":12},"end":{"line":51,"column":12}}]},"3":{"line":67,"type":"if","locations":[{"start":{"line":67,"column":8},"end":{"line":67,"column":8}},{"start":{"line":67,"column":8},"end":{"line":67,"column":8}}]},"4":{"line":77,"type":"if","locations":[{"start":{"line":77,"column":8},"end":{"line":77,"column":8}},{"start":{"line":77,"column":8},"end":{"line":77,"column":8}}]}}},"contracts/dao/schemes/UBI.sol":{"l":{"58":6,"74":2,"82":3,"90":1,"101":10,"102":6,"104":6,"107":6,"109":6,"110":3,"112":1,"118":4,"129":2,"131":2,"133":2,"134":1,"137":2,"138":2,"151":3,"152":1,"154":1,"156":1,"158":1,"159":1,"161":1,"163":1,"164":1,"192":3,"201":2,"208":8,"210":2,"211":2},"path":"/Users/madsjorgensen/Documents/Work/GoodContracts/contracts/dao/schemes/UBI.sol","s":{"1":6,"2":2,"3":3,"4":1,"5":6,"6":6,"7":6,"8":6,"9":3,"10":4,"11":2,"12":2,"13":2,"14":2,"15":3,"16":1,"17":1,"18":1,"19":1,"20":1,"21":1,"22":1,"23":3,"24":2,"25":2,"26":2},"b":{"1":[3,3],"2":[1,2],"3":[1,1],"4":[1,2]},"f":{"1":6,"2":2,"3":3,"4":1,"5":10,"6":2,"7":3,"8":3,"9":2,"10":8},"fnMap":{"1":{"name":"constructor","line":47,"loc":{"start":{"line":47,"column":4},"end":{"line":57,"column":5}}},"2":{"name":"getClaimerCount","line":73,"loc":{"start":{"line":73,"column":4},"end":{"line":73,"column":69}}},"3":{"name":"getClaimAmount","line":81,"loc":{"start":{"line":81,"column":4},"end":{"line":81,"column":68}}},"4":{"name":"getDailyStats","line":89,"loc":{"start":{"line":89,"column":4},"end":{"line":89,"column":78}}},"5":{"name":"start","line":100,"loc":{"start":{"line":100,"column":4},"end":{"line":100,"column":40}}},"6":{"name":"end","line":127,"loc":{"start":{"line":127,"column":4},"end":{"line":127,"column":58}}},"7":{"name":"claim","line":144,"loc":{"start":{"line":144,"column":4},"end":{"line":150,"column":5}}},"8":{"name":"constructor","line":182,"loc":{"start":{"line":182,"column":4},"end":{"line":191,"column":5}}},"9":{"name":"distributionFormula","line":200,"loc":{"start":{"line":200,"column":4},"end":{"line":200,"column":91}}},"10":{"name":"start","line":207,"loc":{"start":{"line":207,"column":4},"end":{"line":207,"column":25}}}},"statementMap":{"1":{"start":{"line":58,"column":8},"end":{"line":58,"column":39}},"2":{"start":{"line":74,"column":8},"end":{"line":74,"column":45}},"3":{"start":{"line":82,"column":8},"end":{"line":82,"column":40}},"4":{"start":{"line":90,"column":8},"end":{"line":90,"column":72}},"5":{"start":{"line":102,"column":8},"end":{"line":102,"column":18}},"6":{"start":{"line":104,"column":8},"end":{"line":104,"column":49}},"7":{"start":{"line":107,"column":8},"end":{"line":107,"column":44}},"8":{"start":{"line":109,"column":8},"end":{"line":109,"column":3756}},"9":{"start":{"line":110,"column":12},"end":{"line":110,"column":99}},"10":{"start":{"line":118,"column":8},"end":{"line":118,"column":60}},"11":{"start":{"line":129,"column":8},"end":{"line":129,"column":44}},"12":{"start":{"line":131,"column":8},"end":{"line":131,"column":64}},"13":{"start":{"line":133,"column":8},"end":{"line":133,"column":4598}},"14":{"start":{"line":137,"column":8},"end":{"line":137,"column":21}},"15":{"start":{"line":151,"column":8},"end":{"line":151,"column":83}},"16":{"start":{"line":152,"column":8},"end":{"line":152,"column":57}},"17":{"start":{"line":154,"column":8},"end":{"line":154,"column":67}},"18":{"start":{"line":158,"column":8},"end":{"line":158,"column":91}},"19":{"start":{"line":159,"column":8},"end":{"line":159,"column":97}},"20":{"start":{"line":161,"column":8},"end":{"line":161,"column":36}},"21":{"start":{"line":163,"column":8},"end":{"line":163,"column":54}},"22":{"start":{"line":164,"column":8},"end":{"line":164,"column":19}},"23":{"start":{"line":192,"column":8},"end":{"line":192,"column":84}},"24":{"start":{"line":201,"column":8},"end":{"line":201,"column":36}},"25":{"start":{"line":210,"column":8},"end":{"line":210,"column":44}},"26":{"start":{"line":211,"column":8},"end":{"line":211,"column":90}}},"branchMap":{"1":{"line":109,"type":"if","locations":[{"start":{"line":109,"column":8},"end":{"line":109,"column":8}},{"start":{"line":109,"column":8},"end":{"line":109,"column":8}}]},"2":{"line":110,"type":"if","locations":[{"start":{"line":110,"column":12},"end":{"line":110,"column":12}},{"start":{"line":110,"column":12},"end":{"line":110,"column":12}}]},"3":{"line":133,"type":"if","locations":[{"start":{"line":133,"column":8},"end":{"line":133,"column":8}},{"start":{"line":133,"column":8},"end":{"line":133,"column":8}}]},"4":{"line":151,"type":"if","locations":[{"start":{"line":151,"column":8},"end":{"line":151,"column":8}},{"start":{"line":151,"column":8},"end":{"line":151,"column":8}}]}}},"contracts/identity/Identity.sol":{"l":{"52":29,"61":4,"74":6,"78":1,"90":93,"94":5,"98":7,"99":7,"100":5,"102":3,"104":1,"105":1,"107":1,"108":1,"109":1,"110":1,"112":1,"113":1,"126":8,"127":6,"140":5,"141":5,"150":21,"151":19,"152":19,"154":18,"163":6,"164":5,"166":5,"174":42,"178":51,"180":46,"181":46,"183":46,"185":19,"188":46,"192":4,"193":4,"195":2,"196":2,"198":2,"202":13,"204":13,"205":13,"207":13,"208":6,"211":13,"212":13,"214":13,"215":13,"216":13,"218":13,"230":139,"240":80,"241":80,"242":80},"path":"/Users/madsjorgensen/Documents/Work/GoodContracts/contracts/identity/Identity.sol","s":{"1":29,"2":4,"3":6,"4":1,"5":93,"6":5,"7":7,"8":7,"9":5,"10":3,"11":1,"12":1,"13":1,"14":1,"15":1,"16":1,"17":1,"18":6,"19":5,"20":21,"21":19,"22":18,"23":5,"24":5,"25":42,"26":46,"27":46,"28":46,"29":19,"30":46,"31":4,"32":4,"33":2,"34":2,"35":2,"36":13,"37":13,"38":6,"39":13,"40":13,"41":13,"42":139,"43":80},"b":{"1":[5,2],"2":[3,2],"3":[1,2],"4":[19,2],"5":[19,27],"6":[2,2],"7":[6,7]},"f":{"1":4,"2":29,"3":4,"4":6,"5":1,"6":93,"7":5,"8":7,"9":8,"10":5,"11":21,"12":6,"13":42,"14":51,"15":4,"16":13,"17":139,"18":80},"fnMap":{"1":{"name":"constructor","line":40,"loc":{"start":{"line":40,"column":4},"end":{"line":40,"column":45}}},"2":{"name":"addWhitelisted","line":46,"loc":{"start":{"line":46,"column":4},"end":{"line":51,"column":5}}},"3":{"name":"addWhitelistedWithDID","line":55,"loc":{"start":{"line":55,"column":4},"end":{"line":60,"column":5}}},"4":{"name":"removeWhitelisted","line":68,"loc":{"start":{"line":68,"column":4},"end":{"line":73,"column":5}}},"5":{"name":"renounceWhitelisted","line":77,"loc":{"start":{"line":77,"column":4},"end":{"line":77,"column":53}}},"6":{"name":"isWhitelisted","line":85,"loc":{"start":{"line":85,"column":4},"end":{"line":89,"column":5}}},"7":{"name":"wasAdded","line":93,"loc":{"start":{"line":93,"column":4},"end":{"line":93,"column":66}}},"8":{"name":"transferAccount","line":97,"loc":{"start":{"line":97,"column":4},"end":{"line":97,"column":64}}},"9":{"name":"addBlacklisted","line":120,"loc":{"start":{"line":120,"column":4},"end":{"line":125,"column":5}}},"10":{"name":"removeBlacklisted","line":134,"loc":{"start":{"line":134,"column":4},"end":{"line":139,"column":5}}},"11":{"name":"addContract","line":144,"loc":{"start":{"line":144,"column":4},"end":{"line":149,"column":5}}},"12":{"name":"removeContract","line":157,"loc":{"start":{"line":157,"column":4},"end":{"line":162,"column":5}}},"13":{"name":"isDAOContract","line":169,"loc":{"start":{"line":169,"column":4},"end":{"line":173,"column":5}}},"14":{"name":"_addWhitelisted","line":177,"loc":{"start":{"line":177,"column":4},"end":{"line":177,"column":52}}},"15":{"name":"_addWhitelistedWithDID","line":191,"loc":{"start":{"line":191,"column":4},"end":{"line":191,"column":78}}},"16":{"name":"_removeWhitelisted","line":201,"loc":{"start":{"line":201,"column":4},"end":{"line":201,"column":55}}},"17":{"name":"isBlacklisted","line":225,"loc":{"start":{"line":225,"column":4},"end":{"line":229,"column":5}}},"18":{"name":"isContract","line":235,"loc":{"start":{"line":235,"column":4},"end":{"line":239,"column":5}}}},"statementMap":{"1":{"start":{"line":52,"column":8},"end":{"line":52,"column":31}},"2":{"start":{"line":61,"column":8},"end":{"line":61,"column":43}},"3":{"start":{"line":74,"column":8},"end":{"line":74,"column":34}},"4":{"start":{"line":78,"column":8},"end":{"line":78,"column":37}},"5":{"start":{"line":90,"column":8},"end":{"line":90,"column":37}},"6":{"start":{"line":94,"column":8},"end":{"line":94,"column":33}},"7":{"start":{"line":98,"column":8},"end":{"line":98,"column":41}},"8":{"start":{"line":99,"column":8},"end":{"line":99,"column":73}},"9":{"start":{"line":100,"column":8},"end":{"line":100,"column":74}},"10":{"start":{"line":102,"column":8},"end":{"line":102,"column":103}},"11":{"start":{"line":104,"column":8},"end":{"line":104,"column":48}},"12":{"start":{"line":105,"column":8},"end":{"line":105,"column":44}},"13":{"start":{"line":107,"column":8},"end":{"line":107,"column":31}},"14":{"start":{"line":108,"column":8},"end":{"line":108,"column":52}},"15":{"start":{"line":110,"column":8},"end":{"line":110,"column":37}},"16":{"start":{"line":112,"column":8},"end":{"line":112,"column":31}},"17":{"start":{"line":113,"column":8},"end":{"line":113,"column":40}},"18":{"start":{"line":127,"column":8},"end":{"line":127,"column":36}},"19":{"start":{"line":141,"column":8},"end":{"line":141,"column":38}},"20":{"start":{"line":150,"column":8},"end":{"line":150,"column":70}},"21":{"start":{"line":152,"column":8},"end":{"line":152,"column":31}},"22":{"start":{"line":154,"column":8},"end":{"line":154,"column":35}},"23":{"start":{"line":164,"column":8},"end":{"line":164,"column":34}},"24":{"start":{"line":166,"column":8},"end":{"line":166,"column":37}},"25":{"start":{"line":174,"column":8},"end":{"line":174,"column":37}},"26":{"start":{"line":180,"column":8},"end":{"line":180,"column":28}},"27":{"start":{"line":181,"column":8},"end":{"line":181,"column":31}},"28":{"start":{"line":183,"column":8},"end":{"line":183,"column":5196}},"29":{"start":{"line":185,"column":12},"end":{"line":185,"column":36}},"30":{"start":{"line":188,"column":8},"end":{"line":188,"column":38}},"31":{"start":{"line":192,"column":8},"end":{"line":192,"column":44}},"32":{"start":{"line":193,"column":8},"end":{"line":193,"column":79}},"33":{"start":{"line":195,"column":8},"end":{"line":195,"column":31}},"34":{"start":{"line":196,"column":8},"end":{"line":196,"column":40}},"35":{"start":{"line":198,"column":8},"end":{"line":198,"column":31}},"36":{"start":{"line":204,"column":8},"end":{"line":204,"column":28}},"37":{"start":{"line":207,"column":8},"end":{"line":207,"column":5830}},"38":{"start":{"line":208,"column":12},"end":{"line":208,"column":36}},"39":{"start":{"line":211,"column":8},"end":{"line":211,"column":45}},"40":{"start":{"line":212,"column":8},"end":{"line":212,"column":44}},"41":{"start":{"line":218,"column":8},"end":{"line":218,"column":40}},"42":{"start":{"line":230,"column":8},"end":{"line":230,"column":37}},"43":{"start":{"line":242,"column":8},"end":{"line":242,"column":25}}},"branchMap":{"1":{"line":99,"type":"if","locations":[{"start":{"line":99,"column":8},"end":{"line":99,"column":8}},{"start":{"line":99,"column":8},"end":{"line":99,"column":8}}]},"2":{"line":100,"type":"if","locations":[{"start":{"line":100,"column":8},"end":{"line":100,"column":8}},{"start":{"line":100,"column":8},"end":{"line":100,"column":8}}]},"3":{"line":102,"type":"if","locations":[{"start":{"line":102,"column":8},"end":{"line":102,"column":8}},{"start":{"line":102,"column":8},"end":{"line":102,"column":8}}]},"4":{"line":150,"type":"if","locations":[{"start":{"line":150,"column":8},"end":{"line":150,"column":8}},{"start":{"line":150,"column":8},"end":{"line":150,"column":8}}]},"5":{"line":183,"type":"if","locations":[{"start":{"line":183,"column":8},"end":{"line":183,"column":8}},{"start":{"line":183,"column":8},"end":{"line":183,"column":8}}]},"6":{"line":193,"type":"if","locations":[{"start":{"line":193,"column":8},"end":{"line":193,"column":8}},{"start":{"line":193,"column":8},"end":{"line":193,"column":8}}]},"7":{"line":207,"type":"if","locations":[{"start":{"line":207,"column":8},"end":{"line":207,"column":8}},{"start":{"line":207,"column":8},"end":{"line":207,"column":8}}]}}},"contracts/identity/IdentityAdminRole.sol":{"l":{"16":4,"20":83,"21":79,"30":97,"42":4,"43":4,"55":1,"56":1,"61":1,"66":8,"67":8,"72":2,"73":2},"path":"/Users/madsjorgensen/Documents/Work/GoodContracts/contracts/identity/IdentityAdminRole.sol","s":{"1":4,"2":83,"3":97,"4":4,"5":4,"6":1,"7":1,"8":1,"9":8,"10":2},"b":{"1":[79,4]},"f":{"1":4,"2":83,"3":97,"4":4,"5":1,"6":1,"7":8,"8":2},"fnMap":{"1":{"name":"constructor","line":15,"loc":{"start":{"line":15,"column":4},"end":{"line":15,"column":24}}},"2":{"name":"onlyIdentityAdmin","line":19,"loc":{"start":{"line":19,"column":4},"end":{"line":19,"column":30}}},"3":{"name":"isIdentityAdmin","line":29,"loc":{"start":{"line":29,"column":4},"end":{"line":29,"column":70}}},"4":{"name":"addIdentityAdmin","line":37,"loc":{"start":{"line":37,"column":4},"end":{"line":41,"column":5}}},"5":{"name":"removeIdentityAdmin","line":50,"loc":{"start":{"line":50,"column":4},"end":{"line":54,"column":5}}},"6":{"name":"renounceIdentityAdmin","line":60,"loc":{"start":{"line":60,"column":4},"end":{"line":60,"column":41}}},"7":{"name":"_addIdentityAdmin","line":65,"loc":{"start":{"line":65,"column":4},"end":{"line":65,"column":54}}},"8":{"name":"_removeIdentityAdmin","line":71,"loc":{"start":{"line":71,"column":4},"end":{"line":71,"column":57}}}},"statementMap":{"1":{"start":{"line":16,"column":8},"end":{"line":16,"column":36}},"2":{"start":{"line":20,"column":8},"end":{"line":20,"column":64}},"3":{"start":{"line":30,"column":8},"end":{"line":30,"column":42}},"4":{"start":{"line":42,"column":8},"end":{"line":42,"column":33}},"5":{"start":{"line":43,"column":8},"end":{"line":43,"column":19}},"6":{"start":{"line":55,"column":8},"end":{"line":55,"column":36}},"7":{"start":{"line":56,"column":8},"end":{"line":56,"column":19}},"8":{"start":{"line":61,"column":8},"end":{"line":61,"column":39}},"9":{"start":{"line":67,"column":8},"end":{"line":67,"column":40}},"10":{"start":{"line":73,"column":8},"end":{"line":73,"column":42}}},"branchMap":{"1":{"line":20,"type":"if","locations":[{"start":{"line":20,"column":8},"end":{"line":20,"column":8}},{"start":{"line":20,"column":8},"end":{"line":20,"column":8}}]}}},"contracts/identity/IdentityGuard.sol":{"l":{"19":38,"20":36,"27":58,"28":54,"36":64,"37":62,"44":56,"45":52,"53":10,"54":8,"58":5,"59":3,"63":8,"64":6,"71":3,"72":1},"path":"/Users/madsjorgensen/Documents/Work/GoodContracts/contracts/identity/IdentityGuard.sol","s":{"1":38,"2":36,"3":58,"4":64,"5":56,"6":10,"7":5,"8":8,"9":3,"10":1},"b":{"1":[36,2],"2":[54,4],"3":[62,2],"4":[52,4],"5":[8,2],"6":[3,2],"7":[6,2],"8":[1,2]},"f":{"1":38,"2":58,"3":64,"4":56,"5":10,"6":5,"7":8,"8":3},"fnMap":{"1":{"name":"constructor","line":18,"loc":{"start":{"line":18,"column":4},"end":{"line":18,"column":40}}},"2":{"name":"onlyNotBlacklisted","line":26,"loc":{"start":{"line":26,"column":4},"end":{"line":26,"column":31}}},"3":{"name":"requireNotBlacklisted","line":35,"loc":{"start":{"line":35,"column":4},"end":{"line":35,"column":50}}},"4":{"name":"onlyWhitelisted","line":43,"loc":{"start":{"line":43,"column":4},"end":{"line":43,"column":28}}},"5":{"name":"requireWhitelisted","line":52,"loc":{"start":{"line":52,"column":4},"end":{"line":52,"column":47}}},"6":{"name":"onlyAddedBefore","line":57,"loc":{"start":{"line":57,"column":4},"end":{"line":57,"column":40}}},"7":{"name":"onlyIdentityAdmin","line":62,"loc":{"start":{"line":62,"column":4},"end":{"line":62,"column":30}}},"8":{"name":"setIdentity","line":70,"loc":{"start":{"line":70,"column":4},"end":{"line":70,"column":59}}}},"statementMap":{"1":{"start":{"line":19,"column":8},"end":{"line":19,"column":69}},"2":{"start":{"line":20,"column":8},"end":{"line":20,"column":27}},"3":{"start":{"line":27,"column":8},"end":{"line":27,"column":76}},"4":{"start":{"line":36,"column":8},"end":{"line":36,"column":76}},"5":{"start":{"line":44,"column":8},"end":{"line":44,"column":72}},"6":{"start":{"line":53,"column":8},"end":{"line":53,"column":70}},"7":{"start":{"line":58,"column":8},"end":{"line":58,"column":84}},"8":{"start":{"line":63,"column":8},"end":{"line":63,"column":73}},"9":{"start":{"line":71,"column":8},"end":{"line":71,"column":70}},"10":{"start":{"line":72,"column":8},"end":{"line":72,"column":27}}},"branchMap":{"1":{"line":19,"type":"if","locations":[{"start":{"line":19,"column":8},"end":{"line":19,"column":8}},{"start":{"line":19,"column":8},"end":{"line":19,"column":8}}]},"2":{"line":27,"type":"if","locations":[{"start":{"line":27,"column":8},"end":{"line":27,"column":8}},{"start":{"line":27,"column":8},"end":{"line":27,"column":8}}]},"3":{"line":36,"type":"if","locations":[{"start":{"line":36,"column":8},"end":{"line":36,"column":8}},{"start":{"line":36,"column":8},"end":{"line":36,"column":8}}]},"4":{"line":44,"type":"if","locations":[{"start":{"line":44,"column":8},"end":{"line":44,"column":8}},{"start":{"line":44,"column":8},"end":{"line":44,"column":8}}]},"5":{"line":53,"type":"if","locations":[{"start":{"line":53,"column":8},"end":{"line":53,"column":8}},{"start":{"line":53,"column":8},"end":{"line":53,"column":8}}]},"6":{"line":58,"type":"if","locations":[{"start":{"line":58,"column":8},"end":{"line":58,"column":8}},{"start":{"line":58,"column":8},"end":{"line":58,"column":8}}]},"7":{"line":63,"type":"if","locations":[{"start":{"line":63,"column":8},"end":{"line":63,"column":8}},{"start":{"line":63,"column":8},"end":{"line":63,"column":8}}]},"8":{"line":71,"type":"if","locations":[{"start":{"line":71,"column":8},"end":{"line":71,"column":8}},{"start":{"line":71,"column":8},"end":{"line":71,"column":8}}]}}},"contracts/mocks/ActivePeriodMock.sol":{"l":{"11":3,"15":3},"path":"/Users/madsjorgensen/Documents/Work/GoodContracts/contracts/mocks/ActivePeriodMock.sol","s":{},"b":{},"f":{"1":1,"2":3,"3":3},"fnMap":{"1":{"name":"constructor","line":8,"loc":{"start":{"line":8,"column":4},"end":{"line":8,"column":102}}},"2":{"name":"start","line":10,"loc":{"start":{"line":10,"column":4},"end":{"line":10,"column":25}}},"3":{"name":"end","line":14,"loc":{"start":{"line":14,"column":4},"end":{"line":14,"column":37}}}},"statementMap":{},"branchMap":{}},"contracts/mocks/FormulaHolderMock.sol":{"l":{},"path":"/Users/madsjorgensen/Documents/Work/GoodContracts/contracts/mocks/FormulaHolderMock.sol","s":{},"b":{},"f":{"1":1},"fnMap":{"1":{"name":"constructor","line":8,"loc":{"start":{"line":8,"column":4},"end":{"line":8,"column":65}}}},"statementMap":{},"branchMap":{}},"contracts/mocks/IdentityGuardMock.sol":{"l":{"11":1,"15":1},"path":"/Users/madsjorgensen/Documents/Work/GoodContracts/contracts/mocks/IdentityGuardMock.sol","s":{"1":1,"2":1},"b":{},"f":{"1":2,"2":1,"3":1},"fnMap":{"1":{"name":"constructor","line":8,"loc":{"start":{"line":8,"column":4},"end":{"line":8,"column":64}}},"2":{"name":"blacklistMock","line":10,"loc":{"start":{"line":10,"column":4},"end":{"line":10,"column":102}}},"3":{"name":"checkWhitelisted","line":14,"loc":{"start":{"line":14,"column":4},"end":{"line":14,"column":84}}}},"statementMap":{"1":{"start":{"line":11,"column":8},"end":{"line":11,"column":19}},"2":{"start":{"line":15,"column":8},"end":{"line":15,"column":19}}},"branchMap":{}},"contracts/mocks/ReputationMock.sol":{"l":{"21":3,"22":1,"23":1,"27":3,"29":3},"path":"/Users/madsjorgensen/Documents/Work/GoodContracts/contracts/mocks/ReputationMock.sol","s":{},"b":{},"f":{"1":1,"2":3,"3":3},"fnMap":{"1":{"name":"constructor","line":8,"loc":{"start":{"line":8,"column":4},"end":{"line":18,"column":5}}},"2":{"name":"start","line":20,"loc":{"start":{"line":20,"column":4},"end":{"line":20,"column":25}}},"3":{"name":"end","line":26,"loc":{"start":{"line":26,"column":4},"end":{"line":26,"column":37}}}},"statementMap":{},"branchMap":{}},"contracts/mocks/SchemeGuardMock.sol":{"l":{"10":1,"14":1},"path":"/Users/madsjorgensen/Documents/Work/GoodContracts/contracts/mocks/SchemeGuardMock.sol","s":{"1":1,"2":1},"b":{},"f":{"1":1,"2":1,"3":1},"fnMap":{"1":{"name":"constructor","line":7,"loc":{"start":{"line":7,"column":4},"end":{"line":7,"column":57}}},"2":{"name":"start","line":9,"loc":{"start":{"line":9,"column":4},"end":{"line":9,"column":55}}},"3":{"name":"end","line":13,"loc":{"start":{"line":13,"column":4},"end":{"line":13,"column":56}}}},"statementMap":{"1":{"start":{"line":10,"column":8},"end":{"line":10,"column":19}},"2":{"start":{"line":14,"column":8},"end":{"line":14,"column":19}}},"branchMap":{}},"contracts/mocks/TransferAndCallMock.sol":{"l":{"15":3,"16":3,"18":3,"19":3,"23":1,"24":1,"28":2},"path":"/Users/madsjorgensen/Documents/Work/GoodContracts/contracts/mocks/TransferAndCallMock.sol","s":{"1":3,"2":3,"3":3,"4":3,"5":1,"6":1,"7":2},"b":{},"f":{"1":3,"2":1,"3":2},"fnMap":{"1":{"name":"onTokenTransfer","line":11,"loc":{"start":{"line":11,"column":4},"end":{"line":14,"column":5}}},"2":{"name":"mockTransfer","line":22,"loc":{"start":{"line":22,"column":4},"end":{"line":22,"column":47}}},"3":{"name":"wasCalled","line":27,"loc":{"start":{"line":27,"column":4},"end":{"line":27,"column":48}}}},"statementMap":{"1":{"start":{"line":15,"column":8},"end":{"line":15,"column":23}},"2":{"start":{"line":16,"column":8},"end":{"line":16,"column":21}},"3":{"start":{"line":18,"column":8},"end":{"line":18,"column":46}},"4":{"start":{"line":19,"column":8},"end":{"line":19,"column":18}},"5":{"start":{"line":23,"column":8},"end":{"line":23,"column":28}},"6":{"start":{"line":24,"column":8},"end":{"line":24,"column":19}},"7":{"start":{"line":28,"column":8},"end":{"line":28,"column":29}}},"branchMap":{}},"contracts/token/ERC677/ERC677.sol":{"l":{},"path":"/Users/madsjorgensen/Documents/Work/GoodContracts/contracts/token/ERC677/ERC677.sol","s":{},"b":{},"f":{},"fnMap":{},"statementMap":{},"branchMap":{}},"contracts/token/ERC677/ERC677Receiver.sol":{"l":{},"path":"/Users/madsjorgensen/Documents/Work/GoodContracts/contracts/token/ERC677/ERC677Receiver.sol","s":{},"b":{},"f":{},"fnMap":{},"statementMap":{},"branchMap":{}},"contracts/token/ERC677Token.sol":{"l":{"32":12,"33":12,"35":12,"36":11,"38":4,"45":11,"46":11,"47":3,"55":12,"56":12,"57":12},"path":"/Users/madsjorgensen/Documents/Work/GoodContracts/contracts/token/ERC677Token.sol","s":{"1":12,"2":12,"3":12,"4":11,"5":4,"6":11,"7":11,"8":3,"9":12},"b":{"1":[12,0],"2":[11,1],"3":[3,8],"4":[3,8]},"f":{"1":8,"2":12,"3":11,"4":12},"fnMap":{"1":{"name":"constructor","line":11,"loc":{"start":{"line":11,"column":4},"end":{"line":18,"column":5}}},"2":{"name":"_transferAndCall","line":27,"loc":{"start":{"line":27,"column":4},"end":{"line":31,"column":5}}},"3":{"name":"contractFallback","line":41,"loc":{"start":{"line":41,"column":4},"end":{"line":44,"column":5}}},"4":{"name":"isContract","line":50,"loc":{"start":{"line":50,"column":4},"end":{"line":54,"column":5}}}},"statementMap":{"1":{"start":{"line":32,"column":8},"end":{"line":32,"column":62}},"2":{"start":{"line":33,"column":8},"end":{"line":33,"column":53}},"3":{"start":{"line":35,"column":8},"end":{"line":35,"column":1029}},"4":{"start":{"line":36,"column":12},"end":{"line":36,"column":84}},"5":{"start":{"line":38,"column":8},"end":{"line":38,"column":19}},"6":{"start":{"line":45,"column":8},"end":{"line":45,"column":52}},"7":{"start":{"line":46,"column":8},"end":{"line":46,"column":95}},"8":{"start":{"line":47,"column":8},"end":{"line":47,"column":19}},"9":{"start":{"line":57,"column":8},"end":{"line":57,"column":25}}},"branchMap":{"1":{"line":32,"type":"if","locations":[{"start":{"line":32,"column":8},"end":{"line":32,"column":8}},{"start":{"line":32,"column":8},"end":{"line":32,"column":8}}]},"2":{"line":35,"type":"if","locations":[{"start":{"line":35,"column":8},"end":{"line":35,"column":8}},{"start":{"line":35,"column":8},"end":{"line":35,"column":8}}]},"3":{"line":36,"type":"if","locations":[{"start":{"line":36,"column":12},"end":{"line":36,"column":12}},{"start":{"line":36,"column":12},"end":{"line":36,"column":12}}]},"4":{"line":46,"type":"if","locations":[{"start":{"line":46,"column":8},"end":{"line":46,"column":8}},{"start":{"line":46,"column":8},"end":{"line":46,"column":8}}]}}},"contracts/token/GoodDollar.sol":{"l":{"38":8,"56":31,"57":31,"76":1,"98":2,"99":2,"109":12,"110":12,"125":10,"127":4,"129":8,"130":8,"138":2,"151":1,"166":1,"181":1,"194":47,"205":2,"218":45,"219":45,"220":31,"221":30,"223":1,"225":31,"227":14},"path":"/Users/madsjorgensen/Documents/Work/GoodContracts/contracts/token/GoodDollar.sol","s":{"1":8,"2":31,"3":31,"4":1,"5":2,"6":2,"7":12,"8":12,"9":10,"10":4,"11":8,"12":1,"13":1,"14":47,"15":2,"16":45,"17":45,"18":31,"19":31,"20":14},"b":{"1":[4,6],"2":[2,2],"3":[31,14],"4":[30,1]},"f":{"1":8,"2":31,"3":1,"4":2,"5":12,"6":10,"7":2,"8":1,"9":1,"10":1,"11":47,"12":2,"13":45},"fnMap":{"1":{"name":"constructor","line":25,"loc":{"start":{"line":25,"column":4},"end":{"line":37,"column":5}}},"2":{"name":"transfer","line":49,"loc":{"start":{"line":49,"column":4},"end":{"line":55,"column":5}}},"3":{"name":"approve","line":67,"loc":{"start":{"line":67,"column":4},"end":{"line":75,"column":5}}},"4":{"name":"transferFrom","line":86,"loc":{"start":{"line":86,"column":4},"end":{"line":97,"column":5}}},"5":{"name":"transferAndCall","line":102,"loc":{"start":{"line":102,"column":4},"end":{"line":108,"column":5}}},"6":{"name":"mint","line":119,"loc":{"start":{"line":119,"column":4},"end":{"line":124,"column":5}}},"7":{"name":"burn","line":137,"loc":{"start":{"line":137,"column":4},"end":{"line":137,"column":56}}},"8":{"name":"burnFrom","line":146,"loc":{"start":{"line":146,"column":4},"end":{"line":150,"column":5}}},"9":{"name":"increaseAllowance","line":160,"loc":{"start":{"line":160,"column":4},"end":{"line":165,"column":5}}},"10":{"name":"decreaseAllowance","line":175,"loc":{"start":{"line":175,"column":4},"end":{"line":180,"column":5}}},"11":{"name":"getFees","line":189,"loc":{"start":{"line":189,"column":4},"end":{"line":193,"column":5}}},"12":{"name":"setFeeRecipient","line":201,"loc":{"start":{"line":201,"column":4},"end":{"line":204,"column":5}}},"13":{"name":"processFees","line":214,"loc":{"start":{"line":214,"column":4},"end":{"line":217,"column":5}}}},"statementMap":{"1":{"start":{"line":38,"column":8},"end":{"line":38,"column":35}},"2":{"start":{"line":56,"column":8},"end":{"line":56,"column":59}},"3":{"start":{"line":57,"column":8},"end":{"line":57,"column":46}},"4":{"start":{"line":76,"column":8},"end":{"line":76,"column":44}},"5":{"start":{"line":98,"column":8},"end":{"line":98,"column":53}},"6":{"start":{"line":99,"column":8},"end":{"line":99,"column":56}},"7":{"start":{"line":109,"column":8},"end":{"line":109,"column":59}},"8":{"start":{"line":110,"column":8},"end":{"line":110,"column":60}},"9":{"start":{"line":125,"column":8},"end":{"line":125,"column":3716}},"10":{"start":{"line":127,"column":12},"end":{"line":127,"column":88}},"11":{"start":{"line":130,"column":8},"end":{"line":130,"column":19}},"12":{"start":{"line":166,"column":8},"end":{"line":166,"column":59}},"13":{"start":{"line":181,"column":8},"end":{"line":181,"column":64}},"14":{"start":{"line":194,"column":8},"end":{"line":194,"column":39}},"15":{"start":{"line":205,"column":8},"end":{"line":205,"column":35}},"16":{"start":{"line":218,"column":8},"end":{"line":218,"column":38}},"17":{"start":{"line":219,"column":8},"end":{"line":219,"column":6664}},"18":{"start":{"line":220,"column":12},"end":{"line":220,"column":6737}},"19":{"start":{"line":225,"column":12},"end":{"line":225,"column":36}},"20":{"start":{"line":227,"column":8},"end":{"line":227,"column":20}}},"branchMap":{"1":{"line":125,"type":"if","locations":[{"start":{"line":125,"column":8},"end":{"line":125,"column":8}},{"start":{"line":125,"column":8},"end":{"line":125,"column":8}}]},"2":{"line":127,"type":"if","locations":[{"start":{"line":127,"column":12},"end":{"line":127,"column":12}},{"start":{"line":127,"column":12},"end":{"line":127,"column":12}}]},"3":{"line":219,"type":"if","locations":[{"start":{"line":219,"column":8},"end":{"line":219,"column":8}},{"start":{"line":219,"column":8},"end":{"line":219,"column":8}}]},"4":{"line":220,"type":"if","locations":[{"start":{"line":220,"column":12},"end":{"line":220,"column":12}},{"start":{"line":220,"column":12},"end":{"line":220,"column":12}}]}}},"contracts/wallet/AdminWallet.sol":{"l":{"44":3,"46":3,"47":3,"49":3,"50":2,"57":27,"58":19,"62":19,"63":13,"64":1,"65":1,"74":7,"76":7,"77":3,"82":1,"90":4,"91":7,"93":7,"95":4,"103":1,"104":1,"106":1,"112":3,"113":1,"114":2,"115":1,"125":29,"132":3,"139":1,"146":2,"153":2,"161":7,"162":7,"163":5,"165":3,"169":4,"170":4,"171":4,"181":4,"183":2,"184":1,"187":2,"188":1},"path":"/Users/madsjorgensen/Documents/Work/GoodContracts/contracts/wallet/AdminWallet.sol","s":{"1":3,"2":3,"3":3,"4":3,"5":2,"6":27,"7":13,"8":1,"9":7,"10":7,"11":3,"12":1,"13":4,"14":4,"15":1,"16":1,"17":3,"18":1,"19":2,"20":1,"21":29,"22":7,"23":7,"24":5,"25":3,"26":4,"27":4,"28":4,"29":2,"30":1,"31":2},"b":{"1":[2,1],"2":[19,8],"3":[1,12],"4":[3,4],"5":[1,2],"6":[1,1],"7":[5,2],"8":[3,2],"9":[2,2],"10":[1,1],"11":[1,1]},"f":{"1":3,"2":27,"3":19,"4":5,"5":7,"6":1,"7":4,"8":1,"9":3,"10":29,"11":3,"12":1,"13":2,"14":2,"15":7,"16":4,"17":4},"fnMap":{"1":{"name":"constructor","line":36,"loc":{"start":{"line":36,"column":4},"end":{"line":43,"column":5}}},"2":{"name":"onlyAdmin","line":56,"loc":{"start":{"line":56,"column":4},"end":{"line":56,"column":22}}},"3":{"name":"reimburseGas","line":61,"loc":{"start":{"line":61,"column":4},"end":{"line":61,"column":25}}},"4":{"name":"fallback","line":69,"loc":{"start":{"line":69,"column":4},"end":{"line":69,"column":30}}},"5":{"name":"setDay","line":73,"loc":{"start":{"line":73,"column":4},"end":{"line":73,"column":28}}},"6":{"name":"setBonusContract","line":81,"loc":{"start":{"line":81,"column":4},"end":{"line":81,"column":64}}},"7":{"name":"addAdmins","line":89,"loc":{"start":{"line":89,"column":4},"end":{"line":89,"column":71}}},"8":{"name":"removeAdmins","line":102,"loc":{"start":{"line":102,"column":4},"end":{"line":102,"column":66}}},"9":{"name":"topAdmins","line":111,"loc":{"start":{"line":111,"column":4},"end":{"line":111,"column":57}}},"10":{"name":"isAdmin","line":124,"loc":{"start":{"line":124,"column":4},"end":{"line":124,"column":59}}},"11":{"name":"whitelist","line":131,"loc":{"start":{"line":131,"column":4},"end":{"line":131,"column":65}}},"12":{"name":"removeWhitelist","line":138,"loc":{"start":{"line":138,"column":4},"end":{"line":138,"column":71}}},"13":{"name":"blacklist","line":145,"loc":{"start":{"line":145,"column":4},"end":{"line":145,"column":65}}},"14":{"name":"removeBlacklist","line":152,"loc":{"start":{"line":152,"column":4},"end":{"line":152,"column":71}}},"15":{"name":"topWallet","line":160,"loc":{"start":{"line":160,"column":4},"end":{"line":160,"column":73}}},"16":{"name":"_topWallet","line":168,"loc":{"start":{"line":168,"column":4},"end":{"line":168,"column":55}}},"17":{"name":"whitelistAndAwardUser","line":180,"loc":{"start":{"line":180,"column":4},"end":{"line":180,"column":94}}}},"statementMap":{"1":{"start":{"line":44,"column":8},"end":{"line":44,"column":27}},"2":{"start":{"line":46,"column":8},"end":{"line":46,"column":37}},"3":{"start":{"line":47,"column":8},"end":{"line":47,"column":35}},"4":{"start":{"line":49,"column":8},"end":{"line":49,"column":1229}},"5":{"start":{"line":50,"column":12},"end":{"line":50,"column":29}},"6":{"start":{"line":57,"column":8},"end":{"line":57,"column":58}},"7":{"start":{"line":63,"column":8},"end":{"line":63,"column":1533}},"8":{"start":{"line":64,"column":12},"end":{"line":64,"column":46}},"9":{"start":{"line":74,"column":8},"end":{"line":74,"column":51}},"10":{"start":{"line":76,"column":8},"end":{"line":76,"column":1923}},"11":{"start":{"line":77,"column":12},"end":{"line":77,"column":25}},"12":{"start":{"line":82,"column":8},"end":{"line":82,"column":21}},"13":{"start":{"line":90,"column":8},"end":{"line":90,"column":2336}},"14":{"start":{"line":95,"column":8},"end":{"line":95,"column":33}},"15":{"start":{"line":103,"column":8},"end":{"line":103,"column":2774}},"16":{"start":{"line":106,"column":8},"end":{"line":106,"column":35}},"17":{"start":{"line":112,"column":8},"end":{"line":112,"column":68}},"18":{"start":{"line":113,"column":8},"end":{"line":113,"column":3099}},"19":{"start":{"line":114,"column":12},"end":{"line":114,"column":3198}},"20":{"start":{"line":115,"column":16},"end":{"line":115,"column":39}},"21":{"start":{"line":125,"column":8},"end":{"line":125,"column":32}},"22":{"start":{"line":161,"column":8},"end":{"line":161,"column":15}},"23":{"start":{"line":162,"column":8},"end":{"line":162,"column":108}},"24":{"start":{"line":163,"column":8},"end":{"line":163,"column":87}},"25":{"start":{"line":165,"column":8},"end":{"line":165,"column":24}},"26":{"start":{"line":169,"column":8},"end":{"line":169,"column":39}},"27":{"start":{"line":171,"column":8},"end":{"line":171,"column":34}},"28":{"start":{"line":181,"column":8},"end":{"line":181,"column":76}},"29":{"start":{"line":183,"column":8},"end":{"line":183,"column":6010}},"30":{"start":{"line":184,"column":12},"end":{"line":184,"column":27}},"31":{"start":{"line":187,"column":8},"end":{"line":187,"column":6112}}},"branchMap":{"1":{"line":49,"type":"if","locations":[{"start":{"line":49,"column":8},"end":{"line":49,"column":8}},{"start":{"line":49,"column":8},"end":{"line":49,"column":8}}]},"2":{"line":57,"type":"if","locations":[{"start":{"line":57,"column":8},"end":{"line":57,"column":8}},{"start":{"line":57,"column":8},"end":{"line":57,"column":8}}]},"3":{"line":63,"type":"if","locations":[{"start":{"line":63,"column":8},"end":{"line":63,"column":8}},{"start":{"line":63,"column":8},"end":{"line":63,"column":8}}]},"4":{"line":76,"type":"if","locations":[{"start":{"line":76,"column":8},"end":{"line":76,"column":8}},{"start":{"line":76,"column":8},"end":{"line":76,"column":8}}]},"5":{"line":112,"type":"if","locations":[{"start":{"line":112,"column":8},"end":{"line":112,"column":8}},{"start":{"line":112,"column":8},"end":{"line":112,"column":8}}]},"6":{"line":114,"type":"if","locations":[{"start":{"line":114,"column":12},"end":{"line":114,"column":12}},{"start":{"line":114,"column":12},"end":{"line":114,"column":12}}]},"7":{"line":162,"type":"if","locations":[{"start":{"line":162,"column":8},"end":{"line":162,"column":8}},{"start":{"line":162,"column":8},"end":{"line":162,"column":8}}]},"8":{"line":163,"type":"if","locations":[{"start":{"line":163,"column":8},"end":{"line":163,"column":8}},{"start":{"line":163,"column":8},"end":{"line":163,"column":8}}]},"9":{"line":181,"type":"if","locations":[{"start":{"line":181,"column":8},"end":{"line":181,"column":8}},{"start":{"line":181,"column":8},"end":{"line":181,"column":8}}]},"10":{"line":183,"type":"if","locations":[{"start":{"line":183,"column":8},"end":{"line":183,"column":8}},{"start":{"line":183,"column":8},"end":{"line":183,"column":8}}]},"11":{"line":187,"type":"if","locations":[{"start":{"line":187,"column":8},"end":{"line":187,"column":8}},{"start":{"line":187,"column":8},"end":{"line":187,"column":8}}]}}}}