{"contracts/BancorFormula.sol":{"l":{"42":2,"46":2,"47":2,"48":2,"52":0,"53":0,"57":3,"58":3,"59":3,"94":2,"97":2,"98":0,"101":2,"102":0,"104":2,"105":2,"106":2,"107":2,"108":2,"109":2,"125":1,"128":1,"129":0,"132":1,"133":0,"136":1,"137":0,"139":1,"140":1,"141":1,"142":1,"143":1,"144":1,"145":1,"166":3,"168":3,"169":3,"170":3,"171":2,"174":1,"177":3,"178":3,"179":3,"182":0,"183":0,"192":1,"195":1,"196":1,"197":1,"198":1,"202":1,"203":1,"204":127,"205":127,"206":52,"207":52,"212":1,"219":1,"221":1,"223":0,"224":0,"225":0,"230":1,"231":8,"232":4,"233":4,"238":1,"242":0,"243":0,"251":0,"252":0,"254":0,"255":0,"256":0,"257":0,"259":0,"262":0,"263":0,"264":0,"265":0,"267":0,"268":0,"279":0,"280":0,"315":0,"324":2,"326":2,"327":2,"328":2,"330":2,"331":2,"332":2,"333":2,"334":2,"335":2,"336":2,"337":2,"339":2,"340":2,"348":2,"350":2,"359":3,"361":3,"362":3,"364":3,"384":3,"386":3,"387":3,"388":3,"389":3,"390":3,"391":3,"392":3,"394":3},"path":"/Users/hadar/workspace/GoodDollar/GoodBootstrap/packages/contracts/contracts/BancorFormula.sol","s":{"1":2,"2":2,"3":2,"4":2,"5":0,"6":0,"7":3,"8":3,"9":3,"10":2,"11":2,"12":0,"13":2,"14":0,"15":2,"16":2,"17":2,"18":2,"19":1,"20":1,"21":0,"22":1,"23":0,"24":1,"25":0,"26":1,"27":1,"28":1,"29":1,"30":1,"31":3,"32":3,"33":3,"34":2,"35":1,"36":3,"37":3,"38":3,"39":0,"40":0,"41":1,"42":1,"43":1,"44":1,"45":1,"46":1,"47":1,"48":127,"49":127,"50":52,"51":52,"52":1,"53":1,"54":1,"55":0,"56":0,"57":0,"58":1,"59":8,"60":4,"61":4,"62":1,"63":0,"64":0,"65":0,"66":0,"67":0,"68":0,"69":0,"70":0,"71":0,"72":0,"73":0,"74":0,"75":0,"76":0,"77":0,"78":0,"79":0,"80":0,"81":0,"82":0,"83":0,"84":0,"85":0,"86":0,"87":0,"88":0,"89":0,"90":0,"91":0,"92":0,"93":0,"94":0,"95":0,"96":0,"97":0,"98":0,"99":0,"100":0,"101":0,"102":0,"103":0,"104":0,"105":0,"106":0,"107":0,"108":0,"109":0,"110":0,"111":0,"112":0,"113":0,"114":0,"115":0,"116":0,"117":0,"118":0,"119":0,"120":0,"121":0,"122":0,"123":0,"124":0,"125":0,"126":0,"127":0,"128":0,"129":0,"130":0,"131":0,"132":0,"133":0,"134":0,"135":0,"136":0,"137":0,"138":0,"139":0,"140":0,"141":0,"142":0,"143":0,"144":0,"145":2,"146":2,"147":1,"148":1,"149":2,"150":0,"151":0,"152":2,"153":1,"154":1,"155":2,"156":1,"157":1,"158":2,"159":0,"160":0,"161":2,"162":0,"163":0,"164":2,"165":0,"166":0,"167":2,"168":1,"169":1,"170":2,"171":2,"172":2,"173":2,"174":2,"175":2,"176":2,"177":2,"178":2,"179":2,"180":2,"181":2,"182":2,"183":2,"184":2,"185":2,"186":2,"187":2,"188":3,"189":3,"190":3,"191":3,"192":3,"193":3,"194":3,"195":3,"196":3,"197":3,"198":3,"199":3,"200":3,"201":3,"202":3,"203":3,"204":3,"205":3,"206":3,"207":3,"208":3,"209":3,"210":3,"211":3,"212":3,"213":3,"214":3,"215":3,"216":3,"217":3,"218":3,"219":3,"220":3,"221":3,"222":3,"223":3,"224":3,"225":3,"226":3,"227":3,"228":3,"229":3,"230":1,"231":3,"232":0,"233":3,"234":0,"235":3,"236":0,"237":3,"238":0,"239":3,"240":0,"241":3,"242":0,"243":3},"b":{"1":[2,0],"2":[0,0],"3":[3,0],"4":[2,0],"5":[0,2],"6":[0,2],"7":[1,0],"8":[0,1],"9":[0,1],"10":[0,1],"11":[3,0],"12":[2,1],"13":[3,0],"14":[1,0],"15":[1,0],"16":[52,75],"17":[0,1],"18":[4,4],"19":[0,0],"20":[0,0],"21":[0,0],"22":[0,0],"23":[1,1],"24":[0,2],"25":[1,1],"26":[1,1],"27":[0,2],"28":[0,2],"29":[0,2],"30":[1,1],"31":[1,2],"32":[0,3],"33":[0,3],"34":[0,3],"35":[0,3],"36":[0,3],"37":[0,3]},"f":{"1":2,"2":2,"3":0,"4":3,"5":2,"6":1,"7":3,"8":1,"9":1,"10":0,"11":0,"12":0,"13":2,"14":3},"fnMap":{"1":{"name":"constructor","line":41,"loc":{"start":{"line":41,"column":4},"end":{"line":41,"column":34}}},"2":{"name":"safeAdd","line":45,"loc":{"start":{"line":45,"column":4},"end":{"line":45,"column":74}}},"3":{"name":"safeSub","line":51,"loc":{"start":{"line":51,"column":4},"end":{"line":51,"column":74}}},"4":{"name":"safeMul","line":56,"loc":{"start":{"line":56,"column":4},"end":{"line":56,"column":74}}},"5":{"name":"calculatePurchaseReturn","line":92,"loc":{"start":{"line":92,"column":4},"end":{"line":92,"column":157}}},"6":{"name":"calculateSaleReturn","line":123,"loc":{"start":{"line":123,"column":4},"end":{"line":123,"column":150}}},"7":{"name":"power","line":165,"loc":{"start":{"line":165,"column":4},"end":{"line":165,"column":115}}},"8":{"name":"generalLog","line":191,"loc":{"start":{"line":191,"column":4},"end":{"line":191,"column":64}}},"9":{"name":"floorLog2","line":218,"loc":{"start":{"line":218,"column":4},"end":{"line":218,"column":62}}},"10":{"name":"maxExpArraySearch","line":241,"loc":{"start":{"line":241,"column":4},"end":{"line":241,"column":71}}},"11":{"name":"findPositionInMaxExpArray","line":250,"loc":{"start":{"line":250,"column":4},"end":{"line":250,"column":78}}},"12":{"name":"generalExp","line":278,"loc":{"start":{"line":278,"column":4},"end":{"line":278,"column":83}}},"13":{"name":"optimalLog","line":323,"loc":{"start":{"line":323,"column":4},"end":{"line":323,"column":64}}},"14":{"name":"optimalExp","line":358,"loc":{"start":{"line":358,"column":4},"end":{"line":358,"column":64}}}},"statementMap":{"1":{"start":{"line":42,"column":8},"end":{"line":42,"column":32}},"2":{"start":{"line":46,"column":8},"end":{"line":46,"column":26}},"3":{"start":{"line":47,"column":8},"end":{"line":47,"column":22}},"4":{"start":{"line":48,"column":8},"end":{"line":48,"column":16}},"5":{"start":{"line":52,"column":8},"end":{"line":52,"column":23}},"6":{"start":{"line":53,"column":8},"end":{"line":53,"column":22}},"7":{"start":{"line":57,"column":8},"end":{"line":57,"column":26}},"8":{"start":{"line":58,"column":8},"end":{"line":58,"column":38}},"9":{"start":{"line":59,"column":8},"end":{"line":59,"column":16}},"10":{"start":{"line":94,"column":8},"end":{"line":94,"column":110}},"11":{"start":{"line":97,"column":8},"end":{"line":97,"column":3467}},"12":{"start":{"line":98,"column":12},"end":{"line":98,"column":20}},"13":{"start":{"line":101,"column":8},"end":{"line":101,"column":3619}},"14":{"start":{"line":102,"column":12},"end":{"line":102,"column":71}},"15":{"start":{"line":106,"column":8},"end":{"line":106,"column":65}},"16":{"start":{"line":107,"column":8},"end":{"line":107,"column":90}},"17":{"start":{"line":108,"column":8},"end":{"line":108,"column":59}},"18":{"start":{"line":109,"column":8},"end":{"line":109,"column":29}},"19":{"start":{"line":125,"column":8},"end":{"line":125,"column":136}},"20":{"start":{"line":128,"column":8},"end":{"line":128,"column":4981}},"21":{"start":{"line":129,"column":12},"end":{"line":129,"column":20}},"22":{"start":{"line":132,"column":8},"end":{"line":132,"column":5104}},"23":{"start":{"line":133,"column":12},"end":{"line":133,"column":36}},"24":{"start":{"line":136,"column":8},"end":{"line":136,"column":5256}},"25":{"start":{"line":137,"column":12},"end":{"line":137,"column":68}},"26":{"start":{"line":141,"column":8},"end":{"line":141,"column":44}},"27":{"start":{"line":142,"column":8},"end":{"line":142,"column":80}},"28":{"start":{"line":143,"column":8},"end":{"line":143,"column":57}},"29":{"start":{"line":144,"column":8},"end":{"line":144,"column":53}},"30":{"start":{"line":145,"column":8},"end":{"line":145,"column":39}},"31":{"start":{"line":166,"column":8},"end":{"line":166,"column":31}},"32":{"start":{"line":169,"column":8},"end":{"line":169,"column":47}},"33":{"start":{"line":170,"column":8},"end":{"line":170,"column":7293}},"34":{"start":{"line":171,"column":12},"end":{"line":171,"column":37}},"35":{"start":{"line":174,"column":12},"end":{"line":174,"column":37}},"36":{"start":{"line":177,"column":8},"end":{"line":177,"column":56}},"37":{"start":{"line":178,"column":8},"end":{"line":178,"column":7506}},"38":{"start":{"line":179,"column":12},"end":{"line":179,"column":63}},"39":{"start":{"line":182,"column":12},"end":{"line":182,"column":71}},"40":{"start":{"line":183,"column":12},"end":{"line":183,"column":101}},"41":{"start":{"line":192,"column":8},"end":{"line":192,"column":22}},"42":{"start":{"line":195,"column":8},"end":{"line":195,"column":8184}},"43":{"start":{"line":196,"column":12},"end":{"line":196,"column":47}},"44":{"start":{"line":197,"column":12},"end":{"line":197,"column":22}},"45":{"start":{"line":198,"column":12},"end":{"line":198,"column":32}},"46":{"start":{"line":202,"column":8},"end":{"line":202,"column":8437}},"47":{"start":{"line":203,"column":12},"end":{"line":203,"column":8472}},"48":{"start":{"line":204,"column":16},"end":{"line":204,"column":36}},"49":{"start":{"line":205,"column":16},"end":{"line":205,"column":8592}},"50":{"start":{"line":206,"column":20},"end":{"line":206,"column":26}},"51":{"start":{"line":207,"column":20},"end":{"line":207,"column":40}},"52":{"start":{"line":212,"column":8},"end":{"line":212,"column":52}},"53":{"start":{"line":219,"column":8},"end":{"line":219,"column":20}},"54":{"start":{"line":221,"column":8},"end":{"line":221,"column":9007}},"55":{"start":{"line":223,"column":12},"end":{"line":223,"column":9075}},"56":{"start":{"line":224,"column":16},"end":{"line":224,"column":23}},"57":{"start":{"line":225,"column":16},"end":{"line":225,"column":23}},"58":{"start":{"line":230,"column":12},"end":{"line":230,"column":9231}},"59":{"start":{"line":231,"column":16},"end":{"line":231,"column":9289}},"60":{"start":{"line":232,"column":20},"end":{"line":232,"column":27}},"61":{"start":{"line":233,"column":20},"end":{"line":233,"column":27}},"62":{"start":{"line":238,"column":8},"end":{"line":238,"column":18}},"63":{"start":{"line":242,"column":8},"end":{"line":242,"column":49}},"64":{"start":{"line":243,"column":8},"end":{"line":243,"column":20}},"65":{"start":{"line":251,"column":8},"end":{"line":251,"column":31}},"66":{"start":{"line":252,"column":8},"end":{"line":252,"column":31}},"67":{"start":{"line":254,"column":8},"end":{"line":254,"column":10106}},"68":{"start":{"line":255,"column":12},"end":{"line":255,"column":36}},"69":{"start":{"line":256,"column":12},"end":{"line":256,"column":10195}},"70":{"start":{"line":257,"column":16},"end":{"line":257,"column":23}},"71":{"start":{"line":259,"column":16},"end":{"line":259,"column":23}},"72":{"start":{"line":262,"column":8},"end":{"line":262,"column":10314}},"73":{"start":{"line":263,"column":12},"end":{"line":263,"column":21}},"74":{"start":{"line":264,"column":8},"end":{"line":264,"column":10378}},"75":{"start":{"line":265,"column":12},"end":{"line":265,"column":21}},"76":{"start":{"line":267,"column":8},"end":{"line":267,"column":20}},"77":{"start":{"line":268,"column":8},"end":{"line":268,"column":16}},"78":{"start":{"line":279,"column":8},"end":{"line":279,"column":22}},"79":{"start":{"line":280,"column":8},"end":{"line":280,"column":22}},"80":{"start":{"line":282,"column":8},"end":{"line":282,"column":35}},"81":{"start":{"line":282,"column":38},"end":{"line":282,"column":82}},"82":{"start":{"line":283,"column":8},"end":{"line":283,"column":35}},"83":{"start":{"line":283,"column":38},"end":{"line":283,"column":82}},"84":{"start":{"line":284,"column":8},"end":{"line":284,"column":35}},"85":{"start":{"line":284,"column":38},"end":{"line":284,"column":82}},"86":{"start":{"line":285,"column":8},"end":{"line":285,"column":35}},"87":{"start":{"line":285,"column":38},"end":{"line":285,"column":82}},"88":{"start":{"line":286,"column":8},"end":{"line":286,"column":35}},"89":{"start":{"line":286,"column":38},"end":{"line":286,"column":82}},"90":{"start":{"line":287,"column":8},"end":{"line":287,"column":35}},"91":{"start":{"line":287,"column":38},"end":{"line":287,"column":82}},"92":{"start":{"line":288,"column":8},"end":{"line":288,"column":35}},"93":{"start":{"line":288,"column":38},"end":{"line":288,"column":82}},"94":{"start":{"line":289,"column":8},"end":{"line":289,"column":35}},"95":{"start":{"line":289,"column":38},"end":{"line":289,"column":82}},"96":{"start":{"line":290,"column":8},"end":{"line":290,"column":35}},"97":{"start":{"line":290,"column":38},"end":{"line":290,"column":82}},"98":{"start":{"line":291,"column":8},"end":{"line":291,"column":35}},"99":{"start":{"line":291,"column":38},"end":{"line":291,"column":82}},"100":{"start":{"line":292,"column":8},"end":{"line":292,"column":35}},"101":{"start":{"line":292,"column":38},"end":{"line":292,"column":82}},"102":{"start":{"line":293,"column":8},"end":{"line":293,"column":35}},"103":{"start":{"line":293,"column":38},"end":{"line":293,"column":82}},"104":{"start":{"line":294,"column":8},"end":{"line":294,"column":35}},"105":{"start":{"line":294,"column":38},"end":{"line":294,"column":82}},"106":{"start":{"line":295,"column":8},"end":{"line":295,"column":35}},"107":{"start":{"line":295,"column":38},"end":{"line":295,"column":82}},"108":{"start":{"line":296,"column":8},"end":{"line":296,"column":35}},"109":{"start":{"line":296,"column":38},"end":{"line":296,"column":82}},"110":{"start":{"line":297,"column":8},"end":{"line":297,"column":35}},"111":{"start":{"line":297,"column":38},"end":{"line":297,"column":82}},"112":{"start":{"line":298,"column":8},"end":{"line":298,"column":35}},"113":{"start":{"line":298,"column":38},"end":{"line":298,"column":82}},"114":{"start":{"line":299,"column":8},"end":{"line":299,"column":35}},"115":{"start":{"line":299,"column":38},"end":{"line":299,"column":82}},"116":{"start":{"line":300,"column":8},"end":{"line":300,"column":35}},"117":{"start":{"line":300,"column":38},"end":{"line":300,"column":82}},"118":{"start":{"line":301,"column":8},"end":{"line":301,"column":35}},"119":{"start":{"line":301,"column":38},"end":{"line":301,"column":82}},"120":{"start":{"line":302,"column":8},"end":{"line":302,"column":35}},"121":{"start":{"line":302,"column":38},"end":{"line":302,"column":82}},"122":{"start":{"line":303,"column":8},"end":{"line":303,"column":35}},"123":{"start":{"line":303,"column":38},"end":{"line":303,"column":82}},"124":{"start":{"line":304,"column":8},"end":{"line":304,"column":35}},"125":{"start":{"line":304,"column":38},"end":{"line":304,"column":82}},"126":{"start":{"line":305,"column":8},"end":{"line":305,"column":35}},"127":{"start":{"line":305,"column":38},"end":{"line":305,"column":82}},"128":{"start":{"line":306,"column":8},"end":{"line":306,"column":35}},"129":{"start":{"line":306,"column":38},"end":{"line":306,"column":82}},"130":{"start":{"line":307,"column":8},"end":{"line":307,"column":35}},"131":{"start":{"line":307,"column":38},"end":{"line":307,"column":82}},"132":{"start":{"line":308,"column":8},"end":{"line":308,"column":35}},"133":{"start":{"line":308,"column":38},"end":{"line":308,"column":82}},"134":{"start":{"line":309,"column":8},"end":{"line":309,"column":35}},"135":{"start":{"line":309,"column":38},"end":{"line":309,"column":82}},"136":{"start":{"line":310,"column":8},"end":{"line":310,"column":35}},"137":{"start":{"line":310,"column":38},"end":{"line":310,"column":82}},"138":{"start":{"line":311,"column":8},"end":{"line":311,"column":35}},"139":{"start":{"line":311,"column":38},"end":{"line":311,"column":82}},"140":{"start":{"line":312,"column":8},"end":{"line":312,"column":35}},"141":{"start":{"line":312,"column":38},"end":{"line":312,"column":82}},"142":{"start":{"line":313,"column":8},"end":{"line":313,"column":35}},"143":{"start":{"line":313,"column":38},"end":{"line":313,"column":82}},"144":{"start":{"line":315,"column":8},"end":{"line":315,"column":81}},"145":{"start":{"line":324,"column":8},"end":{"line":324,"column":22}},"146":{"start":{"line":330,"column":8},"end":{"line":330,"column":150}},"147":{"start":{"line":330,"column":54},"end":{"line":330,"column":94}},"148":{"start":{"line":330,"column":97},"end":{"line":330,"column":148}},"149":{"start":{"line":331,"column":8},"end":{"line":331,"column":150}},"150":{"start":{"line":331,"column":54},"end":{"line":331,"column":94}},"151":{"start":{"line":331,"column":97},"end":{"line":331,"column":148}},"152":{"start":{"line":332,"column":8},"end":{"line":332,"column":150}},"153":{"start":{"line":332,"column":54},"end":{"line":332,"column":94}},"154":{"start":{"line":332,"column":97},"end":{"line":332,"column":148}},"155":{"start":{"line":333,"column":8},"end":{"line":333,"column":150}},"156":{"start":{"line":333,"column":54},"end":{"line":333,"column":94}},"157":{"start":{"line":333,"column":97},"end":{"line":333,"column":148}},"158":{"start":{"line":334,"column":8},"end":{"line":334,"column":150}},"159":{"start":{"line":334,"column":54},"end":{"line":334,"column":94}},"160":{"start":{"line":334,"column":97},"end":{"line":334,"column":148}},"161":{"start":{"line":335,"column":8},"end":{"line":335,"column":150}},"162":{"start":{"line":335,"column":54},"end":{"line":335,"column":94}},"163":{"start":{"line":335,"column":97},"end":{"line":335,"column":148}},"164":{"start":{"line":336,"column":8},"end":{"line":336,"column":150}},"165":{"start":{"line":336,"column":54},"end":{"line":336,"column":94}},"166":{"start":{"line":336,"column":97},"end":{"line":336,"column":148}},"167":{"start":{"line":337,"column":8},"end":{"line":337,"column":150}},"168":{"start":{"line":337,"column":54},"end":{"line":337,"column":94}},"169":{"start":{"line":337,"column":97},"end":{"line":337,"column":148}},"170":{"start":{"line":339,"column":8},"end":{"line":339,"column":26}},"171":{"start":{"line":340,"column":8},"end":{"line":340,"column":26}},"172":{"start":{"line":341,"column":8},"end":{"line":341,"column":97}},"173":{"start":{"line":341,"column":100},"end":{"line":341,"column":118}},"174":{"start":{"line":342,"column":8},"end":{"line":342,"column":97}},"175":{"start":{"line":342,"column":100},"end":{"line":342,"column":118}},"176":{"start":{"line":343,"column":8},"end":{"line":343,"column":97}},"177":{"start":{"line":343,"column":100},"end":{"line":343,"column":118}},"178":{"start":{"line":344,"column":8},"end":{"line":344,"column":97}},"179":{"start":{"line":344,"column":100},"end":{"line":344,"column":118}},"180":{"start":{"line":345,"column":8},"end":{"line":345,"column":97}},"181":{"start":{"line":345,"column":100},"end":{"line":345,"column":118}},"182":{"start":{"line":346,"column":8},"end":{"line":346,"column":97}},"183":{"start":{"line":346,"column":100},"end":{"line":346,"column":118}},"184":{"start":{"line":347,"column":8},"end":{"line":347,"column":97}},"185":{"start":{"line":347,"column":100},"end":{"line":347,"column":118}},"186":{"start":{"line":348,"column":8},"end":{"line":348,"column":97}},"187":{"start":{"line":350,"column":8},"end":{"line":350,"column":18}},"188":{"start":{"line":359,"column":8},"end":{"line":359,"column":22}},"189":{"start":{"line":364,"column":8},"end":{"line":364,"column":53}},"190":{"start":{"line":365,"column":8},"end":{"line":365,"column":26}},"191":{"start":{"line":365,"column":29},"end":{"line":365,"column":57}},"192":{"start":{"line":366,"column":8},"end":{"line":366,"column":26}},"193":{"start":{"line":366,"column":29},"end":{"line":366,"column":57}},"194":{"start":{"line":367,"column":8},"end":{"line":367,"column":26}},"195":{"start":{"line":367,"column":29},"end":{"line":367,"column":57}},"196":{"start":{"line":368,"column":8},"end":{"line":368,"column":26}},"197":{"start":{"line":368,"column":29},"end":{"line":368,"column":57}},"198":{"start":{"line":369,"column":8},"end":{"line":369,"column":26}},"199":{"start":{"line":369,"column":29},"end":{"line":369,"column":57}},"200":{"start":{"line":370,"column":8},"end":{"line":370,"column":26}},"201":{"start":{"line":370,"column":29},"end":{"line":370,"column":57}},"202":{"start":{"line":371,"column":8},"end":{"line":371,"column":26}},"203":{"start":{"line":371,"column":29},"end":{"line":371,"column":57}},"204":{"start":{"line":372,"column":8},"end":{"line":372,"column":26}},"205":{"start":{"line":372,"column":29},"end":{"line":372,"column":57}},"206":{"start":{"line":373,"column":8},"end":{"line":373,"column":26}},"207":{"start":{"line":373,"column":29},"end":{"line":373,"column":57}},"208":{"start":{"line":374,"column":8},"end":{"line":374,"column":26}},"209":{"start":{"line":374,"column":29},"end":{"line":374,"column":57}},"210":{"start":{"line":375,"column":8},"end":{"line":375,"column":26}},"211":{"start":{"line":375,"column":29},"end":{"line":375,"column":57}},"212":{"start":{"line":376,"column":8},"end":{"line":376,"column":26}},"213":{"start":{"line":376,"column":29},"end":{"line":376,"column":57}},"214":{"start":{"line":377,"column":8},"end":{"line":377,"column":26}},"215":{"start":{"line":377,"column":29},"end":{"line":377,"column":57}},"216":{"start":{"line":378,"column":8},"end":{"line":378,"column":26}},"217":{"start":{"line":378,"column":29},"end":{"line":378,"column":57}},"218":{"start":{"line":379,"column":8},"end":{"line":379,"column":26}},"219":{"start":{"line":379,"column":29},"end":{"line":379,"column":57}},"220":{"start":{"line":380,"column":8},"end":{"line":380,"column":26}},"221":{"start":{"line":380,"column":29},"end":{"line":380,"column":57}},"222":{"start":{"line":381,"column":8},"end":{"line":381,"column":26}},"223":{"start":{"line":381,"column":29},"end":{"line":381,"column":57}},"224":{"start":{"line":382,"column":8},"end":{"line":382,"column":26}},"225":{"start":{"line":382,"column":29},"end":{"line":382,"column":57}},"226":{"start":{"line":383,"column":8},"end":{"line":383,"column":26}},"227":{"start":{"line":383,"column":29},"end":{"line":383,"column":57}},"228":{"start":{"line":384,"column":8},"end":{"line":384,"column":51}},"229":{"start":{"line":386,"column":8},"end":{"line":386,"column":145}},"230":{"start":{"line":386,"column":60},"end":{"line":386,"column":144}},"231":{"start":{"line":387,"column":8},"end":{"line":387,"column":145}},"232":{"start":{"line":387,"column":60},"end":{"line":387,"column":144}},"233":{"start":{"line":388,"column":8},"end":{"line":388,"column":145}},"234":{"start":{"line":388,"column":60},"end":{"line":388,"column":144}},"235":{"start":{"line":389,"column":8},"end":{"line":389,"column":145}},"236":{"start":{"line":389,"column":60},"end":{"line":389,"column":144}},"237":{"start":{"line":390,"column":8},"end":{"line":390,"column":145}},"238":{"start":{"line":390,"column":60},"end":{"line":390,"column":144}},"239":{"start":{"line":391,"column":8},"end":{"line":391,"column":145}},"240":{"start":{"line":391,"column":60},"end":{"line":391,"column":144}},"241":{"start":{"line":392,"column":8},"end":{"line":392,"column":145}},"242":{"start":{"line":392,"column":60},"end":{"line":392,"column":144}},"243":{"start":{"line":394,"column":8},"end":{"line":394,"column":18}}},"branchMap":{"1":{"line":47,"type":"if","locations":[{"start":{"line":47,"column":8},"end":{"line":47,"column":8}},{"start":{"line":47,"column":8},"end":{"line":47,"column":8}}]},"2":{"line":52,"type":"if","locations":[{"start":{"line":52,"column":8},"end":{"line":52,"column":8}},{"start":{"line":52,"column":8},"end":{"line":52,"column":8}}]},"3":{"line":58,"type":"if","locations":[{"start":{"line":58,"column":8},"end":{"line":58,"column":8}},{"start":{"line":58,"column":8},"end":{"line":58,"column":8}}]},"4":{"line":94,"type":"if","locations":[{"start":{"line":94,"column":8},"end":{"line":94,"column":8}},{"start":{"line":94,"column":8},"end":{"line":94,"column":8}}]},"5":{"line":97,"type":"if","locations":[{"start":{"line":97,"column":8},"end":{"line":97,"column":8}},{"start":{"line":97,"column":8},"end":{"line":97,"column":8}}]},"6":{"line":101,"type":"if","locations":[{"start":{"line":101,"column":8},"end":{"line":101,"column":8}},{"start":{"line":101,"column":8},"end":{"line":101,"column":8}}]},"7":{"line":125,"type":"if","locations":[{"start":{"line":125,"column":8},"end":{"line":125,"column":8}},{"start":{"line":125,"column":8},"end":{"line":125,"column":8}}]},"8":{"line":128,"type":"if","locations":[{"start":{"line":128,"column":8},"end":{"line":128,"column":8}},{"start":{"line":128,"column":8},"end":{"line":128,"column":8}}]},"9":{"line":132,"type":"if","locations":[{"start":{"line":132,"column":8},"end":{"line":132,"column":8}},{"start":{"line":132,"column":8},"end":{"line":132,"column":8}}]},"10":{"line":136,"type":"if","locations":[{"start":{"line":136,"column":8},"end":{"line":136,"column":8}},{"start":{"line":136,"column":8},"end":{"line":136,"column":8}}]},"11":{"line":166,"type":"if","locations":[{"start":{"line":166,"column":8},"end":{"line":166,"column":8}},{"start":{"line":166,"column":8},"end":{"line":166,"column":8}}]},"12":{"line":170,"type":"if","locations":[{"start":{"line":170,"column":8},"end":{"line":170,"column":8}},{"start":{"line":170,"column":8},"end":{"line":170,"column":8}}]},"13":{"line":178,"type":"if","locations":[{"start":{"line":178,"column":8},"end":{"line":178,"column":8}},{"start":{"line":178,"column":8},"end":{"line":178,"column":8}}]},"14":{"line":195,"type":"if","locations":[{"start":{"line":195,"column":8},"end":{"line":195,"column":8}},{"start":{"line":195,"column":8},"end":{"line":195,"column":8}}]},"15":{"line":202,"type":"if","locations":[{"start":{"line":202,"column":8},"end":{"line":202,"column":8}},{"start":{"line":202,"column":8},"end":{"line":202,"column":8}}]},"16":{"line":205,"type":"if","locations":[{"start":{"line":205,"column":16},"end":{"line":205,"column":16}},{"start":{"line":205,"column":16},"end":{"line":205,"column":16}}]},"17":{"line":221,"type":"if","locations":[{"start":{"line":221,"column":8},"end":{"line":221,"column":8}},{"start":{"line":221,"column":8},"end":{"line":221,"column":8}}]},"18":{"line":231,"type":"if","locations":[{"start":{"line":231,"column":16},"end":{"line":231,"column":16}},{"start":{"line":231,"column":16},"end":{"line":231,"column":16}}]},"19":{"line":256,"type":"if","locations":[{"start":{"line":256,"column":12},"end":{"line":256,"column":12}},{"start":{"line":256,"column":12},"end":{"line":256,"column":12}}]},"20":{"line":262,"type":"if","locations":[{"start":{"line":262,"column":8},"end":{"line":262,"column":8}},{"start":{"line":262,"column":8},"end":{"line":262,"column":8}}]},"21":{"line":264,"type":"if","locations":[{"start":{"line":264,"column":8},"end":{"line":264,"column":8}},{"start":{"line":264,"column":8},"end":{"line":264,"column":8}}]},"22":{"line":267,"type":"if","locations":[{"start":{"line":267,"column":8},"end":{"line":267,"column":8}},{"start":{"line":267,"column":8},"end":{"line":267,"column":8}}]},"23":{"line":330,"type":"if","locations":[{"start":{"line":330,"column":8},"end":{"line":330,"column":8}},{"start":{"line":330,"column":8},"end":{"line":330,"column":8}}]},"24":{"line":331,"type":"if","locations":[{"start":{"line":331,"column":8},"end":{"line":331,"column":8}},{"start":{"line":331,"column":8},"end":{"line":331,"column":8}}]},"25":{"line":332,"type":"if","locations":[{"start":{"line":332,"column":8},"end":{"line":332,"column":8}},{"start":{"line":332,"column":8},"end":{"line":332,"column":8}}]},"26":{"line":333,"type":"if","locations":[{"start":{"line":333,"column":8},"end":{"line":333,"column":8}},{"start":{"line":333,"column":8},"end":{"line":333,"column":8}}]},"27":{"line":334,"type":"if","locations":[{"start":{"line":334,"column":8},"end":{"line":334,"column":8}},{"start":{"line":334,"column":8},"end":{"line":334,"column":8}}]},"28":{"line":335,"type":"if","locations":[{"start":{"line":335,"column":8},"end":{"line":335,"column":8}},{"start":{"line":335,"column":8},"end":{"line":335,"column":8}}]},"29":{"line":336,"type":"if","locations":[{"start":{"line":336,"column":8},"end":{"line":336,"column":8}},{"start":{"line":336,"column":8},"end":{"line":336,"column":8}}]},"30":{"line":337,"type":"if","locations":[{"start":{"line":337,"column":8},"end":{"line":337,"column":8}},{"start":{"line":337,"column":8},"end":{"line":337,"column":8}}]},"31":{"line":386,"type":"if","locations":[{"start":{"line":386,"column":8},"end":{"line":386,"column":8}},{"start":{"line":386,"column":8},"end":{"line":386,"column":8}}]},"32":{"line":387,"type":"if","locations":[{"start":{"line":387,"column":8},"end":{"line":387,"column":8}},{"start":{"line":387,"column":8},"end":{"line":387,"column":8}}]},"33":{"line":388,"type":"if","locations":[{"start":{"line":388,"column":8},"end":{"line":388,"column":8}},{"start":{"line":388,"column":8},"end":{"line":388,"column":8}}]},"34":{"line":389,"type":"if","locations":[{"start":{"line":389,"column":8},"end":{"line":389,"column":8}},{"start":{"line":389,"column":8},"end":{"line":389,"column":8}}]},"35":{"line":390,"type":"if","locations":[{"start":{"line":390,"column":8},"end":{"line":390,"column":8}},{"start":{"line":390,"column":8},"end":{"line":390,"column":8}}]},"36":{"line":391,"type":"if","locations":[{"start":{"line":391,"column":8},"end":{"line":391,"column":8}},{"start":{"line":391,"column":8},"end":{"line":391,"column":8}}]},"37":{"line":392,"type":"if","locations":[{"start":{"line":392,"column":8},"end":{"line":392,"column":8}},{"start":{"line":392,"column":8},"end":{"line":392,"column":8}}]}}},"contracts/ExpArray.sol":{"l":{"6":2,"7":2,"8":2,"9":2,"10":2,"11":2,"12":2,"13":2,"14":2,"15":2,"16":2,"17":2,"18":2,"19":2,"20":2,"21":2,"22":2,"23":2,"24":2,"25":2,"26":2,"27":2,"28":2,"29":2,"30":2,"31":2,"32":2,"33":2,"34":2,"35":2,"36":2,"37":2,"38":2,"39":2,"40":2,"41":2,"42":2,"43":2,"44":2,"45":2,"46":2,"47":2,"48":2,"49":2,"50":2,"51":2,"55":0},"path":"/Users/hadar/workspace/GoodDollar/GoodBootstrap/packages/contracts/contracts/ExpArray.sol","s":{"1":2,"2":2,"3":2,"4":2,"5":2,"6":2,"7":2,"8":2,"9":2,"10":2,"11":2,"12":2,"13":2,"14":2,"15":2,"16":2,"17":2,"18":2,"19":2,"20":2,"21":2,"22":2,"23":2,"24":2,"25":2,"26":2,"27":2,"28":2,"29":2,"30":2,"31":2,"32":2,"33":2,"34":2,"35":2,"36":2,"37":2,"38":2,"39":2,"40":2,"41":2,"42":2,"43":2,"44":2,"45":2,"46":2,"47":0},"b":{},"f":{"1":2,"2":0},"fnMap":{"1":{"name":"constructor","line":5,"loc":{"start":{"line":5,"column":4},"end":{"line":5,"column":22}}},"2":{"name":"searchArray","line":54,"loc":{"start":{"line":54,"column":4},"end":{"line":54,"column":63}}}},"statementMap":{"1":{"start":{"line":6,"column":8},"end":{"line":6,"column":62}},"2":{"start":{"line":7,"column":8},"end":{"line":7,"column":62}},"3":{"start":{"line":8,"column":8},"end":{"line":8,"column":62}},"4":{"start":{"line":9,"column":8},"end":{"line":9,"column":62}},"5":{"start":{"line":10,"column":8},"end":{"line":10,"column":62}},"6":{"start":{"line":11,"column":8},"end":{"line":11,"column":62}},"7":{"start":{"line":12,"column":8},"end":{"line":12,"column":62}},"8":{"start":{"line":13,"column":8},"end":{"line":13,"column":62}},"9":{"start":{"line":14,"column":8},"end":{"line":14,"column":62}},"10":{"start":{"line":15,"column":8},"end":{"line":15,"column":62}},"11":{"start":{"line":16,"column":8},"end":{"line":16,"column":62}},"12":{"start":{"line":17,"column":8},"end":{"line":17,"column":62}},"13":{"start":{"line":18,"column":8},"end":{"line":18,"column":62}},"14":{"start":{"line":19,"column":8},"end":{"line":19,"column":62}},"15":{"start":{"line":20,"column":8},"end":{"line":20,"column":62}},"16":{"start":{"line":21,"column":8},"end":{"line":21,"column":62}},"17":{"start":{"line":22,"column":8},"end":{"line":22,"column":62}},"18":{"start":{"line":23,"column":8},"end":{"line":23,"column":62}},"19":{"start":{"line":24,"column":8},"end":{"line":24,"column":62}},"20":{"start":{"line":25,"column":8},"end":{"line":25,"column":62}},"21":{"start":{"line":26,"column":8},"end":{"line":26,"column":62}},"22":{"start":{"line":27,"column":8},"end":{"line":27,"column":62}},"23":{"start":{"line":28,"column":8},"end":{"line":28,"column":62}},"24":{"start":{"line":29,"column":8},"end":{"line":29,"column":62}},"25":{"start":{"line":30,"column":8},"end":{"line":30,"column":62}},"26":{"start":{"line":31,"column":8},"end":{"line":31,"column":62}},"27":{"start":{"line":32,"column":8},"end":{"line":32,"column":62}},"28":{"start":{"line":33,"column":8},"end":{"line":33,"column":62}},"29":{"start":{"line":34,"column":8},"end":{"line":34,"column":62}},"30":{"start":{"line":35,"column":8},"end":{"line":35,"column":62}},"31":{"start":{"line":36,"column":8},"end":{"line":36,"column":62}},"32":{"start":{"line":37,"column":8},"end":{"line":37,"column":62}},"33":{"start":{"line":38,"column":8},"end":{"line":38,"column":62}},"34":{"start":{"line":39,"column":8},"end":{"line":39,"column":62}},"35":{"start":{"line":40,"column":8},"end":{"line":40,"column":62}},"36":{"start":{"line":41,"column":8},"end":{"line":41,"column":62}},"37":{"start":{"line":42,"column":8},"end":{"line":42,"column":62}},"38":{"start":{"line":43,"column":8},"end":{"line":43,"column":62}},"39":{"start":{"line":44,"column":8},"end":{"line":44,"column":62}},"40":{"start":{"line":45,"column":8},"end":{"line":45,"column":62}},"41":{"start":{"line":46,"column":8},"end":{"line":46,"column":62}},"42":{"start":{"line":47,"column":8},"end":{"line":47,"column":62}},"43":{"start":{"line":48,"column":8},"end":{"line":48,"column":62}},"44":{"start":{"line":49,"column":8},"end":{"line":49,"column":62}},"45":{"start":{"line":50,"column":8},"end":{"line":50,"column":62}},"46":{"start":{"line":51,"column":8},"end":{"line":51,"column":62}},"47":{"start":{"line":55,"column":8},"end":{"line":55,"column":32}}},"branchMap":{}},"contracts/GoodDollar.sol":{"l":{"20":1,"21":1,"35":2,"36":0,"48":1,"49":1,"51":1,"53":1,"54":1,"56":1,"61":1,"70":8,"71":4,"72":4,"89":1,"90":1,"91":1,"96":1,"97":1,"98":1,"99":1,"106":10,"107":10,"108":6,"109":6,"110":6,"111":6,"112":6,"113":6},"path":"/Users/hadar/workspace/GoodDollar/GoodBootstrap/packages/contracts/contracts/GoodDollar.sol","s":{"1":1,"2":2,"3":0,"4":1,"5":1,"6":1,"7":1,"8":1,"9":1,"10":1,"11":8,"12":4,"13":1,"14":1,"15":1,"16":1,"17":1,"18":1,"19":1,"20":10,"21":0,"22":10,"23":6,"24":6,"25":6,"26":2,"27":6,"28":1,"29":6,"30":6},"b":{"1":[1,0],"2":[1,0],"3":[1,0],"4":[0,10],"5":[6,0],"6":[2,4],"7":[1,5]},"f":{"1":1,"2":2,"3":1,"4":1,"5":8,"6":1,"7":1,"8":10},"fnMap":{"1":{"name":"canPopulate","line":19,"loc":{"start":{"line":19,"column":4},"end":{"line":19,"column":24}}},"2":{"name":"constructor","line":24,"loc":{"start":{"line":24,"column":4},"end":{"line":34,"column":5}}},"3":{"name":"initialMove","line":41,"loc":{"start":{"line":41,"column":4},"end":{"line":41,"column":92}}},"4":{"name":"setMonetaryPolicy","line":59,"loc":{"start":{"line":59,"column":4},"end":{"line":60,"column":5}}},"5":{"name":"transfer","line":69,"loc":{"start":{"line":69,"column":4},"end":{"line":69,"column":68}}},"6":{"name":"transferFrom","line":81,"loc":{"start":{"line":81,"column":4},"end":{"line":88,"column":5}}},"7":{"name":"transferAndCall","line":94,"loc":{"start":{"line":94,"column":4},"end":{"line":95,"column":5}}},"8":{"name":"_processTX","line":105,"loc":{"start":{"line":105,"column":4},"end":{"line":105,"column":89}}}},"statementMap":{"1":{"start":{"line":20,"column":8},"end":{"line":20,"column":65}},"2":{"start":{"line":35,"column":8},"end":{"line":35,"column":870}},"3":{"start":{"line":36,"column":8},"end":{"line":36,"column":28}},"4":{"start":{"line":48,"column":8},"end":{"line":48,"column":46}},"5":{"start":{"line":49,"column":8},"end":{"line":49,"column":47}},"6":{"start":{"line":51,"column":8},"end":{"line":51,"column":25}},"7":{"start":{"line":53,"column":8},"end":{"line":53,"column":29}},"8":{"start":{"line":54,"column":8},"end":{"line":54,"column":30}},"9":{"start":{"line":56,"column":8},"end":{"line":56,"column":19}},"10":{"start":{"line":61,"column":8},"end":{"line":61,"column":25}},"11":{"start":{"line":70,"column":8},"end":{"line":70,"column":59}},"12":{"start":{"line":72,"column":8},"end":{"line":72,"column":19}},"13":{"start":{"line":89,"column":8},"end":{"line":89,"column":81}},"14":{"start":{"line":90,"column":8},"end":{"line":90,"column":53}},"15":{"start":{"line":91,"column":8},"end":{"line":91,"column":53}},"16":{"start":{"line":96,"column":8},"end":{"line":96,"column":61}},"17":{"start":{"line":97,"column":8},"end":{"line":97,"column":54}},"18":{"start":{"line":98,"column":8},"end":{"line":98,"column":46}},"19":{"start":{"line":99,"column":8},"end":{"line":99,"column":18}},"20":{"start":{"line":106,"column":8},"end":{"line":106,"column":56}},"21":{"start":{"line":106,"column":44},"end":{"line":106,"column":56}},"22":{"start":{"line":107,"column":8},"end":{"line":107,"column":73}},"23":{"start":{"line":108,"column":8},"end":{"line":108,"column":44}},"24":{"start":{"line":109,"column":8},"end":{"line":109,"column":91}},"25":{"start":{"line":110,"column":8},"end":{"line":110,"column":68}},"26":{"start":{"line":110,"column":24},"end":{"line":110,"column":67}},"27":{"start":{"line":111,"column":8},"end":{"line":111,"column":52}},"28":{"start":{"line":111,"column":21},"end":{"line":111,"column":51}},"29":{"start":{"line":112,"column":8},"end":{"line":112,"column":42}},"30":{"start":{"line":113,"column":8},"end":{"line":113,"column":20}}},"branchMap":{"1":{"line":20,"type":"if","locations":[{"start":{"line":20,"column":8},"end":{"line":20,"column":8}},{"start":{"line":20,"column":8},"end":{"line":20,"column":8}}]},"2":{"line":89,"type":"if","locations":[{"start":{"line":89,"column":8},"end":{"line":89,"column":8}},{"start":{"line":89,"column":8},"end":{"line":89,"column":8}}]},"3":{"line":98,"type":"if","locations":[{"start":{"line":98,"column":8},"end":{"line":98,"column":8}},{"start":{"line":98,"column":8},"end":{"line":98,"column":8}}]},"4":{"line":106,"type":"if","locations":[{"start":{"line":106,"column":8},"end":{"line":106,"column":8}},{"start":{"line":106,"column":8},"end":{"line":106,"column":8}}]},"5":{"line":109,"type":"if","locations":[{"start":{"line":109,"column":8},"end":{"line":109,"column":8}},{"start":{"line":109,"column":8},"end":{"line":109,"column":8}}]},"6":{"line":110,"type":"if","locations":[{"start":{"line":110,"column":8},"end":{"line":110,"column":8}},{"start":{"line":110,"column":8},"end":{"line":110,"column":8}}]},"7":{"line":111,"type":"if","locations":[{"start":{"line":111,"column":8},"end":{"line":111,"column":8}},{"start":{"line":111,"column":8},"end":{"line":111,"column":8}}]}}},"contracts/GoodDollarReserve.sol":{"l":{"38":2,"39":2,"40":2,"41":2,"42":2,"46":1,"47":1,"51":14,"52":14,"56":2,"60":10,"61":2,"63":8,"64":4,"69":5,"73":1,"80":1,"84":1,"91":1,"95":1,"96":1,"108":1,"110":1,"114":0,"115":0,"122":0,"123":0,"125":0,"129":11,"136":3,"138":3},"path":"/Users/hadar/workspace/GoodDollar/GoodBootstrap/packages/contracts/contracts/GoodDollarReserve.sol","s":{"1":2,"2":2,"3":2,"4":2,"5":2,"6":1,"7":1,"8":14,"9":14,"10":2,"11":10,"12":2,"13":8,"14":4,"15":5,"16":1,"17":1,"18":1,"19":1,"20":1,"21":1,"22":1,"23":0,"24":0,"25":0,"26":11,"27":3},"b":{"1":[2,8],"2":[4,4],"3":[1,0],"4":[0,0]},"f":{"1":2,"2":1,"3":14,"4":2,"5":10,"6":5,"7":1,"8":1,"9":1,"10":0,"11":11,"12":3},"fnMap":{"1":{"name":"constructor","line":37,"loc":{"start":{"line":37,"column":2},"end":{"line":37,"column":132}}},"2":{"name":"setFees","line":45,"loc":{"start":{"line":45,"column":2},"end":{"line":45,"column":66}}},"3":{"name":"calcFees","line":50,"loc":{"start":{"line":50,"column":2},"end":{"line":50,"column":76}}},"4":{"name":"setExcludeFromPolicy","line":55,"loc":{"start":{"line":55,"column":2},"end":{"line":55,"column":75}}},"5":{"name":"processTX","line":59,"loc":{"start":{"line":59,"column":2},"end":{"line":59,"column":105}}},"6":{"name":"poolBalance","line":68,"loc":{"start":{"line":68,"column":2},"end":{"line":68,"column":53}}},"7":{"name":"calculateAmountPurchased","line":72,"loc":{"start":{"line":72,"column":2},"end":{"line":72,"column":78}}},"8":{"name":"calculatePriceForSale","line":83,"loc":{"start":{"line":83,"column":2},"end":{"line":83,"column":82}}},"9":{"name":"buy","line":94,"loc":{"start":{"line":94,"column":2},"end":{"line":94,"column":45}}},"10":{"name":"sell","line":113,"loc":{"start":{"line":113,"column":2},"end":{"line":113,"column":56}}},"11":{"name":"totalSupply","line":128,"loc":{"start":{"line":128,"column":2},"end":{"line":128,"column":54}}},"12":{"name":"mint","line":132,"loc":{"start":{"line":132,"column":2},"end":{"line":135,"column":37}}}},"statementMap":{"1":{"start":{"line":38,"column":4},"end":{"line":38,"column":23}},"2":{"start":{"line":39,"column":4},"end":{"line":39,"column":17}},"3":{"start":{"line":40,"column":4},"end":{"line":40,"column":23}},"4":{"start":{"line":41,"column":4},"end":{"line":41,"column":21}},"5":{"start":{"line":42,"column":4},"end":{"line":42,"column":50}},"6":{"start":{"line":46,"column":4},"end":{"line":46,"column":26}},"7":{"start":{"line":47,"column":4},"end":{"line":47,"column":21}},"8":{"start":{"line":51,"column":4},"end":{"line":51,"column":50}},"9":{"start":{"line":52,"column":4},"end":{"line":52,"column":42}},"10":{"start":{"line":56,"column":4},"end":{"line":56,"column":35}},"11":{"start":{"line":60,"column":4},"end":{"line":60,"column":2047}},"12":{"start":{"line":61,"column":6},"end":{"line":61,"column":18}},"13":{"start":{"line":63,"column":4},"end":{"line":63,"column":79}},"14":{"start":{"line":64,"column":4},"end":{"line":64,"column":27}},"15":{"start":{"line":69,"column":4},"end":{"line":69,"column":32}},"16":{"start":{"line":73,"column":4},"end":{"line":73,"column":2509}},"17":{"start":{"line":80,"column":4},"end":{"line":80,"column":25}},"18":{"start":{"line":84,"column":4},"end":{"line":84,"column":2777}},"19":{"start":{"line":91,"column":4},"end":{"line":91,"column":20}},"20":{"start":{"line":95,"column":4},"end":{"line":95,"column":44}},"21":{"start":{"line":96,"column":4},"end":{"line":96,"column":3048}},"22":{"start":{"line":110,"column":4},"end":{"line":110,"column":15}},"23":{"start":{"line":114,"column":4},"end":{"line":114,"column":107}},"24":{"start":{"line":115,"column":4},"end":{"line":115,"column":3816}},"25":{"start":{"line":125,"column":4},"end":{"line":125,"column":15}},"26":{"start":{"line":129,"column":4},"end":{"line":129,"column":30}},"27":{"start":{"line":138,"column":4},"end":{"line":138,"column":15}}},"branchMap":{"1":{"line":60,"type":"if","locations":[{"start":{"line":60,"column":4},"end":{"line":60,"column":4}},{"start":{"line":60,"column":4},"end":{"line":60,"column":4}}]},"2":{"line":63,"type":"if","locations":[{"start":{"line":63,"column":4},"end":{"line":63,"column":4}},{"start":{"line":63,"column":4},"end":{"line":63,"column":4}}]},"3":{"line":95,"type":"if","locations":[{"start":{"line":95,"column":4},"end":{"line":95,"column":4}},{"start":{"line":95,"column":4},"end":{"line":95,"column":4}}]},"4":{"line":114,"type":"if","locations":[{"start":{"line":114,"column":4},"end":{"line":114,"column":4}},{"start":{"line":114,"column":4},"end":{"line":114,"column":4}}]}}},"contracts/Heap.sol":{"l":{"23":0,"24":0,"25":0,"31":0,"33":0,"35":0,"39":0,"40":0,"41":0,"42":0,"43":0,"44":0,"45":0,"47":0,"48":0,"51":0,"52":0,"53":0,"54":0,"55":0,"56":0,"59":0,"62":0,"68":0,"71":0,"74":0,"77":0,"80":0,"86":0,"88":0,"89":0,"91":0,"92":0,"94":0,"95":0,"96":0,"98":0,"101":0,"102":0,"104":0,"105":0,"109":0,"110":0,"112":0,"113":0,"115":0,"117":0,"118":0,"121":0,"122":0,"124":0,"125":0,"131":0,"132":0},"path":"/Users/hadar/workspace/GoodDollar/GoodBootstrap/packages/contracts/contracts/Heap.sol","s":{"1":0,"2":0,"3":0,"4":0,"5":0,"6":0,"7":0,"8":0,"9":0,"10":0,"11":0,"12":0,"13":0,"14":0,"15":0,"16":0,"17":0,"18":0,"19":0,"20":0,"21":0,"22":0,"23":0,"24":0,"25":0,"26":0,"27":0,"28":0,"29":0,"30":0,"31":0,"32":0,"33":0,"34":0,"35":0,"36":0,"37":0,"38":0,"39":0,"40":0,"41":0,"42":0,"43":0,"44":0,"45":0,"46":0,"47":0,"48":0,"49":0,"50":0,"51":0,"52":0,"53":0,"54":0,"55":0,"56":0},"b":{"1":[0,0],"2":[0,0],"3":[0,0],"4":[0,0],"5":[0,0],"6":[0,0],"7":[0,0],"8":[0,0],"9":[0,0],"10":[0,0],"11":[0,0],"12":[0,0],"13":[0,0],"14":[0,0]},"f":{"1":0,"2":0,"3":0,"4":0,"5":0,"6":0,"7":0,"8":0,"9":0,"10":0,"11":0,"12":0,"13":0,"14":0,"15":0,"16":0},"fnMap":{"1":{"name":"init","line":22,"loc":{"start":{"line":22,"column":2},"end":{"line":22,"column":58}}},"2":{"name":"insertOrUpdate","line":29,"loc":{"start":{"line":29,"column":2},"end":{"line":30,"column":3}}},"3":{"name":"update","line":38,"loc":{"start":{"line":38,"column":2},"end":{"line":38,"column":91}}},"4":{"name":"insert","line":50,"loc":{"start":{"line":50,"column":2},"end":{"line":50,"column":91}}},"5":{"name":"extractMax","line":58,"loc":{"start":{"line":58,"column":2},"end":{"line":58,"column":69}}},"6":{"name":"extractById","line":61,"loc":{"start":{"line":61,"column":2},"end":{"line":61,"column":82}}},"7":{"name":"dump","line":66,"loc":{"start":{"line":66,"column":2},"end":{"line":66,"column":71}}},"8":{"name":"getById","line":70,"loc":{"start":{"line":70,"column":2},"end":{"line":70,"column":83}}},"9":{"name":"getByIndex","line":73,"loc":{"start":{"line":73,"column":2},"end":{"line":73,"column":82}}},"10":{"name":"getMax","line":76,"loc":{"start":{"line":76,"column":2},"end":{"line":76,"column":70}}},"11":{"name":"size","line":79,"loc":{"start":{"line":79,"column":2},"end":{"line":79,"column":61}}},"12":{"name":"isNode","line":82,"loc":{"start":{"line":82,"column":2},"end":{"line":82,"column":59}}},"13":{"name":"_extract","line":85,"loc":{"start":{"line":85,"column":2},"end":{"line":85,"column":74}}},"14":{"name":"_bubbleUp","line":100,"loc":{"start":{"line":100,"column":2},"end":{"line":100,"column":69}}},"15":{"name":"_bubbleDown","line":108,"loc":{"start":{"line":108,"column":2},"end":{"line":108,"column":71}}},"16":{"name":"_insert","line":130,"loc":{"start":{"line":130,"column":2},"end":{"line":130,"column":67}}}},"statementMap":{"1":{"start":{"line":23,"column":4},"end":{"line":23,"column":66}},"2":{"start":{"line":24,"column":4},"end":{"line":24,"column":639}},"3":{"start":{"line":25,"column":8},"end":{"line":25,"column":32}},"4":{"start":{"line":26,"column":9},"end":{"line":26,"column":34}},"5":{"start":{"line":31,"column":6},"end":{"line":31,"column":812}},"6":{"start":{"line":33,"column":8},"end":{"line":33,"column":41}},"7":{"start":{"line":35,"column":6},"end":{"line":35,"column":39}},"8":{"start":{"line":39,"column":4},"end":{"line":39,"column":53}},"9":{"start":{"line":40,"column":4},"end":{"line":40,"column":28}},"10":{"start":{"line":41,"column":4},"end":{"line":41,"column":32}},"11":{"start":{"line":42,"column":4},"end":{"line":42,"column":31}},"12":{"start":{"line":43,"column":4},"end":{"line":43,"column":48}},"13":{"start":{"line":44,"column":4},"end":{"line":44,"column":1274}},"14":{"start":{"line":45,"column":8},"end":{"line":45,"column":28}},"15":{"start":{"line":46,"column":9},"end":{"line":46,"column":1423}},"16":{"start":{"line":47,"column":8},"end":{"line":47,"column":30}},"17":{"start":{"line":48,"column":4},"end":{"line":48,"column":12}},"18":{"start":{"line":51,"column":4},"end":{"line":51,"column":54}},"19":{"start":{"line":52,"column":4},"end":{"line":52,"column":49}},"20":{"start":{"line":52,"column":32},"end":{"line":52,"column":46}},"21":{"start":{"line":54,"column":4},"end":{"line":54,"column":61}},"22":{"start":{"line":55,"column":4},"end":{"line":55,"column":42}},"23":{"start":{"line":56,"column":4},"end":{"line":56,"column":12}},"24":{"start":{"line":59,"column":4},"end":{"line":59,"column":37}},"25":{"start":{"line":62,"column":4},"end":{"line":62,"column":43}},"26":{"start":{"line":68,"column":4},"end":{"line":68,"column":21}},"27":{"start":{"line":71,"column":4},"end":{"line":71,"column":45}},"28":{"start":{"line":74,"column":4},"end":{"line":74,"column":69}},"29":{"start":{"line":77,"column":4},"end":{"line":77,"column":39}},"30":{"start":{"line":80,"column":4},"end":{"line":80,"column":58}},"31":{"start":{"line":82,"column":62},"end":{"line":82,"column":86}},"32":{"start":{"line":86,"column":4},"end":{"line":86,"column":69}},"33":{"start":{"line":86,"column":42},"end":{"line":86,"column":67}},"34":{"start":{"line":88,"column":4},"end":{"line":88,"column":44}},"35":{"start":{"line":91,"column":4},"end":{"line":91,"column":57}},"36":{"start":{"line":94,"column":4},"end":{"line":94,"column":3323}},"37":{"start":{"line":95,"column":6},"end":{"line":95,"column":33}},"38":{"start":{"line":96,"column":6},"end":{"line":96,"column":40}},"39":{"start":{"line":98,"column":4},"end":{"line":98,"column":24}},"40":{"start":{"line":101,"column":4},"end":{"line":101,"column":3604}},"41":{"start":{"line":102,"column":6},"end":{"line":102,"column":24}},"42":{"start":{"line":104,"column":6},"end":{"line":104,"column":38}},"43":{"start":{"line":105,"column":6},"end":{"line":105,"column":28}},"44":{"start":{"line":109,"column":4},"end":{"line":109,"column":34}},"45":{"start":{"line":110,"column":4},"end":{"line":110,"column":20}},"46":{"start":{"line":112,"column":4},"end":{"line":112,"column":3946}},"47":{"start":{"line":113,"column":6},"end":{"line":113,"column":24}},"48":{"start":{"line":115,"column":6},"end":{"line":115,"column":50}},"49":{"start":{"line":117,"column":6},"end":{"line":117,"column":4068}},"50":{"start":{"line":118,"column":8},"end":{"line":118,"column":42}},"51":{"start":{"line":121,"column":6},"end":{"line":121,"column":4244}},"52":{"start":{"line":122,"column":8},"end":{"line":122,"column":26}},"53":{"start":{"line":124,"column":8},"end":{"line":124,"column":37}},"54":{"start":{"line":125,"column":8},"end":{"line":125,"column":35}},"55":{"start":{"line":131,"column":4},"end":{"line":131,"column":20}},"56":{"start":{"line":132,"column":4},"end":{"line":132,"column":25}}},"branchMap":{"1":{"line":23,"type":"if","locations":[{"start":{"line":23,"column":4},"end":{"line":23,"column":4}},{"start":{"line":23,"column":4},"end":{"line":23,"column":4}}]},"2":{"line":24,"type":"if","locations":[{"start":{"line":24,"column":4},"end":{"line":24,"column":4}},{"start":{"line":24,"column":4},"end":{"line":24,"column":4}}]},"3":{"line":31,"type":"if","locations":[{"start":{"line":31,"column":6},"end":{"line":31,"column":6}},{"start":{"line":31,"column":6},"end":{"line":31,"column":6}}]},"4":{"line":39,"type":"if","locations":[{"start":{"line":39,"column":4},"end":{"line":39,"column":4}},{"start":{"line":39,"column":4},"end":{"line":39,"column":4}}]},"5":{"line":44,"type":"if","locations":[{"start":{"line":44,"column":4},"end":{"line":44,"column":4}},{"start":{"line":44,"column":4},"end":{"line":44,"column":4}}]},"6":{"line":46,"type":"if","locations":[{"start":{"line":46,"column":9},"end":{"line":46,"column":9}},{"start":{"line":46,"column":9},"end":{"line":46,"column":9}}]},"7":{"line":51,"type":"if","locations":[{"start":{"line":51,"column":4},"end":{"line":51,"column":4}},{"start":{"line":51,"column":4},"end":{"line":51,"column":4}}]},"8":{"line":52,"type":"if","locations":[{"start":{"line":52,"column":4},"end":{"line":52,"column":4}},{"start":{"line":52,"column":4},"end":{"line":52,"column":4}}]},"9":{"line":86,"type":"if","locations":[{"start":{"line":86,"column":4},"end":{"line":86,"column":4}},{"start":{"line":86,"column":4},"end":{"line":86,"column":4}}]},"10":{"line":94,"type":"if","locations":[{"start":{"line":94,"column":4},"end":{"line":94,"column":4}},{"start":{"line":94,"column":4},"end":{"line":94,"column":4}}]},"11":{"line":101,"type":"if","locations":[{"start":{"line":101,"column":4},"end":{"line":101,"column":4}},{"start":{"line":101,"column":4},"end":{"line":101,"column":4}}]},"12":{"line":112,"type":"if","locations":[{"start":{"line":112,"column":4},"end":{"line":112,"column":4}},{"start":{"line":112,"column":4},"end":{"line":112,"column":4}}]},"13":{"line":117,"type":"if","locations":[{"start":{"line":117,"column":6},"end":{"line":117,"column":6}},{"start":{"line":117,"column":6},"end":{"line":117,"column":6}}]},"14":{"line":121,"type":"if","locations":[{"start":{"line":121,"column":6},"end":{"line":121,"column":6}},{"start":{"line":121,"column":6},"end":{"line":121,"column":6}}]}}},"contracts/Identity.sol":{"l":{"13":2,"19":14,"23":6,"24":5,"25":5,"26":5,"27":5,"28":5,"32":1,"33":1,"34":1,"35":1,"36":1,"37":1,"38":1,"39":1,"40":1,"44":5,"45":5,"46":5,"50":1,"51":0,"52":0,"53":0,"54":0,"55":0,"56":0,"57":0,"62":1,"63":1,"64":1,"65":1,"66":1,"67":1,"68":1,"69":1,"73":5,"77":1},"path":"/Users/hadar/workspace/GoodDollar/GoodBootstrap/packages/contracts/contracts/Identity.sol","s":{"1":2,"2":14,"3":6,"4":1,"5":5,"6":5,"7":5,"8":5,"9":1,"10":1,"11":0,"12":1,"13":1,"14":1,"15":1,"16":5,"17":0,"18":5,"19":1,"20":1,"21":0,"22":0,"23":0,"24":0,"25":1,"26":0,"27":1,"28":1,"29":1,"30":1,"31":5,"32":1},"b":{"1":[1,5],"2":[0,1],"3":[0,5],"4":[1,0],"5":[0,0],"6":[0,1],"7":[1,0]},"f":{"1":2,"2":14,"3":6,"4":1,"5":5,"6":1,"7":1,"8":5,"9":1},"fnMap":{"1":{"name":"constructor","line":12,"loc":{"start":{"line":12,"column":2},"end":{"line":12,"column":22}}},"2":{"name":"isVerified","line":16,"loc":{"start":{"line":16,"column":2},"end":{"line":18,"column":31}}},"3":{"name":"addWhitelistedWithDID","line":22,"loc":{"start":{"line":22,"column":2},"end":{"line":22,"column":94}}},"4":{"name":"transferAccount","line":31,"loc":{"start":{"line":31,"column":2},"end":{"line":31,"column":53}}},"5":{"name":"addWhitelisted","line":43,"loc":{"start":{"line":43,"column":2},"end":{"line":43,"column":68}}},"6":{"name":"removeWhitelisted","line":49,"loc":{"start":{"line":49,"column":2},"end":{"line":49,"column":71}}},"7":{"name":"renounceWhitelisted","line":61,"loc":{"start":{"line":61,"column":2},"end":{"line":61,"column":39}}},"8":{"name":"whiteListUser","line":72,"loc":{"start":{"line":72,"column":2},"end":{"line":72,"column":69}}},"9":{"name":"blackListUser","line":76,"loc":{"start":{"line":76,"column":2},"end":{"line":76,"column":49}}}},"statementMap":{"1":{"start":{"line":13,"column":4},"end":{"line":13,"column":29}},"2":{"start":{"line":19,"column":4},"end":{"line":19,"column":34}},"3":{"start":{"line":23,"column":4},"end":{"line":23,"column":37}},"4":{"start":{"line":23,"column":31},"end":{"line":23,"column":37}},"5":{"start":{"line":25,"column":4},"end":{"line":25,"column":24}},"6":{"start":{"line":26,"column":4},"end":{"line":26,"column":27}},"7":{"start":{"line":27,"column":4},"end":{"line":27,"column":40}},"8":{"start":{"line":28,"column":4},"end":{"line":28,"column":36}},"9":{"start":{"line":32,"column":4},"end":{"line":32,"column":34}},"10":{"start":{"line":33,"column":4},"end":{"line":33,"column":41}},"11":{"start":{"line":33,"column":35},"end":{"line":33,"column":41}},"12":{"start":{"line":34,"column":4},"end":{"line":34,"column":44}},"13":{"start":{"line":35,"column":4},"end":{"line":35,"column":40}},"14":{"start":{"line":36,"column":4},"end":{"line":36,"column":30}},"15":{"start":{"line":37,"column":4},"end":{"line":37,"column":39}},"16":{"start":{"line":44,"column":4},"end":{"line":44,"column":37}},"17":{"start":{"line":44,"column":31},"end":{"line":44,"column":37}},"18":{"start":{"line":46,"column":4},"end":{"line":46,"column":24}},"19":{"start":{"line":50,"column":4},"end":{"line":50,"column":38}},"20":{"start":{"line":50,"column":32},"end":{"line":50,"column":38}},"21":{"start":{"line":52,"column":4},"end":{"line":52,"column":24}},"22":{"start":{"line":53,"column":4},"end":{"line":53,"column":41}},"23":{"start":{"line":55,"column":4},"end":{"line":55,"column":1766}},"24":{"start":{"line":56,"column":6},"end":{"line":56,"column":42}},"25":{"start":{"line":62,"column":4},"end":{"line":62,"column":41}},"26":{"start":{"line":62,"column":35},"end":{"line":62,"column":41}},"27":{"start":{"line":64,"column":4},"end":{"line":64,"column":24}},"28":{"start":{"line":65,"column":4},"end":{"line":65,"column":44}},"29":{"start":{"line":67,"column":4},"end":{"line":67,"column":2130}},"30":{"start":{"line":68,"column":6},"end":{"line":68,"column":42}},"31":{"start":{"line":73,"column":4},"end":{"line":73,"column":40}},"32":{"start":{"line":77,"column":4},"end":{"line":77,"column":30}}},"branchMap":{"1":{"line":23,"type":"if","locations":[{"start":{"line":23,"column":4},"end":{"line":23,"column":4}},{"start":{"line":23,"column":4},"end":{"line":23,"column":4}}]},"2":{"line":33,"type":"if","locations":[{"start":{"line":33,"column":4},"end":{"line":33,"column":4}},{"start":{"line":33,"column":4},"end":{"line":33,"column":4}}]},"3":{"line":44,"type":"if","locations":[{"start":{"line":44,"column":4},"end":{"line":44,"column":4}},{"start":{"line":44,"column":4},"end":{"line":44,"column":4}}]},"4":{"line":50,"type":"if","locations":[{"start":{"line":50,"column":4},"end":{"line":50,"column":4}},{"start":{"line":50,"column":4},"end":{"line":50,"column":4}}]},"5":{"line":55,"type":"if","locations":[{"start":{"line":55,"column":4},"end":{"line":55,"column":4}},{"start":{"line":55,"column":4},"end":{"line":55,"column":4}}]},"6":{"line":62,"type":"if","locations":[{"start":{"line":62,"column":4},"end":{"line":62,"column":4}},{"start":{"line":62,"column":4},"end":{"line":62,"column":4}}]},"7":{"line":67,"type":"if","locations":[{"start":{"line":67,"column":4},"end":{"line":67,"column":4}},{"start":{"line":67,"column":4},"end":{"line":67,"column":4}}]}}},"contracts/IMonetaryPolicy.sol":{"l":{},"path":"/Users/hadar/workspace/GoodDollar/GoodBootstrap/packages/contracts/contracts/IMonetaryPolicy.sol","s":{},"b":{},"f":{},"fnMap":{},"statementMap":{},"branchMap":{}},"contracts/Median.sol":{"l":{"18":0,"20":0,"22":0,"28":0,"29":0,"32":0,"33":0,"36":0,"37":0,"38":0,"44":0,"45":0,"46":0,"49":0,"50":0,"51":0,"59":0,"60":0,"70":0,"71":0,"73":0,"74":0,"75":0,"78":0,"79":0},"path":"/Users/hadar/workspace/GoodDollar/GoodBootstrap/packages/contracts/contracts/Median.sol","s":{"1":0,"2":0,"3":0,"4":0,"5":0,"6":0,"7":0,"8":0,"9":0,"10":0,"11":0,"12":0,"13":0,"14":0,"15":0,"16":0,"17":0,"18":0,"19":0,"20":0},"b":{"1":[0,0],"2":[0,0],"3":[0,0],"4":[0,0],"5":[0,0],"6":[0,0],"7":[0,0],"8":[0,0]},"f":{"1":0,"2":0,"3":0,"4":0},"fnMap":{"1":{"name":"init","line":17,"loc":{"start":{"line":17,"column":4},"end":{"line":17,"column":42}}},"2":{"name":"updateMedian","line":26,"loc":{"start":{"line":26,"column":4},"end":{"line":27,"column":5}}},"3":{"name":"median","line":56,"loc":{"start":{"line":56,"column":4},"end":{"line":56,"column":64}}},"4":{"name":"rebalance","line":68,"loc":{"start":{"line":68,"column":4},"end":{"line":68,"column":47}}}},"statementMap":{"1":{"start":{"line":18,"column":8},"end":{"line":18,"column":27}},"2":{"start":{"line":28,"column":8},"end":{"line":28,"column":35}},"3":{"start":{"line":29,"column":8},"end":{"line":29,"column":58}},"4":{"start":{"line":33,"column":8},"end":{"line":33,"column":793}},"5":{"start":{"line":36,"column":12},"end":{"line":36,"column":976}},"6":{"start":{"line":38,"column":12},"end":{"line":38,"column":67}},"7":{"start":{"line":44,"column":12},"end":{"line":44,"column":1332}},"8":{"start":{"line":46,"column":12},"end":{"line":46,"column":66}},"9":{"start":{"line":49,"column":8},"end":{"line":49,"column":22}},"10":{"start":{"line":50,"column":8},"end":{"line":50,"column":38}},"11":{"start":{"line":51,"column":8},"end":{"line":51,"column":18}},"12":{"start":{"line":59,"column":8},"end":{"line":59,"column":1845}},"13":{"start":{"line":60,"column":12},"end":{"line":60,"column":96}},"14":{"start":{"line":63,"column":13},"end":{"line":63,"column":2110}},"15":{"start":{"line":63,"column":69},"end":{"line":63,"column":111}},"16":{"start":{"line":64,"column":13},"end":{"line":64,"column":55}},"17":{"start":{"line":70,"column":8},"end":{"line":70,"column":2388}},"18":{"start":{"line":73,"column":12},"end":{"line":73,"column":2615}},"19":{"start":{"line":74,"column":16},"end":{"line":74,"column":49}},"20":{"start":{"line":78,"column":16},"end":{"line":78,"column":49}}},"branchMap":{"1":{"line":29,"type":"if","locations":[{"start":{"line":29,"column":8},"end":{"line":29,"column":8}},{"start":{"line":29,"column":8},"end":{"line":29,"column":8}}]},"2":{"line":33,"type":"if","locations":[{"start":{"line":33,"column":8},"end":{"line":33,"column":8}},{"start":{"line":33,"column":8},"end":{"line":33,"column":8}}]},"3":{"line":36,"type":"if","locations":[{"start":{"line":36,"column":12},"end":{"line":36,"column":12}},{"start":{"line":36,"column":12},"end":{"line":36,"column":12}}]},"4":{"line":44,"type":"if","locations":[{"start":{"line":44,"column":12},"end":{"line":44,"column":12}},{"start":{"line":44,"column":12},"end":{"line":44,"column":12}}]},"5":{"line":59,"type":"if","locations":[{"start":{"line":59,"column":8},"end":{"line":59,"column":8}},{"start":{"line":59,"column":8},"end":{"line":59,"column":8}}]},"6":{"line":63,"type":"if","locations":[{"start":{"line":63,"column":13},"end":{"line":63,"column":13}},{"start":{"line":63,"column":13},"end":{"line":63,"column":13}}]},"7":{"line":70,"type":"if","locations":[{"start":{"line":70,"column":8},"end":{"line":70,"column":8}},{"start":{"line":70,"column":8},"end":{"line":70,"column":8}}]},"8":{"line":73,"type":"if","locations":[{"start":{"line":73,"column":12},"end":{"line":73,"column":12}},{"start":{"line":73,"column":12},"end":{"line":73,"column":12}}]}}},"contracts/OneTimePaymentLinks.sol":{"l":{"22":2,"27":1,"28":1,"29":1,"31":1,"37":2,"39":1,"40":1,"42":1,"51":4,"52":2,"53":2,"54":1,"55":2,"56":2,"57":2,"58":2,"66":4,"67":4,"68":2,"69":2,"70":2,"71":2,"79":0,"80":0,"81":0,"82":0,"83":0,"84":0,"88":0},"path":"/Users/hadar/workspace/GoodDollar/GoodBootstrap/packages/contracts/contracts/OneTimePaymentLinks.sol","s":{"1":2,"2":1,"3":1,"4":1,"5":1,"6":2,"7":1,"8":1,"9":1,"10":4,"11":2,"12":2,"13":2,"14":2,"15":2,"16":2,"17":4,"18":4,"19":2,"20":2,"21":2,"22":0,"23":0,"24":0,"25":0,"26":0,"27":0},"b":{"1":[1,0],"2":[1,1],"3":[2,2],"4":[2,0],"5":[1,1],"6":[2,2],"7":[0,0],"8":[0,0]},"f":{"1":2,"2":1,"3":2,"4":4,"5":4,"6":0,"7":0},"fnMap":{"1":{"name":"constructor","line":21,"loc":{"start":{"line":21,"column":4},"end":{"line":21,"column":36}}},"2":{"name":"onTokenTransfer","line":25,"loc":{"start":{"line":25,"column":4},"end":{"line":25,"column":102}}},"3":{"name":"transferFromDeposit","line":36,"loc":{"start":{"line":36,"column":4},"end":{"line":36,"column":85}}},"4":{"name":"deposit","line":50,"loc":{"start":{"line":50,"column":2},"end":{"line":50,"column":69}}},"5":{"name":"withdraw","line":65,"loc":{"start":{"line":65,"column":2},"end":{"line":65,"column":47}}},"6":{"name":"cancel","line":78,"loc":{"start":{"line":78,"column":2},"end":{"line":78,"column":39}}},"7":{"name":"isLinkUsed","line":87,"loc":{"start":{"line":87,"column":2},"end":{"line":87,"column":62}}}},"statementMap":{"1":{"start":{"line":22,"column":8},"end":{"line":22,"column":28}},"2":{"start":{"line":27,"column":8},"end":{"line":27,"column":44}},"3":{"start":{"line":28,"column":8},"end":{"line":28,"column":37}},"4":{"start":{"line":29,"column":8},"end":{"line":29,"column":46}},"5":{"start":{"line":31,"column":8},"end":{"line":31,"column":18}},"6":{"start":{"line":37,"column":8},"end":{"line":37,"column":1397}},"7":{"start":{"line":39,"column":12},"end":{"line":39,"column":68}},"8":{"start":{"line":40,"column":12},"end":{"line":40,"column":23}},"9":{"start":{"line":42,"column":8},"end":{"line":42,"column":20}},"10":{"start":{"line":51,"column":4},"end":{"line":51,"column":52}},"11":{"start":{"line":52,"column":4},"end":{"line":52,"column":41}},"12":{"start":{"line":53,"column":4},"end":{"line":53,"column":2047}},"13":{"start":{"line":55,"column":4},"end":{"line":55,"column":28}},"14":{"start":{"line":56,"column":4},"end":{"line":56,"column":23}},"15":{"start":{"line":57,"column":4},"end":{"line":57,"column":25}},"16":{"start":{"line":58,"column":4},"end":{"line":58,"column":44}},"17":{"start":{"line":66,"column":4},"end":{"line":66,"column":52}},"18":{"start":{"line":67,"column":4},"end":{"line":67,"column":74}},"19":{"start":{"line":68,"column":4},"end":{"line":68,"column":31}},"20":{"start":{"line":70,"column":4},"end":{"line":70,"column":21}},"21":{"start":{"line":71,"column":4},"end":{"line":71,"column":62}},"22":{"start":{"line":79,"column":4},"end":{"line":79,"column":74}},"23":{"start":{"line":80,"column":4},"end":{"line":80,"column":57}},"24":{"start":{"line":81,"column":4},"end":{"line":81,"column":32}},"25":{"start":{"line":83,"column":4},"end":{"line":83,"column":22}},"26":{"start":{"line":84,"column":4},"end":{"line":84,"column":47}},"27":{"start":{"line":88,"column":4},"end":{"line":88,"column":23}}},"branchMap":{"1":{"line":27,"type":"if","locations":[{"start":{"line":27,"column":8},"end":{"line":27,"column":8}},{"start":{"line":27,"column":8},"end":{"line":27,"column":8}}]},"2":{"line":37,"type":"if","locations":[{"start":{"line":37,"column":8},"end":{"line":37,"column":8}},{"start":{"line":37,"column":8},"end":{"line":37,"column":8}}]},"3":{"line":51,"type":"if","locations":[{"start":{"line":51,"column":4},"end":{"line":51,"column":4}},{"start":{"line":51,"column":4},"end":{"line":51,"column":4}}]},"4":{"line":52,"type":"if","locations":[{"start":{"line":52,"column":4},"end":{"line":52,"column":4}},{"start":{"line":52,"column":4},"end":{"line":52,"column":4}}]},"5":{"line":53,"type":"if","locations":[{"start":{"line":53,"column":4},"end":{"line":53,"column":4}},{"start":{"line":53,"column":4},"end":{"line":53,"column":4}}]},"6":{"line":67,"type":"if","locations":[{"start":{"line":67,"column":4},"end":{"line":67,"column":4}},{"start":{"line":67,"column":4},"end":{"line":67,"column":4}}]},"7":{"line":79,"type":"if","locations":[{"start":{"line":79,"column":4},"end":{"line":79,"column":4}},{"start":{"line":79,"column":4},"end":{"line":79,"column":4}}]},"8":{"line":80,"type":"if","locations":[{"start":{"line":80,"column":4},"end":{"line":80,"column":4}},{"start":{"line":80,"column":4},"end":{"line":80,"column":4}}]}}},"contracts/RedemptionData.sol":{"l":{"18":4,"24":3,"25":3},"path":"/Users/hadar/workspace/GoodDollar/GoodBootstrap/packages/contracts/contracts/RedemptionData.sol","s":{"1":4,"2":3,"3":3},"b":{},"f":{"1":2,"2":4,"3":3},"fnMap":{"1":{"name":"constructor","line":12,"loc":{"start":{"line":12,"column":4},"end":{"line":12,"column":22}}},"2":{"name":"getLastClaimed","line":15,"loc":{"start":{"line":15,"column":4},"end":{"line":17,"column":46}}},"3":{"name":"setLastClaimed","line":21,"loc":{"start":{"line":21,"column":4},"end":{"line":23,"column":38}}}},"statementMap":{"1":{"start":{"line":18,"column":8},"end":{"line":18,"column":37}},"2":{"start":{"line":24,"column":8},"end":{"line":24,"column":35}},"3":{"start":{"line":25,"column":8},"end":{"line":25,"column":19}}},"branchMap":{}},"contracts/RedemptionFunctional.sol":{"l":{"20":4,"21":4,"22":4,"26":2,"27":2,"28":2,"34":0,"40":4,"41":4,"42":4,"43":4,"48":4,"49":4,"51":4,"55":3,"57":3,"58":3,"59":3,"60":3,"61":3,"68":1,"69":0,"70":1},"path":"/Users/hadar/workspace/GoodDollar/GoodBootstrap/packages/contracts/contracts/RedemptionFunctional.sol","s":{"1":4,"2":4,"3":2,"4":2,"5":2,"6":0,"7":4,"8":4,"9":4,"10":4,"11":4,"12":4,"13":4,"14":3,"15":3,"16":3,"17":3,"18":1,"19":0,"20":1},"b":{"1":[4,0],"2":[3,0],"3":[0,1]},"f":{"1":4,"2":2,"3":0,"4":4,"5":3,"6":1},"fnMap":{"1":{"name":"whiteListed","line":19,"loc":{"start":{"line":19,"column":2},"end":{"line":19,"column":24}}},"2":{"name":"constructor","line":25,"loc":{"start":{"line":25,"column":2},"end":{"line":25,"column":88}}},"3":{"name":"getLastClaimed","line":33,"loc":{"start":{"line":33,"column":2},"end":{"line":33,"column":56}}},"4":{"name":"calculateClaim","line":39,"loc":{"start":{"line":39,"column":2},"end":{"line":39,"column":58}}},"5":{"name":"claimTokens","line":54,"loc":{"start":{"line":54,"column":2},"end":{"line":54,"column":57}}},"6":{"name":"checkEntitlement","line":67,"loc":{"start":{"line":67,"column":2},"end":{"line":67,"column":67}}}},"statementMap":{"1":{"start":{"line":20,"column":4},"end":{"line":20,"column":47}},"2":{"start":{"line":21,"column":4},"end":{"line":21,"column":17}},"3":{"start":{"line":26,"column":4},"end":{"line":26,"column":42}},"4":{"start":{"line":27,"column":4},"end":{"line":27,"column":40}},"5":{"start":{"line":28,"column":4},"end":{"line":28,"column":37}},"6":{"start":{"line":34,"column":4},"end":{"line":34,"column":42}},"7":{"start":{"line":40,"column":4},"end":{"line":40,"column":21}},"8":{"start":{"line":41,"column":4},"end":{"line":41,"column":54}},"9":{"start":{"line":42,"column":4},"end":{"line":42,"column":53}},"10":{"start":{"line":43,"column":4},"end":{"line":43,"column":26}},"11":{"start":{"line":48,"column":4},"end":{"line":48,"column":42}},"12":{"start":{"line":49,"column":4},"end":{"line":49,"column":58}},"13":{"start":{"line":51,"column":4},"end":{"line":51,"column":17}},"14":{"start":{"line":55,"column":4},"end":{"line":55,"column":58}},"15":{"start":{"line":58,"column":4},"end":{"line":58,"column":36}},"16":{"start":{"line":60,"column":4},"end":{"line":60,"column":39}},"17":{"start":{"line":61,"column":4},"end":{"line":61,"column":15}},"18":{"start":{"line":68,"column":4},"end":{"line":68,"column":2105}},"19":{"start":{"line":69,"column":6},"end":{"line":69,"column":14}},"20":{"start":{"line":70,"column":4},"end":{"line":70,"column":27}}},"branchMap":{"1":{"line":21,"type":"if","locations":[{"start":{"line":21,"column":4},"end":{"line":21,"column":4}},{"start":{"line":21,"column":4},"end":{"line":21,"column":4}}]},"2":{"line":55,"type":"if","locations":[{"start":{"line":55,"column":4},"end":{"line":55,"column":4}},{"start":{"line":55,"column":4},"end":{"line":55,"column":4}}]},"3":{"line":68,"type":"if","locations":[{"start":{"line":68,"column":4},"end":{"line":68,"column":4}},{"start":{"line":68,"column":4},"end":{"line":68,"column":4}}]}}},"contracts/token/ERC223.sol":{"l":{},"path":"/Users/hadar/workspace/GoodDollar/GoodBootstrap/packages/contracts/contracts/token/ERC223.sol","s":{},"b":{},"f":{},"fnMap":{},"statementMap":{},"branchMap":{}},"contracts/token/ERC223Receiver.sol":{"l":{"22":0,"25":0,"26":0,"27":0,"31":0,"33":0,"37":0,"38":0,"39":0,"40":0,"45":0,"46":0},"path":"/Users/hadar/workspace/GoodDollar/GoodBootstrap/packages/contracts/contracts/token/ERC223Receiver.sol","s":{"1":0,"2":0,"3":0,"4":0,"5":0,"6":0,"7":0,"8":0,"9":0,"10":0,"11":0,"12":0},"b":{"1":[0,0],"2":[0,0]},"f":{"1":0,"2":0,"3":0},"fnMap":{"1":{"name":"tokenFallback","line":21,"loc":{"start":{"line":21,"column":2},"end":{"line":21,"column":116}}},"2":{"name":"getSig","line":36,"loc":{"start":{"line":36,"column":2},"end":{"line":36,"column":71}}},"3":{"name":"tokenPayable","line":44,"loc":{"start":{"line":44,"column":2},"end":{"line":44,"column":23}}}},"statementMap":{"1":{"start":{"line":22,"column":4},"end":{"line":22,"column":48}},"2":{"start":{"line":22,"column":36},"end":{"line":22,"column":48}},"3":{"start":{"line":25,"column":4},"end":{"line":25,"column":72}},"4":{"start":{"line":26,"column":4},"end":{"line":26,"column":27}},"5":{"start":{"line":27,"column":4},"end":{"line":27,"column":54}},"6":{"start":{"line":31,"column":4},"end":{"line":31,"column":28}},"7":{"start":{"line":33,"column":4},"end":{"line":33,"column":18}},"8":{"start":{"line":37,"column":4},"end":{"line":37,"column":47}},"9":{"start":{"line":38,"column":4},"end":{"line":38,"column":1155}},"10":{"start":{"line":39,"column":8},"end":{"line":39,"column":48}},"11":{"start":{"line":40,"column":4},"end":{"line":40,"column":14}},"12":{"start":{"line":45,"column":4},"end":{"line":45,"column":50}}},"branchMap":{"1":{"line":22,"type":"if","locations":[{"start":{"line":22,"column":4},"end":{"line":22,"column":4}},{"start":{"line":22,"column":4},"end":{"line":22,"column":4}}]},"2":{"line":45,"type":"if","locations":[{"start":{"line":45,"column":4},"end":{"line":45,"column":4}},{"start":{"line":45,"column":4},"end":{"line":45,"column":4}}]}}},"contracts/token/ERC223Token.sol":{"l":{"14":0,"15":0,"16":0,"20":0,"21":0,"22":0,"26":0,"30":0,"35":0,"36":0,"42":0,"43":0,"44":0},"path":"/Users/hadar/workspace/GoodDollar/GoodBootstrap/packages/contracts/contracts/token/ERC223Token.sol","s":{"1":0,"2":0,"3":0,"4":0,"5":0,"6":0,"7":0,"8":0,"9":0,"10":0,"11":0,"12":0,"13":0},"b":{"1":[0,0],"2":[0,0],"3":[0,0],"4":[0,0]},"f":{"1":0,"2":0,"3":0,"4":0,"5":0,"6":0},"fnMap":{"1":{"name":"transfer","line":12,"loc":{"start":{"line":12,"column":2},"end":{"line":12,"column":95}}},"2":{"name":"transferFrom","line":19,"loc":{"start":{"line":19,"column":2},"end":{"line":19,"column":114}}},"3":{"name":"transfer","line":25,"loc":{"start":{"line":25,"column":2},"end":{"line":25,"column":75}}},"4":{"name":"transferFrom","line":29,"loc":{"start":{"line":29,"column":2},"end":{"line":29,"column":94}}},"5":{"name":"contractFallback","line":34,"loc":{"start":{"line":34,"column":2},"end":{"line":34,"column":121}}},"6":{"name":"isContract","line":40,"loc":{"start":{"line":40,"column":2},"end":{"line":40,"column":76}}}},"statementMap":{"1":{"start":{"line":14,"column":4},"end":{"line":14,"column":60}},"2":{"start":{"line":15,"column":4},"end":{"line":15,"column":80}},"3":{"start":{"line":15,"column":25},"end":{"line":15,"column":80}},"4":{"start":{"line":16,"column":4},"end":{"line":16,"column":15}},"5":{"start":{"line":20,"column":4},"end":{"line":20,"column":76}},"6":{"start":{"line":21,"column":4},"end":{"line":21,"column":75}},"7":{"start":{"line":21,"column":25},"end":{"line":21,"column":75}},"8":{"start":{"line":22,"column":4},"end":{"line":22,"column":15}},"9":{"start":{"line":26,"column":4},"end":{"line":26,"column":46}},"10":{"start":{"line":30,"column":4},"end":{"line":30,"column":57}},"11":{"start":{"line":35,"column":4},"end":{"line":35,"column":48}},"12":{"start":{"line":36,"column":4},"end":{"line":36,"column":69}},"13":{"start":{"line":44,"column":4},"end":{"line":44,"column":21}}},"branchMap":{"1":{"line":14,"type":"if","locations":[{"start":{"line":14,"column":4},"end":{"line":14,"column":4}},{"start":{"line":14,"column":4},"end":{"line":14,"column":4}}]},"2":{"line":15,"type":"if","locations":[{"start":{"line":15,"column":4},"end":{"line":15,"column":4}},{"start":{"line":15,"column":4},"end":{"line":15,"column":4}}]},"3":{"line":20,"type":"if","locations":[{"start":{"line":20,"column":4},"end":{"line":20,"column":4}},{"start":{"line":20,"column":4},"end":{"line":20,"column":4}}]},"4":{"line":21,"type":"if","locations":[{"start":{"line":21,"column":4},"end":{"line":21,"column":4}},{"start":{"line":21,"column":4},"end":{"line":21,"column":4}}]}}},"contracts/token/ERC677.sol":{"l":{},"path":"/Users/hadar/workspace/GoodDollar/GoodBootstrap/packages/contracts/contracts/token/ERC677.sol","s":{},"b":{},"f":{},"fnMap":{},"statementMap":{},"branchMap":{}},"contracts/token/ERC677BridgeToken.sol":{"l":{"29":0,"30":0,"34":0,"35":0,"41":0,"47":1,"48":1,"49":1,"50":1,"52":1,"55":0,"60":5,"65":4,"66":4,"67":0,"68":0,"70":0,"73":4,"80":1,"81":1,"89":5,"90":5,"91":5,"95":0,"99":0,"103":0,"104":0,"105":0,"106":0,"107":0,"110":0,"111":0,"112":0},"path":"/Users/hadar/workspace/GoodDollar/GoodBootstrap/packages/contracts/contracts/token/ERC677BridgeToken.sol","s":{"1":0,"2":0,"3":0,"4":0,"5":1,"6":1,"7":1,"8":1,"9":1,"10":0,"11":5,"12":4,"13":4,"14":0,"15":0,"16":0,"17":4,"18":1,"19":1,"20":5,"21":0,"22":0,"23":0,"24":0,"25":0,"26":0,"27":0,"28":0,"29":0},"b":{"1":[0,0],"2":[0,0],"3":[1,0],"4":[1,0],"5":[1,0],"6":[4,0],"7":[0,4],"8":[0,0],"9":[0,0],"10":[0,0],"11":[0,0]},"f":{"1":2,"2":0,"3":0,"4":0,"5":1,"6":0,"7":5,"8":4,"9":1,"10":5,"11":0,"12":0,"13":0},"fnMap":{"1":{"name":"constructor","line":22,"loc":{"start":{"line":22,"column":4},"end":{"line":26,"column":53}}},"2":{"name":"setBridgeContract","line":28,"loc":{"start":{"line":28,"column":4},"end":{"line":28,"column":70}}},"3":{"name":"validRecipient","line":33,"loc":{"start":{"line":33,"column":4},"end":{"line":33,"column":45}}},"4":{"name":"transferAndCall","line":38,"loc":{"start":{"line":38,"column":4},"end":{"line":40,"column":5}}},"5":{"name":"_transferAndCall","line":44,"loc":{"start":{"line":44,"column":4},"end":{"line":46,"column":5}}},"6":{"name":"getTokenInterfacesVersion","line":54,"loc":{"start":{"line":54,"column":4},"end":{"line":54,"column":100}}},"7":{"name":"superTransfer","line":58,"loc":{"start":{"line":58,"column":4},"end":{"line":59,"column":5}}},"8":{"name":"transfer","line":63,"loc":{"start":{"line":63,"column":4},"end":{"line":64,"column":5}}},"9":{"name":"contractFallback","line":76,"loc":{"start":{"line":76,"column":4},"end":{"line":79,"column":5}}},"10":{"name":"isContract","line":84,"loc":{"start":{"line":84,"column":4},"end":{"line":88,"column":5}}},"11":{"name":"finishMinting","line":94,"loc":{"start":{"line":94,"column":4},"end":{"line":94,"column":48}}},"12":{"name":"renounceOwnership","line":98,"loc":{"start":{"line":98,"column":4},"end":{"line":98,"column":47}}},"13":{"name":"claimTokens","line":102,"loc":{"start":{"line":102,"column":4},"end":{"line":102,"column":68}}}},"statementMap":{"1":{"start":{"line":29,"column":8},"end":{"line":29,"column":76}},"2":{"start":{"line":30,"column":8},"end":{"line":30,"column":39}},"3":{"start":{"line":34,"column":8},"end":{"line":34,"column":71}},"4":{"start":{"line":41,"column":8},"end":{"line":41,"column":49}},"5":{"start":{"line":47,"column":8},"end":{"line":47,"column":42}},"6":{"start":{"line":48,"column":8},"end":{"line":48,"column":53}},"7":{"start":{"line":49,"column":8},"end":{"line":49,"column":1591}},"8":{"start":{"line":50,"column":12},"end":{"line":50,"column":84}},"9":{"start":{"line":52,"column":8},"end":{"line":52,"column":19}},"10":{"start":{"line":55,"column":8},"end":{"line":55,"column":24}},"11":{"start":{"line":60,"column":8},"end":{"line":60,"column":42}},"12":{"start":{"line":65,"column":8},"end":{"line":65,"column":42}},"13":{"start":{"line":66,"column":8},"end":{"line":66,"column":2144}},"14":{"start":{"line":67,"column":12},"end":{"line":67,"column":2231}},"15":{"start":{"line":68,"column":16},"end":{"line":68,"column":23}},"16":{"start":{"line":70,"column":16},"end":{"line":70,"column":72}},"17":{"start":{"line":73,"column":8},"end":{"line":73,"column":19}},"18":{"start":{"line":80,"column":8},"end":{"line":80,"column":124}},"19":{"start":{"line":81,"column":8},"end":{"line":81,"column":18}},"20":{"start":{"line":91,"column":8},"end":{"line":91,"column":25}},"21":{"start":{"line":95,"column":8},"end":{"line":95,"column":15}},"22":{"start":{"line":99,"column":8},"end":{"line":99,"column":15}},"23":{"start":{"line":103,"column":8},"end":{"line":103,"column":33}},"24":{"start":{"line":104,"column":8},"end":{"line":104,"column":3177}},"25":{"start":{"line":105,"column":12},"end":{"line":105,"column":53}},"26":{"start":{"line":107,"column":3},"end":{"line":107,"column":9}},"27":{"start":{"line":110,"column":8},"end":{"line":110,"column":50}},"28":{"start":{"line":111,"column":8},"end":{"line":111,"column":55}},"29":{"start":{"line":112,"column":8},"end":{"line":112,"column":44}}},"branchMap":{"1":{"line":29,"type":"if","locations":[{"start":{"line":29,"column":8},"end":{"line":29,"column":8}},{"start":{"line":29,"column":8},"end":{"line":29,"column":8}}]},"2":{"line":34,"type":"if","locations":[{"start":{"line":34,"column":8},"end":{"line":34,"column":8}},{"start":{"line":34,"column":8},"end":{"line":34,"column":8}}]},"3":{"line":47,"type":"if","locations":[{"start":{"line":47,"column":8},"end":{"line":47,"column":8}},{"start":{"line":47,"column":8},"end":{"line":47,"column":8}}]},"4":{"line":49,"type":"if","locations":[{"start":{"line":49,"column":8},"end":{"line":49,"column":8}},{"start":{"line":49,"column":8},"end":{"line":49,"column":8}}]},"5":{"line":50,"type":"if","locations":[{"start":{"line":50,"column":12},"end":{"line":50,"column":12}},{"start":{"line":50,"column":12},"end":{"line":50,"column":12}}]},"6":{"line":65,"type":"if","locations":[{"start":{"line":65,"column":8},"end":{"line":65,"column":8}},{"start":{"line":65,"column":8},"end":{"line":65,"column":8}}]},"7":{"line":66,"type":"if","locations":[{"start":{"line":66,"column":8},"end":{"line":66,"column":8}},{"start":{"line":66,"column":8},"end":{"line":66,"column":8}}]},"8":{"line":67,"type":"if","locations":[{"start":{"line":67,"column":12},"end":{"line":67,"column":12}},{"start":{"line":67,"column":12},"end":{"line":67,"column":12}}]},"9":{"line":103,"type":"if","locations":[{"start":{"line":103,"column":8},"end":{"line":103,"column":8}},{"start":{"line":103,"column":8},"end":{"line":103,"column":8}}]},"10":{"line":104,"type":"if","locations":[{"start":{"line":104,"column":8},"end":{"line":104,"column":8}},{"start":{"line":104,"column":8},"end":{"line":104,"column":8}}]},"11":{"line":112,"type":"if","locations":[{"start":{"line":112,"column":8},"end":{"line":112,"column":8}},{"start":{"line":112,"column":8},"end":{"line":112,"column":8}}]}}},"contracts/token/ERC677Receiver.sol":{"l":{},"path":"/Users/hadar/workspace/GoodDollar/GoodBootstrap/packages/contracts/contracts/token/ERC677Receiver.sol","s":{},"b":{},"f":{},"fnMap":{},"statementMap":{},"branchMap":{}},"contracts/token/ERC827.sol":{"l":{},"path":"/Users/hadar/workspace/GoodDollar/GoodBootstrap/packages/contracts/contracts/token/ERC827.sol","s":{},"b":{},"f":{},"fnMap":{},"statementMap":{},"branchMap":{}},"contracts/token/ERC827Token.sol":{"l":{"39":0,"41":0,"44":0,"45":0,"47":0,"67":0,"69":0,"72":0,"73":0,"74":0,"94":0,"96":0,"99":0,"100":0,"101":0,"124":0,"126":0,"129":0,"130":0,"132":0,"155":0,"157":0,"160":0,"161":0,"163":0},"path":"/Users/hadar/workspace/GoodDollar/GoodBootstrap/packages/contracts/contracts/token/ERC827Token.sol","s":{"1":0,"2":0,"3":0,"4":0,"5":0,"6":0,"7":0,"8":0,"9":0,"10":0,"11":0,"12":0,"13":0,"14":0,"15":0,"16":0,"17":0,"18":0,"19":0,"20":0},"b":{"1":[0,0],"2":[0,0],"3":[0,0],"4":[0,0],"5":[0,0],"6":[0,0],"7":[0,0],"8":[0,0],"9":[0,0],"10":[0,0]},"f":{"1":0,"2":0,"3":0,"4":0,"5":0},"fnMap":{"1":{"name":"approveAndCall","line":30,"loc":{"start":{"line":30,"column":4},"end":{"line":38,"column":5}}},"2":{"name":"transferAndCall","line":58,"loc":{"start":{"line":58,"column":4},"end":{"line":66,"column":5}}},"3":{"name":"transferFromAndCall","line":86,"loc":{"start":{"line":86,"column":4},"end":{"line":93,"column":5}}},"4":{"name":"increaseApprovalAndCall","line":115,"loc":{"start":{"line":115,"column":4},"end":{"line":123,"column":5}}},"5":{"name":"decreaseApprovalAndCall","line":146,"loc":{"start":{"line":146,"column":4},"end":{"line":154,"column":5}}}},"statementMap":{"1":{"start":{"line":39,"column":8},"end":{"line":39,"column":41}},"2":{"start":{"line":44,"column":8},"end":{"line":44,"column":62}},"3":{"start":{"line":45,"column":8},"end":{"line":45,"column":23}},"4":{"start":{"line":47,"column":8},"end":{"line":47,"column":19}},"5":{"start":{"line":67,"column":8},"end":{"line":67,"column":36}},"6":{"start":{"line":72,"column":8},"end":{"line":72,"column":57}},"7":{"start":{"line":73,"column":8},"end":{"line":73,"column":23}},"8":{"start":{"line":74,"column":8},"end":{"line":74,"column":19}},"9":{"start":{"line":94,"column":8},"end":{"line":94,"column":36}},"10":{"start":{"line":99,"column":8},"end":{"line":99,"column":57}},"11":{"start":{"line":100,"column":8},"end":{"line":100,"column":23}},"12":{"start":{"line":101,"column":8},"end":{"line":101,"column":19}},"13":{"start":{"line":124,"column":8},"end":{"line":124,"column":41}},"14":{"start":{"line":129,"column":8},"end":{"line":129,"column":62}},"15":{"start":{"line":130,"column":8},"end":{"line":130,"column":23}},"16":{"start":{"line":132,"column":8},"end":{"line":132,"column":19}},"17":{"start":{"line":155,"column":8},"end":{"line":155,"column":41}},"18":{"start":{"line":160,"column":8},"end":{"line":160,"column":62}},"19":{"start":{"line":161,"column":8},"end":{"line":161,"column":23}},"20":{"start":{"line":163,"column":8},"end":{"line":163,"column":19}}},"branchMap":{"1":{"line":39,"type":"if","locations":[{"start":{"line":39,"column":8},"end":{"line":39,"column":8}},{"start":{"line":39,"column":8},"end":{"line":39,"column":8}}]},"2":{"line":45,"type":"if","locations":[{"start":{"line":45,"column":8},"end":{"line":45,"column":8}},{"start":{"line":45,"column":8},"end":{"line":45,"column":8}}]},"3":{"line":67,"type":"if","locations":[{"start":{"line":67,"column":8},"end":{"line":67,"column":8}},{"start":{"line":67,"column":8},"end":{"line":67,"column":8}}]},"4":{"line":73,"type":"if","locations":[{"start":{"line":73,"column":8},"end":{"line":73,"column":8}},{"start":{"line":73,"column":8},"end":{"line":73,"column":8}}]},"5":{"line":94,"type":"if","locations":[{"start":{"line":94,"column":8},"end":{"line":94,"column":8}},{"start":{"line":94,"column":8},"end":{"line":94,"column":8}}]},"6":{"line":100,"type":"if","locations":[{"start":{"line":100,"column":8},"end":{"line":100,"column":8}},{"start":{"line":100,"column":8},"end":{"line":100,"column":8}}]},"7":{"line":124,"type":"if","locations":[{"start":{"line":124,"column":8},"end":{"line":124,"column":8}},{"start":{"line":124,"column":8},"end":{"line":124,"column":8}}]},"8":{"line":130,"type":"if","locations":[{"start":{"line":130,"column":8},"end":{"line":130,"column":8}},{"start":{"line":130,"column":8},"end":{"line":130,"column":8}}]},"9":{"line":155,"type":"if","locations":[{"start":{"line":155,"column":8},"end":{"line":155,"column":8}},{"start":{"line":155,"column":8},"end":{"line":155,"column":8}}]},"10":{"line":161,"type":"if","locations":[{"start":{"line":161,"column":8},"end":{"line":161,"column":8}},{"start":{"line":161,"column":8},"end":{"line":161,"column":8}}]}}},"contracts/token/IBurnableMintableERC677Token.sol":{"l":{},"path":"/Users/hadar/workspace/GoodDollar/GoodBootstrap/packages/contracts/contracts/token/IBurnableMintableERC677Token.sol","s":{},"b":{},"f":{},"fnMap":{},"statementMap":{},"branchMap":{}},"contracts/token/IERC223Receiver.sol":{"l":{},"path":"/Users/hadar/workspace/GoodDollar/GoodBootstrap/packages/contracts/contracts/token/IERC223Receiver.sol","s":{},"b":{},"f":{},"fnMap":{},"statementMap":{},"branchMap":{}}}