{"contracts/ContributionCalculation.sol":{"l":{"20":5,"30":2,"31":2,"46":9,"47":9,"52":9,"53":8},"path":"/Users/or/projects/gdd/GoodContracts/stakingModel/contracts/ContributionCalculation.sol","s":{"1":5,"2":2,"3":2,"4":9,"5":9,"6":9,"7":8},"b":{"1":[8,1]},"f":{"1":5,"2":2,"3":9},"fnMap":{"1":{"name":"constructor","line":19,"loc":{"start":{"line":19,"column":88},"end":{"line":19,"column":3}}},"2":{"name":"setContributionRatio","line":29,"loc":{"start":{"line":29,"column":82},"end":{"line":29,"column":3}}},"3":{"name":"calculateContribution","line":39,"loc":{"start":{"line":39,"column":4},"end":{"line":45,"column":39}}}},"statementMap":{"1":{"start":{"line":20,"column":8},"end":{"line":20,"column":49}},"2":{"start":{"line":30,"column":8},"end":{"line":30,"column":49}},"3":{"start":{"line":31,"column":8},"end":{"line":31,"column":67}},"4":{"start":{"line":46,"column":8},"end":{"line":46,"column":49}},"5":{"start":{"line":47,"column":8},"end":{"line":47,"column":1712}},"6":{"start":{"line":52,"column":8},"end":{"line":52,"column":61}},"7":{"start":{"line":53,"column":8},"end":{"line":53,"column":27}}},"branchMap":{"1":{"line":52,"type":"if","locations":[{"start":{"line":52,"column":8},"end":{"line":52,"column":8}},{"start":{"line":52,"column":8},"end":{"line":52,"column":8}}]}}},"contracts/FirstClaimPool.sol":{"l":{"21":12,"22":10,"26":14,"27":12,"35":4,"42":3,"43":3,"51":4,"59":1,"74":10,"75":10,"76":10,"77":9,"78":9,"80":1,"88":3,"89":3,"90":3,"91":2,"96":3,"97":3},"path":"/Users/or/projects/gdd/GoodContracts/stakingModel/contracts/FirstClaimPool.sol","s":{"1":12,"2":14,"3":4,"4":3,"5":3,"6":4,"7":1,"8":10,"9":10,"10":10,"11":9,"12":9,"13":1,"14":3,"15":3,"16":3,"17":2,"18":3,"19":3},"b":{"1":[10,2],"2":[12,2],"3":[9,1],"4":[9,0],"5":[2,1],"6":[2,0]},"f":{"1":12,"2":14,"3":4,"4":3,"5":4,"6":1,"7":10,"8":3},"fnMap":{"1":{"name":"onlyUBIScheme","line":20,"loc":{"start":{"line":20,"column":4},"end":{"line":20,"column":24}}},"2":{"name":"ubiHasInitialized","line":25,"loc":{"start":{"line":25,"column":4},"end":{"line":25,"column":28}}},"3":{"name":"constructor","line":34,"loc":{"start":{"line":34,"column":81},"end":{"line":34,"column":3}}},"4":{"name":"start","line":41,"loc":{"start":{"line":41,"column":41},"end":{"line":41,"column":3}}},"5":{"name":"setUBIScheme","line":50,"loc":{"start":{"line":50,"column":58},"end":{"line":50,"column":3}}},"6":{"name":"setClaimAmount","line":58,"loc":{"start":{"line":58,"column":66},"end":{"line":58,"column":3}}},"7":{"name":"awardUser","line":71,"loc":{"start":{"line":71,"column":20},"end":{"line":73,"column":5}}},"8":{"name":"end","line":87,"loc":{"start":{"line":87,"column":35},"end":{"line":87,"column":3}}}},"statementMap":{"1":{"start":{"line":21,"column":8},"end":{"line":21,"column":81}},"2":{"start":{"line":26,"column":8},"end":{"line":26,"column":69}},"3":{"start":{"line":35,"column":8},"end":{"line":35,"column":33}},"4":{"start":{"line":42,"column":8},"end":{"line":42,"column":18}},"5":{"start":{"line":43,"column":8},"end":{"line":43,"column":20}},"6":{"start":{"line":51,"column":8},"end":{"line":51,"column":17}},"7":{"start":{"line":59,"column":8},"end":{"line":59,"column":33}},"8":{"start":{"line":74,"column":8},"end":{"line":74,"column":45}},"9":{"start":{"line":75,"column":8},"end":{"line":75,"column":56}},"10":{"start":{"line":76,"column":8},"end":{"line":76,"column":2052}},"11":{"start":{"line":77,"column":12},"end":{"line":77,"column":81}},"12":{"start":{"line":78,"column":12},"end":{"line":78,"column":30}},"13":{"start":{"line":80,"column":8},"end":{"line":80,"column":16}},"14":{"start":{"line":88,"column":8},"end":{"line":88,"column":45}},"15":{"start":{"line":89,"column":8},"end":{"line":89,"column":67}},"16":{"start":{"line":90,"column":8},"end":{"line":90,"column":2546}},"17":{"start":{"line":91,"column":12},"end":{"line":91,"column":2592}},"18":{"start":{"line":96,"column":8},"end":{"line":96,"column":21}},"19":{"start":{"line":97,"column":8},"end":{"line":97,"column":32}}},"branchMap":{"1":{"line":21,"type":"if","locations":[{"start":{"line":21,"column":8},"end":{"line":21,"column":8}},{"start":{"line":21,"column":8},"end":{"line":21,"column":8}}]},"2":{"line":26,"type":"if","locations":[{"start":{"line":26,"column":8},"end":{"line":26,"column":8}},{"start":{"line":26,"column":8},"end":{"line":26,"column":8}}]},"3":{"line":76,"type":"if","locations":[{"start":{"line":76,"column":8},"end":{"line":76,"column":8}},{"start":{"line":76,"column":8},"end":{"line":76,"column":8}}]},"4":{"line":77,"type":"if","locations":[{"start":{"line":77,"column":12},"end":{"line":77,"column":12}},{"start":{"line":77,"column":12},"end":{"line":77,"column":12}}]},"5":{"line":90,"type":"if","locations":[{"start":{"line":90,"column":8},"end":{"line":90,"column":8}},{"start":{"line":90,"column":8},"end":{"line":90,"column":8}}]},"6":{"line":91,"type":"if","locations":[{"start":{"line":91,"column":12},"end":{"line":91,"column":12}},{"start":{"line":91,"column":12},"end":{"line":91,"column":12}}]}}},"contracts/GoodFundManager.sol":{"l":{"45":13,"46":11,"58":3,"59":3,"60":3,"61":3,"62":3,"69":2,"70":2,"78":4,"90":1,"91":1,"99":1,"104":9,"120":9,"125":5,"128":5,"131":5,"136":5,"139":5,"140":4,"141":4,"143":4,"149":4,"150":4,"151":2,"152":4,"154":3,"159":4,"176":2,"177":2,"178":1,"180":2,"181":2,"182":2,"183":1,"185":2},"path":"/Users/or/projects/gdd/GoodContracts/stakingModel/contracts/GoodFundManager.sol","s":{"1":13,"2":3,"3":3,"4":3,"5":3,"6":3,"7":2,"8":2,"9":4,"10":1,"11":1,"12":1,"13":9,"14":9,"15":5,"16":5,"17":5,"18":5,"19":5,"20":4,"21":4,"22":4,"23":4,"24":4,"25":2,"26":4,"27":3,"28":4,"29":2,"30":2,"31":1,"32":2,"33":2,"34":2,"35":1,"36":2},"b":{"1":[11,2],"2":[5,4],"3":[4,1],"4":[2,2],"5":[2,0],"6":[3,1],"7":[3,0],"8":[1,1],"9":[1,0],"10":[1,1],"11":[1,0]},"f":{"1":13,"2":3,"3":2,"4":4,"5":1,"6":1,"7":9,"8":9,"9":2},"fnMap":{"1":{"name":"reserveHasInitialized","line":44,"loc":{"start":{"line":44,"column":4},"end":{"line":44,"column":32}}},"2":{"name":"constructor","line":57,"loc":{"start":{"line":57,"column":81},"end":{"line":57,"column":3}}},"3":{"name":"start","line":68,"loc":{"start":{"line":68,"column":41},"end":{"line":68,"column":3}}},"4":{"name":"setReserve","line":77,"loc":{"start":{"line":77,"column":66},"end":{"line":77,"column":3}}},"5":{"name":"setBridgeAndUBIRecipient","line":88,"loc":{"start":{"line":88,"column":17},"end":{"line":89,"column":5}}},"6":{"name":"setBlockInterval","line":98,"loc":{"start":{"line":98,"column":70},"end":{"line":98,"column":3}}},"7":{"name":"canRun","line":102,"loc":{"start":{"line":102,"column":4},"end":{"line":103,"column":5}}},"8":{"name":"transferInterest","line":118,"loc":{"start":{"line":118,"column":44},"end":{"line":119,"column":5}}},"9":{"name":"end","line":175,"loc":{"start":{"line":175,"column":35},"end":{"line":175,"column":3}}}},"statementMap":{"1":{"start":{"line":45,"column":8},"end":{"line":45,"column":77}},"2":{"start":{"line":58,"column":8},"end":{"line":58,"column":26}},"3":{"start":{"line":59,"column":8},"end":{"line":59,"column":39}},"4":{"start":{"line":60,"column":8},"end":{"line":60,"column":35}},"5":{"start":{"line":61,"column":8},"end":{"line":61,"column":37}},"6":{"start":{"line":62,"column":8},"end":{"line":62,"column":56}},"7":{"start":{"line":69,"column":8},"end":{"line":69,"column":18}},"8":{"start":{"line":70,"column":8},"end":{"line":70,"column":20}},"9":{"start":{"line":78,"column":8},"end":{"line":78,"column":25}},"10":{"start":{"line":90,"column":8},"end":{"line":90,"column":39}},"11":{"start":{"line":91,"column":8},"end":{"line":91,"column":32}},"12":{"start":{"line":99,"column":8},"end":{"line":99,"column":37}},"13":{"start":{"line":104,"column":8},"end":{"line":104,"column":64}},"14":{"start":{"line":120,"column":8},"end":{"line":120,"column":3588}},"15":{"start":{"line":125,"column":8},"end":{"line":125,"column":56}},"16":{"start":{"line":128,"column":8},"end":{"line":128,"column":65}},"17":{"start":{"line":131,"column":8},"end":{"line":131,"column":4072}},"18":{"start":{"line":136,"column":8},"end":{"line":136,"column":4226}},"19":{"start":{"line":139,"column":8},"end":{"line":139,"column":4328}},"20":{"start":{"line":140,"column":12},"end":{"line":140,"column":74}},"21":{"start":{"line":141,"column":12},"end":{"line":141,"column":65}},"22":{"start":{"line":143,"column":12},"end":{"line":143,"column":4593}},"23":{"start":{"line":149,"column":12},"end":{"line":149,"column":72}},"24":{"start":{"line":150,"column":12},"end":{"line":150,"column":4995}},"25":{"start":{"line":151,"column":16},"end":{"line":151,"column":96}},"26":{"start":{"line":152,"column":12},"end":{"line":152,"column":5076}},"27":{"start":{"line":154,"column":16},"end":{"line":154,"column":5170}},"28":{"start":{"line":159,"column":12},"end":{"line":159,"column":5343}},"29":{"start":{"line":176,"column":8},"end":{"line":176,"column":68}},"30":{"start":{"line":177,"column":8},"end":{"line":177,"column":5866}},"31":{"start":{"line":178,"column":12},"end":{"line":178,"column":95}},"32":{"start":{"line":180,"column":8},"end":{"line":180,"column":68}},"33":{"start":{"line":181,"column":8},"end":{"line":181,"column":67}},"34":{"start":{"line":182,"column":8},"end":{"line":182,"column":6153}},"35":{"start":{"line":183,"column":12},"end":{"line":183,"column":92}},"36":{"start":{"line":185,"column":8},"end":{"line":185,"column":32}}},"branchMap":{"1":{"line":45,"type":"if","locations":[{"start":{"line":45,"column":8},"end":{"line":45,"column":8}},{"start":{"line":45,"column":8},"end":{"line":45,"column":8}}]},"2":{"line":120,"type":"if","locations":[{"start":{"line":120,"column":8},"end":{"line":120,"column":8}},{"start":{"line":120,"column":8},"end":{"line":120,"column":8}}]},"3":{"line":139,"type":"if","locations":[{"start":{"line":139,"column":8},"end":{"line":139,"column":8}},{"start":{"line":139,"column":8},"end":{"line":139,"column":8}}]},"4":{"line":150,"type":"if","locations":[{"start":{"line":150,"column":12},"end":{"line":150,"column":12}},{"start":{"line":150,"column":12},"end":{"line":150,"column":12}}]},"5":{"line":151,"type":"if","locations":[{"start":{"line":151,"column":16},"end":{"line":151,"column":16}},{"start":{"line":151,"column":16},"end":{"line":151,"column":16}}]},"6":{"line":152,"type":"if","locations":[{"start":{"line":152,"column":12},"end":{"line":152,"column":12}},{"start":{"line":152,"column":12},"end":{"line":152,"column":12}}]},"7":{"line":154,"type":"if","locations":[{"start":{"line":154,"column":16},"end":{"line":154,"column":16}},{"start":{"line":154,"column":16},"end":{"line":154,"column":16}}]},"8":{"line":177,"type":"if","locations":[{"start":{"line":177,"column":8},"end":{"line":177,"column":8}},{"start":{"line":177,"column":8},"end":{"line":177,"column":8}}]},"9":{"line":178,"type":"if","locations":[{"start":{"line":178,"column":12},"end":{"line":178,"column":12}},{"start":{"line":178,"column":12},"end":{"line":178,"column":12}}]},"10":{"line":182,"type":"if","locations":[{"start":{"line":182,"column":8},"end":{"line":182,"column":8}},{"start":{"line":182,"column":8},"end":{"line":182,"column":8}}]},"11":{"line":183,"type":"if","locations":[{"start":{"line":183,"column":12},"end":{"line":183,"column":12}},{"start":{"line":183,"column":12},"end":{"line":183,"column":12}}]}}},"contracts/GoodMarketMaker.sol":{"l":{"68":9,"69":9,"73":162,"74":162,"75":156,"88":3,"89":3,"105":12,"124":22,"125":22,"126":22,"127":2,"129":22,"150":10,"151":10,"152":10,"153":1,"155":10,"156":10,"171":13,"172":13,"193":10,"194":10,"215":11,"216":11,"217":11,"218":11,"219":11,"227":11,"242":3,"243":3,"244":1,"245":1,"246":1,"247":1,"255":1,"269":11,"273":9,"274":9,"275":7,"276":7,"277":7,"278":7,"279":7,"287":7,"300":56,"301":56,"326":11,"329":11,"343":9,"344":7,"345":7,"346":7,"347":7,"348":7,"349":7,"350":7,"357":7,"374":9,"375":9,"376":9,"379":9,"383":9,"384":9,"389":9,"398":7,"399":7,"400":7,"401":7,"402":7,"403":7,"404":7,"405":7},"path":"/Users/or/projects/gdd/GoodContracts/stakingModel/contracts/GoodMarketMaker.sol","s":{"1":9,"2":9,"3":162,"4":162,"5":3,"6":3,"7":12,"8":22,"9":22,"10":22,"11":2,"12":22,"13":10,"14":10,"15":10,"16":1,"17":10,"18":10,"19":13,"20":13,"21":10,"22":10,"23":11,"24":11,"25":11,"26":11,"27":11,"28":11,"29":3,"30":3,"31":1,"32":1,"33":1,"34":1,"35":1,"36":11,"37":9,"38":9,"39":7,"40":7,"41":7,"42":7,"43":7,"44":7,"45":56,"46":56,"47":11,"48":11,"49":9,"50":7,"51":7,"52":7,"53":7,"54":7,"55":7,"56":7,"57":7,"58":9,"59":9,"60":9,"61":9,"62":9,"63":9,"64":9,"65":7,"66":7,"67":7,"68":7,"69":7,"70":7,"71":7,"72":7},"b":{"1":[156,6],"2":[2,20],"3":[1,9],"4":[1,2],"5":[9,2],"6":[7,2],"7":[7,2]},"f":{"1":9,"2":162,"3":3,"4":12,"5":22,"6":10,"7":13,"8":10,"9":11,"10":3,"11":11,"12":56,"13":11,"14":9,"15":9,"16":7},"fnMap":{"1":{"name":"constructor","line":67,"loc":{"start":{"line":67,"column":40},"end":{"line":67,"column":3}}},"2":{"name":"onlyActiveToken","line":72,"loc":{"start":{"line":72,"column":4},"end":{"line":72,"column":40}}},"3":{"name":"setReserveRatioDailyExpansion","line":86,"loc":{"start":{"line":86,"column":17},"end":{"line":87,"column":5}}},"4":{"name":"initializeToken","line":104,"loc":{"start":{"line":104,"column":21},"end":{"line":104,"column":3}}},"5":{"name":"calculateNewReserveRatio","line":121,"loc":{"start":{"line":121,"column":30},"end":{"line":123,"column":5}}},"6":{"name":"expandReserveRatio","line":147,"loc":{"start":{"line":147,"column":30},"end":{"line":149,"column":5}}},"7":{"name":"buyReturn","line":168,"loc":{"start":{"line":168,"column":30},"end":{"line":170,"column":5}}},"8":{"name":"sellReturn","line":190,"loc":{"start":{"line":190,"column":30},"end":{"line":192,"column":5}}},"9":{"name":"buy","line":212,"loc":{"start":{"line":212,"column":30},"end":{"line":214,"column":5}}},"10":{"name":"sell","line":239,"loc":{"start":{"line":239,"column":30},"end":{"line":241,"column":5}}},"11":{"name":"sellWithContribution","line":268,"loc":{"start":{"line":268,"column":45},"end":{"line":268,"column":21}}},"12":{"name":"currentPrice","line":297,"loc":{"start":{"line":297,"column":30},"end":{"line":299,"column":5}}},"13":{"name":"calculateMintInterest","line":323,"loc":{"start":{"line":323,"column":30},"end":{"line":325,"column":5}}},"14":{"name":"mintInterest","line":340,"loc":{"start":{"line":340,"column":16},"end":{"line":342,"column":5}}},"15":{"name":"calculateMintExpansion","line":371,"loc":{"start":{"line":371,"column":30},"end":{"line":373,"column":5}}},"16":{"name":"mintExpansion","line":397,"loc":{"start":{"line":397,"column":56},"end":{"line":397,"column":21}}}},"statementMap":{"1":{"start":{"line":68,"column":8},"end":{"line":68,"column":46}},"2":{"start":{"line":69,"column":8},"end":{"line":69,"column":54}},"3":{"start":{"line":73,"column":8},"end":{"line":73,"column":68}},"4":{"start":{"line":74,"column":8},"end":{"line":74,"column":68}},"5":{"start":{"line":88,"column":8},"end":{"line":88,"column":54}},"6":{"start":{"line":89,"column":8},"end":{"line":89,"column":58}},"7":{"start":{"line":105,"column":8},"end":{"line":105,"column":2981}},"8":{"start":{"line":124,"column":8},"end":{"line":124,"column":73}},"9":{"start":{"line":125,"column":8},"end":{"line":125,"column":48}},"10":{"start":{"line":126,"column":8},"end":{"line":126,"column":3653}},"11":{"start":{"line":127,"column":12},"end":{"line":127,"column":22}},"12":{"start":{"line":129,"column":8},"end":{"line":129,"column":3719}},"13":{"start":{"line":150,"column":8},"end":{"line":150,"column":74}},"14":{"start":{"line":151,"column":8},"end":{"line":151,"column":48}},"15":{"start":{"line":152,"column":8},"end":{"line":152,"column":4441}},"16":{"start":{"line":153,"column":12},"end":{"line":153,"column":22}},"17":{"start":{"line":155,"column":8},"end":{"line":155,"column":67}},"18":{"start":{"line":156,"column":8},"end":{"line":156,"column":40}},"19":{"start":{"line":171,"column":8},"end":{"line":171,"column":67}},"20":{"start":{"line":172,"column":8},"end":{"line":172,"column":5082}},"21":{"start":{"line":193,"column":8},"end":{"line":193,"column":67}},"22":{"start":{"line":194,"column":8},"end":{"line":194,"column":5752}},"23":{"start":{"line":215,"column":8},"end":{"line":215,"column":58}},"24":{"start":{"line":216,"column":8},"end":{"line":216,"column":68}},"25":{"start":{"line":217,"column":8},"end":{"line":217,"column":54}},"26":{"start":{"line":218,"column":8},"end":{"line":218,"column":68}},"27":{"start":{"line":219,"column":8},"end":{"line":219,"column":6632}},"28":{"start":{"line":227,"column":8},"end":{"line":227,"column":23}},"29":{"start":{"line":242,"column":8},"end":{"line":242,"column":68}},"30":{"start":{"line":243,"column":8},"end":{"line":243,"column":88}},"31":{"start":{"line":244,"column":8},"end":{"line":244,"column":59}},"32":{"start":{"line":245,"column":8},"end":{"line":245,"column":55}},"33":{"start":{"line":246,"column":8},"end":{"line":246,"column":67}},"34":{"start":{"line":247,"column":8},"end":{"line":247,"column":7643}},"35":{"start":{"line":255,"column":8},"end":{"line":255,"column":26}},"36":{"start":{"line":269,"column":8},"end":{"line":269,"column":8365}},"37":{"start":{"line":273,"column":8},"end":{"line":273,"column":68}},"38":{"start":{"line":274,"column":8},"end":{"line":274,"column":88}},"39":{"start":{"line":275,"column":8},"end":{"line":275,"column":78}},"40":{"start":{"line":276,"column":8},"end":{"line":276,"column":73}},"41":{"start":{"line":277,"column":8},"end":{"line":277,"column":55}},"42":{"start":{"line":278,"column":8},"end":{"line":278,"column":67}},"43":{"start":{"line":279,"column":8},"end":{"line":279,"column":8948}},"44":{"start":{"line":287,"column":8},"end":{"line":287,"column":26}},"45":{"start":{"line":300,"column":8},"end":{"line":300,"column":67}},"46":{"start":{"line":301,"column":8},"end":{"line":301,"column":9517}},"47":{"start":{"line":326,"column":8},"end":{"line":326,"column":78}},"48":{"start":{"line":329,"column":8},"end":{"line":329,"column":80}},"49":{"start":{"line":343,"column":8},"end":{"line":343,"column":67}},"50":{"start":{"line":344,"column":8},"end":{"line":344,"column":71}},"51":{"start":{"line":345,"column":8},"end":{"line":345,"column":74}},"52":{"start":{"line":346,"column":8},"end":{"line":346,"column":48}},"53":{"start":{"line":347,"column":8},"end":{"line":347,"column":59}},"54":{"start":{"line":348,"column":8},"end":{"line":348,"column":51}},"55":{"start":{"line":349,"column":8},"end":{"line":349,"column":71}},"56":{"start":{"line":350,"column":8},"end":{"line":350,"column":11578}},"57":{"start":{"line":357,"column":8},"end":{"line":357,"column":21}},"58":{"start":{"line":374,"column":8},"end":{"line":374,"column":73}},"59":{"start":{"line":375,"column":8},"end":{"line":375,"column":65}},"60":{"start":{"line":376,"column":8},"end":{"line":376,"column":12478}},"61":{"start":{"line":379,"column":8},"end":{"line":379,"column":12639}},"62":{"start":{"line":383,"column":8},"end":{"line":383,"column":80}},"63":{"start":{"line":384,"column":8},"end":{"line":384,"column":12952}},"64":{"start":{"line":389,"column":8},"end":{"line":389,"column":48}},"65":{"start":{"line":398,"column":8},"end":{"line":398,"column":55}},"66":{"start":{"line":399,"column":8},"end":{"line":399,"column":74}},"67":{"start":{"line":400,"column":8},"end":{"line":400,"column":48}},"68":{"start":{"line":401,"column":8},"end":{"line":401,"column":49}},"69":{"start":{"line":402,"column":8},"end":{"line":402,"column":51}},"70":{"start":{"line":403,"column":8},"end":{"line":403,"column":33}},"71":{"start":{"line":404,"column":8},"end":{"line":404,"column":85}},"72":{"start":{"line":405,"column":8},"end":{"line":405,"column":21}}},"branchMap":{"1":{"line":74,"type":"if","locations":[{"start":{"line":74,"column":8},"end":{"line":74,"column":8}},{"start":{"line":74,"column":8},"end":{"line":74,"column":8}}]},"2":{"line":126,"type":"if","locations":[{"start":{"line":126,"column":8},"end":{"line":126,"column":8}},{"start":{"line":126,"column":8},"end":{"line":126,"column":8}}]},"3":{"line":152,"type":"if","locations":[{"start":{"line":152,"column":8},"end":{"line":152,"column":8}},{"start":{"line":152,"column":8},"end":{"line":152,"column":8}}]},"4":{"line":243,"type":"if","locations":[{"start":{"line":243,"column":8},"end":{"line":243,"column":8}},{"start":{"line":243,"column":8},"end":{"line":243,"column":8}}]},"5":{"line":269,"type":"if","locations":[{"start":{"line":269,"column":8},"end":{"line":269,"column":8}},{"start":{"line":269,"column":8},"end":{"line":269,"column":8}}]},"6":{"line":274,"type":"if","locations":[{"start":{"line":274,"column":8},"end":{"line":274,"column":8}},{"start":{"line":274,"column":8},"end":{"line":274,"column":8}}]},"7":{"line":343,"type":"if","locations":[{"start":{"line":343,"column":8},"end":{"line":343,"column":8}},{"start":{"line":343,"column":8},"end":{"line":343,"column":8}}]}}},"contracts/GoodReserveCDai.sol":{"l":{"72":10,"73":8,"77":42,"78":36,"133":5,"134":5,"135":5,"136":5,"137":5,"138":5,"139":5,"140":5,"141":5,"148":4,"149":4,"155":4,"163":2,"171":1,"179":2,"187":3,"188":3,"189":3,"206":16,"210":14,"214":10,"215":10,"216":8,"217":8,"224":8,"242":10,"243":6,"250":6,"255":6,"256":4,"257":4,"265":4,"273":16,"295":8,"296":6,"297":6,"298":6,"299":6,"300":6,"301":6,"302":6,"303":6,"304":6,"305":6,"306":6,"315":6,"325":3,"326":3,"327":2,"332":3,"333":3,"334":3,"335":3,"339":8},"path":"/Users/or/projects/gdd/GoodContracts/stakingModel/contracts/GoodReserveCDai.sol","s":{"1":10,"2":42,"3":5,"4":5,"5":5,"6":5,"7":5,"8":5,"9":5,"10":5,"11":5,"12":4,"13":4,"14":4,"15":2,"16":1,"17":2,"18":3,"19":3,"20":3,"21":16,"22":14,"23":10,"24":10,"25":8,"26":8,"27":8,"28":10,"29":6,"30":6,"31":6,"32":4,"33":4,"34":4,"35":16,"36":8,"37":6,"38":6,"39":6,"40":6,"41":6,"42":6,"43":6,"44":6,"45":6,"46":6,"47":6,"48":6,"49":3,"50":3,"51":2,"52":3,"53":3,"54":3,"55":3,"56":8},"b":{"1":[8,2],"2":[36,6],"3":[14,2],"4":[10,4],"5":[8,2],"6":[4,2],"7":[4,0],"8":[6,2],"9":[2,1],"10":[2,0],"11":[3,0]},"f":{"1":10,"2":42,"3":5,"4":4,"5":2,"6":1,"7":2,"8":3,"9":16,"10":10,"11":16,"12":8,"13":3,"14":8},"fnMap":{"1":{"name":"onlyFundManager","line":71,"loc":{"start":{"line":71,"column":4},"end":{"line":71,"column":26}}},"2":{"name":"onlyCDai","line":76,"loc":{"start":{"line":76,"column":4},"end":{"line":76,"column":32}}},"3":{"name":"constructor","line":132,"loc":{"start":{"line":132,"column":81},"end":{"line":132,"column":3}}},"4":{"name":"start","line":147,"loc":{"start":{"line":147,"column":41},"end":{"line":147,"column":3}}},"5":{"name":"setMarketMaker","line":162,"loc":{"start":{"line":162,"column":66},"end":{"line":162,"column":3}}},"6":{"name":"setFundManager","line":170,"loc":{"start":{"line":170,"column":66},"end":{"line":170,"column":3}}},"7":{"name":"setBlockInterval","line":178,"loc":{"start":{"line":178,"column":70},"end":{"line":178,"column":3}}},"8":{"name":"setContributionAddress","line":186,"loc":{"start":{"line":186,"column":75},"end":{"line":186,"column":3}}},"9":{"name":"buy","line":205,"loc":{"start":{"line":205,"column":43},"end":{"line":205,"column":21}}},"10":{"name":"sell","line":241,"loc":{"start":{"line":241,"column":42},"end":{"line":241,"column":21}}},"11":{"name":"currentPrice","line":272,"loc":{"start":{"line":272,"column":4},"end":{"line":272,"column":66}}},"12":{"name":"mintInterestAndUBI","line":292,"loc":{"start":{"line":292,"column":22},"end":{"line":294,"column":5}}},"13":{"name":"end","line":324,"loc":{"start":{"line":324,"column":35},"end":{"line":324,"column":3}}},"14":{"name":"canMint","line":338,"loc":{"start":{"line":338,"column":4},"end":{"line":338,"column":47}}}},"statementMap":{"1":{"start":{"line":72,"column":8},"end":{"line":72,"column":82}},"2":{"start":{"line":77,"column":8},"end":{"line":77,"column":73}},"3":{"start":{"line":133,"column":8},"end":{"line":133,"column":17}},"4":{"start":{"line":134,"column":8},"end":{"line":134,"column":19}},"5":{"start":{"line":135,"column":8},"end":{"line":135,"column":31}},"6":{"start":{"line":136,"column":8},"end":{"line":136,"column":23}},"7":{"start":{"line":137,"column":8},"end":{"line":137,"column":33}},"8":{"start":{"line":138,"column":8},"end":{"line":138,"column":50}},"9":{"start":{"line":139,"column":8},"end":{"line":139,"column":37}},"10":{"start":{"line":140,"column":8},"end":{"line":140,"column":51}},"11":{"start":{"line":141,"column":8},"end":{"line":141,"column":35}},"12":{"start":{"line":148,"column":8},"end":{"line":148,"column":18}},"13":{"start":{"line":149,"column":8},"end":{"line":149,"column":4064}},"14":{"start":{"line":155,"column":8},"end":{"line":155,"column":20}},"15":{"start":{"line":163,"column":8},"end":{"line":163,"column":50}},"16":{"start":{"line":171,"column":8},"end":{"line":171,"column":33}},"17":{"start":{"line":179,"column":8},"end":{"line":179,"column":37}},"18":{"start":{"line":187,"column":8},"end":{"line":187,"column":51}},"19":{"start":{"line":188,"column":8},"end":{"line":188,"column":53}},"20":{"start":{"line":189,"column":8},"end":{"line":189,"column":79}},"21":{"start":{"line":206,"column":8},"end":{"line":206,"column":6140}},"22":{"start":{"line":210,"column":8},"end":{"line":210,"column":6295}},"23":{"start":{"line":214,"column":8},"end":{"line":214,"column":64}},"24":{"start":{"line":215,"column":8},"end":{"line":215,"column":78}},"25":{"start":{"line":216,"column":8},"end":{"line":216,"column":68}},"26":{"start":{"line":217,"column":8},"end":{"line":217,"column":6696}},"27":{"start":{"line":224,"column":8},"end":{"line":224,"column":23}},"28":{"start":{"line":242,"column":8},"end":{"line":242,"column":72}},"29":{"start":{"line":243,"column":8},"end":{"line":243,"column":7780}},"30":{"start":{"line":250,"column":8},"end":{"line":250,"column":7972}},"31":{"start":{"line":255,"column":8},"end":{"line":255,"column":84}},"32":{"start":{"line":256,"column":8},"end":{"line":256,"column":83}},"33":{"start":{"line":257,"column":8},"end":{"line":257,"column":8293}},"34":{"start":{"line":265,"column":8},"end":{"line":265,"column":26}},"35":{"start":{"line":273,"column":8},"end":{"line":273,"column":46}},"36":{"start":{"line":295,"column":8},"end":{"line":295,"column":63}},"37":{"start":{"line":296,"column":8},"end":{"line":296,"column":51}},"38":{"start":{"line":297,"column":8},"end":{"line":297,"column":86}},"39":{"start":{"line":298,"column":8},"end":{"line":298,"column":79}},"40":{"start":{"line":299,"column":8},"end":{"line":299,"column":73}},"41":{"start":{"line":300,"column":8},"end":{"line":300,"column":76}},"42":{"start":{"line":301,"column":8},"end":{"line":301,"column":56}},"43":{"start":{"line":302,"column":8},"end":{"line":302,"column":43}},"44":{"start":{"line":303,"column":8},"end":{"line":303,"column":46}},"45":{"start":{"line":304,"column":8},"end":{"line":304,"column":67}},"46":{"start":{"line":305,"column":8},"end":{"line":305,"column":51}},"47":{"start":{"line":306,"column":8},"end":{"line":306,"column":10228}},"48":{"start":{"line":315,"column":8},"end":{"line":315,"column":34}},"49":{"start":{"line":325,"column":8},"end":{"line":325,"column":64}},"50":{"start":{"line":326,"column":8},"end":{"line":326,"column":10939}},"51":{"start":{"line":327,"column":12},"end":{"line":327,"column":10983}},"52":{"start":{"line":332,"column":8},"end":{"line":332,"column":79}},"53":{"start":{"line":333,"column":8},"end":{"line":333,"column":53}},"54":{"start":{"line":334,"column":8},"end":{"line":334,"column":34}},"55":{"start":{"line":335,"column":8},"end":{"line":335,"column":32}},"56":{"start":{"line":339,"column":8},"end":{"line":339,"column":59}}},"branchMap":{"1":{"line":72,"type":"if","locations":[{"start":{"line":72,"column":8},"end":{"line":72,"column":8}},{"start":{"line":72,"column":8},"end":{"line":72,"column":8}}]},"2":{"line":77,"type":"if","locations":[{"start":{"line":77,"column":8},"end":{"line":77,"column":8}},{"start":{"line":77,"column":8},"end":{"line":77,"column":8}}]},"3":{"line":206,"type":"if","locations":[{"start":{"line":206,"column":8},"end":{"line":206,"column":8}},{"start":{"line":206,"column":8},"end":{"line":206,"column":8}}]},"4":{"line":210,"type":"if","locations":[{"start":{"line":210,"column":8},"end":{"line":210,"column":8}},{"start":{"line":210,"column":8},"end":{"line":210,"column":8}}]},"5":{"line":215,"type":"if","locations":[{"start":{"line":215,"column":8},"end":{"line":215,"column":8}},{"start":{"line":215,"column":8},"end":{"line":215,"column":8}}]},"6":{"line":255,"type":"if","locations":[{"start":{"line":255,"column":8},"end":{"line":255,"column":8}},{"start":{"line":255,"column":8},"end":{"line":255,"column":8}}]},"7":{"line":256,"type":"if","locations":[{"start":{"line":256,"column":8},"end":{"line":256,"column":8}},{"start":{"line":256,"column":8},"end":{"line":256,"column":8}}]},"8":{"line":295,"type":"if","locations":[{"start":{"line":295,"column":8},"end":{"line":295,"column":8}},{"start":{"line":295,"column":8},"end":{"line":295,"column":8}}]},"9":{"line":326,"type":"if","locations":[{"start":{"line":326,"column":8},"end":{"line":326,"column":8}},{"start":{"line":326,"column":8},"end":{"line":326,"column":8}}]},"10":{"line":327,"type":"if","locations":[{"start":{"line":327,"column":12},"end":{"line":327,"column":12}},{"start":{"line":327,"column":12},"end":{"line":327,"column":12}}]},"11":{"line":332,"type":"if","locations":[{"start":{"line":332,"column":8},"end":{"line":332,"column":8}},{"start":{"line":332,"column":8},"end":{"line":332,"column":8}}]}}},"contracts/mocks/SimpleDAIStakingNoDonation.sol":{"l":{"33":1,"35":1},"path":"/Users/or/projects/gdd/GoodContracts/stakingModel/contracts/mocks/SimpleDAIStakingNoDonation.sol","s":{"1":1,"2":1},"b":{},"f":{"1":1,"2":1},"fnMap":{"1":{"name":"constructor","line":20,"loc":{"start":{"line":20,"column":86},"end":{"line":21,"column":5}}},"2":{"name":"collectUBIInterest","line":25,"loc":{"start":{"line":25,"column":22},"end":{"line":32,"column":5}}}},"statementMap":{"1":{"start":{"line":33,"column":8},"end":{"line":33,"column":749}},"2":{"start":{"line":35,"column":8},"end":{"line":35,"column":57}}},"branchMap":{}},"contracts/SimpleDAIStaking.sol":{"l":{"65":16,"66":14,"77":12,"78":12,"79":12,"80":12,"81":12,"82":12,"90":1,"98":31,"99":29,"103":27,"109":25,"110":25,"112":19,"116":2,"118":17,"119":17,"120":17,"121":17,"122":17,"129":17,"130":17,"131":11,"132":11,"133":11,"134":11,"135":11,"136":11,"137":1,"139":11,"140":11,"144":17,"147":17,"148":17,"160":14,"161":14,"162":14,"163":4,"165":10,"167":10,"169":10,"171":10,"173":10,"174":10,"191":12,"193":10,"195":8,"200":8,"201":8,"202":5,"203":8,"204":8,"212":13,"219":2,"228":1,"229":1},"path":"/Users/or/projects/gdd/GoodContracts/stakingModel/contracts/SimpleDAIStaking.sol","s":{"1":16,"2":12,"3":12,"4":12,"5":12,"6":12,"7":12,"8":1,"9":31,"10":29,"11":27,"12":25,"13":25,"14":19,"15":2,"16":17,"17":17,"18":17,"19":17,"20":17,"21":17,"22":17,"23":11,"24":11,"25":11,"26":11,"27":11,"28":11,"29":1,"30":11,"31":11,"32":17,"33":17,"34":17,"35":14,"36":14,"37":14,"38":4,"39":10,"40":10,"41":10,"42":10,"43":10,"44":10,"45":12,"46":10,"47":8,"48":8,"49":8,"50":5,"51":8,"52":8,"53":13,"54":2,"55":1,"56":1},"b":{"1":[14,2],"2":[29,2],"3":[27,2],"4":[25,2],"5":[2,17],"6":[0,2],"7":[11,6],"8":[11,0],"9":[1,10],"10":[11,0],"11":[4,10],"12":[10,2],"13":[8,2],"14":[5,3],"15":[5,0]},"f":{"1":16,"2":12,"3":1,"4":31,"5":17,"6":17,"7":14,"8":12,"9":13,"10":2,"11":1},"fnMap":{"1":{"name":"onlyFundManager","line":64,"loc":{"start":{"line":64,"column":4},"end":{"line":64,"column":26}}},"2":{"name":"constructor","line":76,"loc":{"start":{"line":76,"column":45},"end":{"line":76,"column":3}}},"3":{"name":"setFundManager","line":89,"loc":{"start":{"line":89,"column":66},"end":{"line":89,"column":3}}},"4":{"name":"stakeDAI","line":97,"loc":{"start":{"line":97,"column":57},"end":{"line":97,"column":3}}},"5":{"name":"withdrawStake","line":128,"loc":{"start":{"line":128,"column":4},"end":{"line":128,"column":33}}},"6":{"name":"currentDAIWorth","line":143,"loc":{"start":{"line":143,"column":4},"end":{"line":143,"column":58}}},"7":{"name":"currentUBIInterest","line":151,"loc":{"start":{"line":151,"column":4},"end":{"line":159,"column":5}}},"8":{"name":"collectUBIInterest","line":183,"loc":{"start":{"line":183,"column":22},"end":{"line":190,"column":5}}},"9":{"name":"canCollect","line":211,"loc":{"start":{"line":211,"column":4},"end":{"line":211,"column":50}}},"10":{"name":"start","line":218,"loc":{"start":{"line":218,"column":41},"end":{"line":218,"column":3}}},"11":{"name":"end","line":227,"loc":{"start":{"line":227,"column":35},"end":{"line":227,"column":3}}}},"statementMap":{"1":{"start":{"line":65,"column":8},"end":{"line":65,"column":82}},"2":{"start":{"line":77,"column":8},"end":{"line":77,"column":24}},"3":{"start":{"line":78,"column":8},"end":{"line":78,"column":27}},"4":{"start":{"line":79,"column":8},"end":{"line":79,"column":37}},"5":{"start":{"line":80,"column":8},"end":{"line":80,"column":58}},"6":{"start":{"line":81,"column":8},"end":{"line":81,"column":33}},"7":{"start":{"line":82,"column":8},"end":{"line":82,"column":33}},"8":{"start":{"line":90,"column":8},"end":{"line":90,"column":33}},"9":{"start":{"line":98,"column":8},"end":{"line":98,"column":71}},"10":{"start":{"line":99,"column":8},"end":{"line":99,"column":3033}},"11":{"start":{"line":103,"column":8},"end":{"line":103,"column":3178}},"12":{"start":{"line":109,"column":8},"end":{"line":109,"column":41}},"13":{"start":{"line":110,"column":8},"end":{"line":110,"column":39}},"14":{"start":{"line":112,"column":8},"end":{"line":112,"column":3500}},"15":{"start":{"line":116,"column":12},"end":{"line":116,"column":67}},"16":{"start":{"line":118,"column":8},"end":{"line":118,"column":51}},"17":{"start":{"line":119,"column":8},"end":{"line":119,"column":54}},"18":{"start":{"line":120,"column":8},"end":{"line":120,"column":38}},"19":{"start":{"line":121,"column":8},"end":{"line":121,"column":44}},"20":{"start":{"line":122,"column":8},"end":{"line":122,"column":42}},"21":{"start":{"line":129,"column":8},"end":{"line":129,"column":51}},"22":{"start":{"line":130,"column":8},"end":{"line":130,"column":53}},"23":{"start":{"line":131,"column":8},"end":{"line":131,"column":85}},"24":{"start":{"line":132,"column":8},"end":{"line":132,"column":46}},"25":{"start":{"line":133,"column":8},"end":{"line":133,"column":27}},"26":{"start":{"line":134,"column":8},"end":{"line":134,"column":49}},"27":{"start":{"line":135,"column":8},"end":{"line":135,"column":56}},"28":{"start":{"line":136,"column":8},"end":{"line":136,"column":4509}},"29":{"start":{"line":137,"column":12},"end":{"line":137,"column":34}},"30":{"start":{"line":139,"column":8},"end":{"line":139,"column":81}},"31":{"start":{"line":140,"column":8},"end":{"line":140,"column":65}},"32":{"start":{"line":144,"column":8},"end":{"line":144,"column":46}},"33":{"start":{"line":147,"column":8},"end":{"line":147,"column":83}},"34":{"start":{"line":148,"column":8},"end":{"line":148,"column":25}},"35":{"start":{"line":160,"column":8},"end":{"line":160,"column":46}},"36":{"start":{"line":161,"column":8},"end":{"line":161,"column":44}},"37":{"start":{"line":162,"column":8},"end":{"line":162,"column":5323}},"38":{"start":{"line":163,"column":12},"end":{"line":163,"column":28}},"39":{"start":{"line":165,"column":8},"end":{"line":165,"column":52}},"40":{"start":{"line":167,"column":8},"end":{"line":167,"column":53}},"41":{"start":{"line":169,"column":8},"end":{"line":169,"column":55}},"42":{"start":{"line":171,"column":8},"end":{"line":171,"column":38}},"43":{"start":{"line":173,"column":8},"end":{"line":173,"column":75}},"44":{"start":{"line":174,"column":8},"end":{"line":174,"column":54}},"45":{"start":{"line":191,"column":8},"end":{"line":191,"column":86}},"46":{"start":{"line":193,"column":8},"end":{"line":193,"column":66}},"47":{"start":{"line":195,"column":8},"end":{"line":195,"column":6624}},"48":{"start":{"line":200,"column":8},"end":{"line":200,"column":58}},"49":{"start":{"line":201,"column":8},"end":{"line":201,"column":6878}},"50":{"start":{"line":202,"column":12},"end":{"line":202,"column":82}},"51":{"start":{"line":203,"column":8},"end":{"line":203,"column":80}},"52":{"start":{"line":204,"column":8},"end":{"line":204,"column":79}},"53":{"start":{"line":212,"column":8},"end":{"line":212,"column":66}},"54":{"start":{"line":219,"column":8},"end":{"line":219,"column":18}},"55":{"start":{"line":228,"column":8},"end":{"line":228,"column":14}},"56":{"start":{"line":229,"column":8},"end":{"line":229,"column":21}}},"branchMap":{"1":{"line":65,"type":"if","locations":[{"start":{"line":65,"column":8},"end":{"line":65,"column":8}},{"start":{"line":65,"column":8},"end":{"line":65,"column":8}}]},"2":{"line":98,"type":"if","locations":[{"start":{"line":98,"column":8},"end":{"line":98,"column":8}},{"start":{"line":98,"column":8},"end":{"line":98,"column":8}}]},"3":{"line":99,"type":"if","locations":[{"start":{"line":99,"column":8},"end":{"line":99,"column":8}},{"start":{"line":99,"column":8},"end":{"line":99,"column":8}}]},"4":{"line":103,"type":"if","locations":[{"start":{"line":103,"column":8},"end":{"line":103,"column":8}},{"start":{"line":103,"column":8},"end":{"line":103,"column":8}}]},"5":{"line":112,"type":"if","locations":[{"start":{"line":112,"column":8},"end":{"line":112,"column":8}},{"start":{"line":112,"column":8},"end":{"line":112,"column":8}}]},"6":{"line":116,"type":"if","locations":[{"start":{"line":116,"column":12},"end":{"line":116,"column":12}},{"start":{"line":116,"column":12},"end":{"line":116,"column":12}}]},"7":{"line":130,"type":"if","locations":[{"start":{"line":130,"column":8},"end":{"line":130,"column":8}},{"start":{"line":130,"column":8},"end":{"line":130,"column":8}}]},"8":{"line":131,"type":"if","locations":[{"start":{"line":131,"column":8},"end":{"line":131,"column":8}},{"start":{"line":131,"column":8},"end":{"line":131,"column":8}}]},"9":{"line":136,"type":"if","locations":[{"start":{"line":136,"column":8},"end":{"line":136,"column":8}},{"start":{"line":136,"column":8},"end":{"line":136,"column":8}}]},"10":{"line":139,"type":"if","locations":[{"start":{"line":139,"column":8},"end":{"line":139,"column":8}},{"start":{"line":139,"column":8},"end":{"line":139,"column":8}}]},"11":{"line":162,"type":"if","locations":[{"start":{"line":162,"column":8},"end":{"line":162,"column":8}},{"start":{"line":162,"column":8},"end":{"line":162,"column":8}}]},"12":{"line":191,"type":"if","locations":[{"start":{"line":191,"column":8},"end":{"line":191,"column":8}},{"start":{"line":191,"column":8},"end":{"line":191,"column":8}}]},"13":{"line":193,"type":"if","locations":[{"start":{"line":193,"column":8},"end":{"line":193,"column":8}},{"start":{"line":193,"column":8},"end":{"line":193,"column":8}}]},"14":{"line":201,"type":"if","locations":[{"start":{"line":201,"column":8},"end":{"line":201,"column":8}},{"start":{"line":201,"column":8},"end":{"line":201,"column":8}}]},"15":{"line":202,"type":"if","locations":[{"start":{"line":202,"column":12},"end":{"line":202,"column":12}},{"start":{"line":202,"column":12},"end":{"line":202,"column":12}}]}}},"contracts/UBIScheme.sol":{"l":{"100":5,"102":3,"103":3,"104":3,"112":13,"113":13,"114":13,"115":13,"125":13,"126":13,"127":13,"138":32,"140":32,"141":16,"142":16,"143":16,"144":16,"145":16,"146":16,"147":16,"148":16,"149":15,"151":16,"154":32,"161":32,"169":13,"176":99,"177":99,"179":76,"181":23,"192":28,"193":28,"194":27,"195":27,"197":13,"200":15,"214":16,"215":16,"216":16,"217":16,"218":16,"219":16,"220":9,"231":5,"232":2,"237":3,"238":2,"241":1,"242":1,"243":1,"257":25,"260":25,"265":9,"266":9,"267":9,"268":9,"269":9,"272":14,"273":14,"274":14,"275":14,"276":14,"277":14,"278":10,"279":10,"280":10,"282":2,"291":25,"306":19,"310":11,"311":7,"315":7,"316":7,"317":7,"318":7,"319":7,"328":4,"329":7,"330":1,"331":1,"333":6,"338":3,"341":3,"342":3,"351":1,"357":1,"365":1},"path":"/Users/or/projects/gdd/GoodContracts/stakingModel/contracts/UBIScheme.sol","s":{"1":5,"2":3,"3":3,"4":3,"5":13,"6":13,"7":13,"8":13,"9":13,"10":13,"11":13,"12":32,"13":32,"14":16,"15":16,"16":13,"17":16,"18":16,"19":16,"20":16,"21":16,"22":16,"23":15,"24":16,"25":32,"26":32,"27":13,"28":99,"29":99,"30":76,"31":23,"32":28,"33":28,"34":27,"35":27,"36":13,"37":15,"38":16,"39":16,"40":16,"41":16,"42":16,"43":16,"44":9,"45":5,"46":2,"47":3,"48":2,"49":1,"50":1,"51":1,"52":25,"53":25,"54":9,"55":9,"56":9,"57":9,"58":9,"59":16,"60":14,"61":14,"62":14,"63":14,"64":14,"65":14,"66":10,"67":10,"68":10,"69":2,"70":25,"71":19,"72":11,"73":7,"74":7,"75":7,"76":7,"77":7,"78":7,"79":4,"80":7,"81":1,"82":1,"83":6,"84":3,"85":3,"86":3,"87":1,"88":1,"89":1},"b":{"1":[3,2],"2":[13,0],"3":[16,16],"4":[13,3],"5":[15,1],"6":[76,23],"7":[27,1],"8":[13,14],"9":[16,0],"10":[9,7],"11":[2,3],"12":[2,1],"13":[9,16],"14":[14,2],"15":[11,8],"16":[7,4],"17":[1,6],"18":[3,3]},"f":{"1":5,"2":13,"3":32,"4":32,"5":13,"6":99,"7":28,"8":16,"9":5,"10":25,"11":25,"12":19,"13":4,"14":1,"15":1},"fnMap":{"1":{"name":"constructor","line":99,"loc":{"start":{"line":99,"column":72},"end":{"line":99,"column":3}}},"2":{"name":"_withdrawFromDao","line":111,"loc":{"start":{"line":111,"column":4},"end":{"line":111,"column":38}}},"3":{"name":"distributionFormula","line":134,"loc":{"start":{"line":134,"column":4},"end":{"line":137,"column":5}}},"4":{"name":"setDay","line":160,"loc":{"start":{"line":160,"column":4},"end":{"line":160,"column":26}}},"5":{"name":"hasClaimed","line":168,"loc":{"start":{"line":168,"column":4},"end":{"line":168,"column":65}}},"6":{"name":"isNotNewUser","line":175,"loc":{"start":{"line":175,"column":4},"end":{"line":175,"column":67}}},"7":{"name":"isActiveUser","line":191,"loc":{"start":{"line":191,"column":4},"end":{"line":191,"column":67}}},"8":{"name":"_transferTokens","line":213,"loc":{"start":{"line":213,"column":26},"end":{"line":213,"column":3}}},"9":{"name":"checkEntitlement","line":229,"loc":{"start":{"line":229,"column":56},"end":{"line":229,"column":21}}},"10":{"name":"_claim","line":252,"loc":{"start":{"line":252,"column":4},"end":{"line":252,"column":58}}},"11":{"name":"claim","line":290,"loc":{"start":{"line":290,"column":56},"end":{"line":290,"column":18}}},"12":{"name":"fish","line":303,"loc":{"start":{"line":303,"column":54},"end":{"line":303,"column":18}}},"13":{"name":"fishMulti","line":327,"loc":{"start":{"line":327,"column":69},"end":{"line":327,"column":21}}},"14":{"name":"start","line":350,"loc":{"start":{"line":350,"column":41},"end":{"line":350,"column":3}}},"15":{"name":"setShouldWithdrawFromDAO","line":364,"loc":{"start":{"line":364,"column":76},"end":{"line":364,"column":3}}}},"statementMap":{"1":{"start":{"line":100,"column":8},"end":{"line":100,"column":72}},"2":{"start":{"line":102,"column":8},"end":{"line":102,"column":41}},"3":{"start":{"line":103,"column":8},"end":{"line":103,"column":39}},"4":{"start":{"line":104,"column":8},"end":{"line":104,"column":36}},"5":{"start":{"line":112,"column":8},"end":{"line":112,"column":45}},"6":{"start":{"line":113,"column":8},"end":{"line":113,"column":60}},"7":{"start":{"line":114,"column":8},"end":{"line":114,"column":61}},"8":{"start":{"line":115,"column":8},"end":{"line":115,"column":4132}},"9":{"start":{"line":125,"column":8},"end":{"line":125,"column":56}},"10":{"start":{"line":126,"column":8},"end":{"line":126,"column":87}},"11":{"start":{"line":127,"column":8},"end":{"line":127,"column":53}},"12":{"start":{"line":138,"column":8},"end":{"line":138,"column":15}},"13":{"start":{"line":140,"column":8},"end":{"line":140,"column":4959}},"14":{"start":{"line":141,"column":12},"end":{"line":141,"column":39}},"15":{"start":{"line":142,"column":12},"end":{"line":142,"column":57}},"16":{"start":{"line":142,"column":39},"end":{"line":142,"column":56}},"17":{"start":{"line":143,"column":12},"end":{"line":143,"column":49}},"18":{"start":{"line":144,"column":12},"end":{"line":144,"column":67}},"19":{"start":{"line":145,"column":12},"end":{"line":145,"column":61}},"20":{"start":{"line":146,"column":12},"end":{"line":146,"column":53}},"21":{"start":{"line":147,"column":12},"end":{"line":147,"column":44}},"22":{"start":{"line":148,"column":12},"end":{"line":148,"column":5399}},"23":{"start":{"line":149,"column":16},"end":{"line":149,"column":62}},"24":{"start":{"line":151,"column":12},"end":{"line":151,"column":66}},"25":{"start":{"line":154,"column":8},"end":{"line":154,"column":23}},"26":{"start":{"line":161,"column":8},"end":{"line":161,"column":51}},"27":{"start":{"line":169,"column":8},"end":{"line":169,"column":55}},"28":{"start":{"line":176,"column":8},"end":{"line":176,"column":50}},"29":{"start":{"line":177,"column":8},"end":{"line":177,"column":6291}},"30":{"start":{"line":179,"column":12},"end":{"line":179,"column":23}},"31":{"start":{"line":181,"column":8},"end":{"line":181,"column":20}},"32":{"start":{"line":192,"column":8},"end":{"line":192,"column":50}},"33":{"start":{"line":193,"column":8},"end":{"line":193,"column":6947}},"34":{"start":{"line":194,"column":12},"end":{"line":194,"column":70}},"35":{"start":{"line":195,"column":12},"end":{"line":195,"column":7064}},"36":{"start":{"line":197,"column":16},"end":{"line":197,"column":27}},"37":{"start":{"line":200,"column":8},"end":{"line":200,"column":20}},"38":{"start":{"line":214,"column":8},"end":{"line":214,"column":46}},"39":{"start":{"line":215,"column":8},"end":{"line":215,"column":57}},"40":{"start":{"line":216,"column":8},"end":{"line":216,"column":52}},"41":{"start":{"line":217,"column":8},"end":{"line":217,"column":68}},"42":{"start":{"line":218,"column":8},"end":{"line":218,"column":72}},"43":{"start":{"line":219,"column":8},"end":{"line":219,"column":7933}},"44":{"start":{"line":220,"column":12},"end":{"line":220,"column":44}},"45":{"start":{"line":231,"column":8},"end":{"line":231,"column":8497}},"46":{"start":{"line":232,"column":12},"end":{"line":232,"column":47}},"47":{"start":{"line":237,"column":8},"end":{"line":237,"column":8733}},"48":{"start":{"line":238,"column":12},"end":{"line":238,"column":56}},"49":{"start":{"line":241,"column":8},"end":{"line":241,"column":45}},"50":{"start":{"line":242,"column":8},"end":{"line":242,"column":63}},"51":{"start":{"line":243,"column":8},"end":{"line":243,"column":51}},"52":{"start":{"line":257,"column":8},"end":{"line":257,"column":65}},"53":{"start":{"line":260,"column":8},"end":{"line":260,"column":9979}},"54":{"start":{"line":265,"column":12},"end":{"line":265,"column":37}},"55":{"start":{"line":266,"column":12},"end":{"line":266,"column":58}},"56":{"start":{"line":267,"column":12},"end":{"line":267,"column":45}},"57":{"start":{"line":268,"column":12},"end":{"line":268,"column":58}},"58":{"start":{"line":269,"column":12},"end":{"line":269,"column":23}},"59":{"start":{"line":270,"column":15},"end":{"line":270,"column":10362}},"60":{"start":{"line":272,"column":12},"end":{"line":272,"column":53}},"61":{"start":{"line":273,"column":12},"end":{"line":273,"column":48}},"62":{"start":{"line":274,"column":12},"end":{"line":274,"column":37}},"63":{"start":{"line":275,"column":12},"end":{"line":275,"column":58}},"64":{"start":{"line":276,"column":12},"end":{"line":276,"column":45}},"65":{"start":{"line":277,"column":12},"end":{"line":277,"column":67}},"66":{"start":{"line":278,"column":12},"end":{"line":278,"column":49}},"67":{"start":{"line":279,"column":12},"end":{"line":279,"column":39}},"68":{"start":{"line":280,"column":12},"end":{"line":280,"column":23}},"69":{"start":{"line":282,"column":8},"end":{"line":282,"column":20}},"70":{"start":{"line":291,"column":8},"end":{"line":291,"column":33}},"71":{"start":{"line":306,"column":8},"end":{"line":306,"column":12241}},"72":{"start":{"line":310,"column":8},"end":{"line":310,"column":64}},"73":{"start":{"line":311,"column":8},"end":{"line":311,"column":43}},"74":{"start":{"line":315,"column":8},"end":{"line":315,"column":65}},"75":{"start":{"line":316,"column":8},"end":{"line":316,"column":49}},"76":{"start":{"line":317,"column":8},"end":{"line":317,"column":58}},"77":{"start":{"line":318,"column":8},"end":{"line":318,"column":69}},"78":{"start":{"line":319,"column":8},"end":{"line":319,"column":19}},"79":{"start":{"line":328,"column":8},"end":{"line":328,"column":13319}},"80":{"start":{"line":329,"column":12},"end":{"line":329,"column":13383}},"81":{"start":{"line":330,"column":16},"end":{"line":330,"column":35}},"82":{"start":{"line":331,"column":16},"end":{"line":331,"column":24}},"83":{"start":{"line":333,"column":12},"end":{"line":333,"column":13509}},"84":{"start":{"line":338,"column":16},"end":{"line":338,"column":32}},"85":{"start":{"line":341,"column":8},"end":{"line":341,"column":41}},"86":{"start":{"line":342,"column":8},"end":{"line":342,"column":30}},"87":{"start":{"line":351,"column":8},"end":{"line":351,"column":14053}},"88":{"start":{"line":357,"column":8},"end":{"line":357,"column":20}},"89":{"start":{"line":365,"column":8},"end":{"line":365,"column":46}}},"branchMap":{"1":{"line":100,"type":"if","locations":[{"start":{"line":100,"column":8},"end":{"line":100,"column":8}},{"start":{"line":100,"column":8},"end":{"line":100,"column":8}}]},"2":{"line":126,"type":"if","locations":[{"start":{"line":126,"column":8},"end":{"line":126,"column":8}},{"start":{"line":126,"column":8},"end":{"line":126,"column":8}}]},"3":{"line":140,"type":"if","locations":[{"start":{"line":140,"column":8},"end":{"line":140,"column":8}},{"start":{"line":140,"column":8},"end":{"line":140,"column":8}}]},"4":{"line":142,"type":"if","locations":[{"start":{"line":142,"column":12},"end":{"line":142,"column":12}},{"start":{"line":142,"column":12},"end":{"line":142,"column":12}}]},"5":{"line":148,"type":"if","locations":[{"start":{"line":148,"column":12},"end":{"line":148,"column":12}},{"start":{"line":148,"column":12},"end":{"line":148,"column":12}}]},"6":{"line":177,"type":"if","locations":[{"start":{"line":177,"column":8},"end":{"line":177,"column":8}},{"start":{"line":177,"column":8},"end":{"line":177,"column":8}}]},"7":{"line":193,"type":"if","locations":[{"start":{"line":193,"column":8},"end":{"line":193,"column":8}},{"start":{"line":193,"column":8},"end":{"line":193,"column":8}}]},"8":{"line":195,"type":"if","locations":[{"start":{"line":195,"column":12},"end":{"line":195,"column":12}},{"start":{"line":195,"column":12},"end":{"line":195,"column":12}}]},"9":{"line":218,"type":"if","locations":[{"start":{"line":218,"column":8},"end":{"line":218,"column":8}},{"start":{"line":218,"column":8},"end":{"line":218,"column":8}}]},"10":{"line":219,"type":"if","locations":[{"start":{"line":219,"column":8},"end":{"line":219,"column":8}},{"start":{"line":219,"column":8},"end":{"line":219,"column":8}}]},"11":{"line":231,"type":"if","locations":[{"start":{"line":231,"column":8},"end":{"line":231,"column":8}},{"start":{"line":231,"column":8},"end":{"line":231,"column":8}}]},"12":{"line":237,"type":"if","locations":[{"start":{"line":237,"column":8},"end":{"line":237,"column":8}},{"start":{"line":237,"column":8},"end":{"line":237,"column":8}}]},"13":{"line":260,"type":"if","locations":[{"start":{"line":260,"column":8},"end":{"line":260,"column":8}},{"start":{"line":260,"column":8},"end":{"line":260,"column":8}}]},"14":{"line":270,"type":"if","locations":[{"start":{"line":270,"column":15},"end":{"line":270,"column":15}},{"start":{"line":270,"column":15},"end":{"line":270,"column":15}}]},"15":{"line":306,"type":"if","locations":[{"start":{"line":306,"column":8},"end":{"line":306,"column":8}},{"start":{"line":306,"column":8},"end":{"line":306,"column":8}}]},"16":{"line":310,"type":"if","locations":[{"start":{"line":310,"column":8},"end":{"line":310,"column":8}},{"start":{"line":310,"column":8},"end":{"line":310,"column":8}}]},"17":{"line":329,"type":"if","locations":[{"start":{"line":329,"column":12},"end":{"line":329,"column":12}},{"start":{"line":329,"column":12},"end":{"line":329,"column":12}}]},"18":{"line":333,"type":"if","locations":[{"start":{"line":333,"column":12},"end":{"line":333,"column":12}},{"start":{"line":333,"column":12},"end":{"line":333,"column":12}}]}}}}