TN:
SF:/Users/hadar/workspace/GoodDollar/GoodBootstrap/packages/contracts/contracts/BancorFormula.sol
FN:41,constructor
FN:45,safeAdd
FN:51,safeSub
FN:56,safeMul
FN:92,calculatePurchaseReturn
FN:123,calculateSaleReturn
FN:165,power
FN:191,generalLog
FN:218,floorLog2
FN:241,maxExpArraySearch
FN:250,findPositionInMaxExpArray
FN:278,generalExp
FN:323,optimalLog
FN:358,optimalExp
FNF:14
FNH:10
FNDA:2,constructor
FNDA:2,safeAdd
FNDA:0,safeSub
FNDA:3,safeMul
FNDA:2,calculatePurchaseReturn
FNDA:1,calculateSaleReturn
FNDA:3,power
FNDA:1,generalLog
FNDA:1,floorLog2
FNDA:0,maxExpArraySearch
FNDA:0,findPositionInMaxExpArray
FNDA:0,generalExp
FNDA:2,optimalLog
FNDA:3,optimalExp
DA:42,2
DA:46,2
DA:47,2
DA:48,2
DA:52,0
DA:53,0
DA:57,3
DA:58,3
DA:59,3
DA:94,2
DA:97,2
DA:98,0
DA:101,2
DA:102,0
DA:104,2
DA:105,2
DA:106,2
DA:107,2
DA:108,2
DA:109,2
DA:125,1
DA:128,1
DA:129,0
DA:132,1
DA:133,0
DA:136,1
DA:137,0
DA:139,1
DA:140,1
DA:141,1
DA:142,1
DA:143,1
DA:144,1
DA:145,1
DA:166,3
DA:168,3
DA:169,3
DA:170,3
DA:171,2
DA:174,1
DA:177,3
DA:178,3
DA:179,3
DA:182,0
DA:183,0
DA:192,1
DA:195,1
DA:196,1
DA:197,1
DA:198,1
DA:202,1
DA:203,1
DA:204,127
DA:205,127
DA:206,52
DA:207,52
DA:212,1
DA:219,1
DA:221,1
DA:223,0
DA:224,0
DA:225,0
DA:230,1
DA:231,8
DA:232,4
DA:233,4
DA:238,1
DA:242,0
DA:243,0
DA:251,0
DA:252,0
DA:254,0
DA:255,0
DA:256,0
DA:257,0
DA:259,0
DA:262,0
DA:263,0
DA:264,0
DA:265,0
DA:267,0
DA:268,0
DA:279,0
DA:280,0
DA:315,0
DA:324,2
DA:326,2
DA:327,2
DA:328,2
DA:330,2
DA:331,2
DA:332,2
DA:333,2
DA:334,2
DA:335,2
DA:336,2
DA:337,2
DA:339,2
DA:340,2
DA:348,2
DA:350,2
DA:359,3
DA:361,3
DA:362,3
DA:364,3
DA:384,3
DA:386,3
DA:387,3
DA:388,3
DA:389,3
DA:390,3
DA:391,3
DA:392,3
DA:394,3
LF:114
LH:84
BRDA:47,1,0,2
BRDA:47,1,1,0
BRDA:52,2,0,0
BRDA:52,2,1,0
BRDA:58,3,0,3
BRDA:58,3,1,0
BRDA:94,4,0,2
BRDA:94,4,1,0
BRDA:97,5,0,0
BRDA:97,5,1,2
BRDA:101,6,0,0
BRDA:101,6,1,2
BRDA:125,7,0,1
BRDA:125,7,1,0
BRDA:128,8,0,0
BRDA:128,8,1,1
BRDA:132,9,0,0
BRDA:132,9,1,1
BRDA:136,10,0,0
BRDA:136,10,1,1
BRDA:166,11,0,3
BRDA:166,11,1,0
BRDA:170,12,0,2
BRDA:170,12,1,1
BRDA:178,13,0,3
BRDA:178,13,1,0
BRDA:195,14,0,1
BRDA:195,14,1,0
BRDA:202,15,0,1
BRDA:202,15,1,0
BRDA:205,16,0,52
BRDA:205,16,1,75
BRDA:221,17,0,0
BRDA:221,17,1,1
BRDA:231,18,0,4
BRDA:231,18,1,4
BRDA:256,19,0,0
BRDA:256,19,1,0
BRDA:262,20,0,0
BRDA:262,20,1,0
BRDA:264,21,0,0
BRDA:264,21,1,0
BRDA:267,22,0,0
BRDA:267,22,1,0
BRDA:330,23,0,1
BRDA:330,23,1,1
BRDA:331,24,0,0
BRDA:331,24,1,2
BRDA:332,25,0,1
BRDA:332,25,1,1
BRDA:333,26,0,1
BRDA:333,26,1,1
BRDA:334,27,0,0
BRDA:334,27,1,2
BRDA:335,28,0,0
BRDA:335,28,1,2
BRDA:336,29,0,0
BRDA:336,29,1,2
BRDA:337,30,0,1
BRDA:337,30,1,1
BRDA:386,31,0,1
BRDA:386,31,1,2
BRDA:387,32,0,0
BRDA:387,32,1,3
BRDA:388,33,0,0
BRDA:388,33,1,3
BRDA:389,34,0,0
BRDA:389,34,1,3
BRDA:390,35,0,0
BRDA:390,35,1,3
BRDA:391,36,0,0
BRDA:391,36,1,3
BRDA:392,37,0,0
BRDA:392,37,1,3
BRF:74
BRH:40
end_of_record
TN:
SF:/Users/hadar/workspace/GoodDollar/GoodBootstrap/packages/contracts/contracts/ExpArray.sol
FN:5,constructor
FN:54,searchArray
FNF:2
FNH:1
FNDA:2,constructor
FNDA:0,searchArray
DA:6,2
DA:7,2
DA:8,2
DA:9,2
DA:10,2
DA:11,2
DA:12,2
DA:13,2
DA:14,2
DA:15,2
DA:16,2
DA:17,2
DA:18,2
DA:19,2
DA:20,2
DA:21,2
DA:22,2
DA:23,2
DA:24,2
DA:25,2
DA:26,2
DA:27,2
DA:28,2
DA:29,2
DA:30,2
DA:31,2
DA:32,2
DA:33,2
DA:34,2
DA:35,2
DA:36,2
DA:37,2
DA:38,2
DA:39,2
DA:40,2
DA:41,2
DA:42,2
DA:43,2
DA:44,2
DA:45,2
DA:46,2
DA:47,2
DA:48,2
DA:49,2
DA:50,2
DA:51,2
DA:55,0
LF:47
LH:46
BRF:0
BRH:0
end_of_record
TN:
SF:/Users/hadar/workspace/GoodDollar/GoodBootstrap/packages/contracts/contracts/GoodDollar.sol
FN:19,canPopulate
FN:24,constructor
FN:41,initialMove
FN:59,setMonetaryPolicy
FN:69,transfer
FN:81,transferFrom
FN:94,transferAndCall
FN:105,_processTX
FNF:8
FNH:8
FNDA:1,canPopulate
FNDA:2,constructor
FNDA:1,initialMove
FNDA:1,setMonetaryPolicy
FNDA:8,transfer
FNDA:1,transferFrom
FNDA:1,transferAndCall
FNDA:10,_processTX
DA:20,1
DA:21,1
DA:35,2
DA:36,0
DA:48,1
DA:49,1
DA:51,1
DA:53,1
DA:54,1
DA:56,1
DA:61,1
DA:70,8
DA:71,4
DA:72,4
DA:89,1
DA:90,1
DA:91,1
DA:96,1
DA:97,1
DA:98,1
DA:99,1
DA:106,10
DA:107,10
DA:108,6
DA:109,6
DA:110,6
DA:111,6
DA:112,6
DA:113,6
LF:29
LH:28
BRDA:20,1,0,1
BRDA:20,1,1,0
BRDA:89,2,0,1
BRDA:89,2,1,0
BRDA:98,3,0,1
BRDA:98,3,1,0
BRDA:106,4,0,0
BRDA:106,4,1,10
BRDA:109,5,0,6
BRDA:109,5,1,0
BRDA:110,6,0,2
BRDA:110,6,1,4
BRDA:111,7,0,1
BRDA:111,7,1,5
BRF:14
BRH:9
end_of_record
TN:
SF:/Users/hadar/workspace/GoodDollar/GoodBootstrap/packages/contracts/contracts/GoodDollarReserve.sol
FN:37,constructor
FN:45,setFees
FN:50,calcFees
FN:55,setExcludeFromPolicy
FN:59,processTX
FN:68,poolBalance
FN:72,calculateAmountPurchased
FN:83,calculatePriceForSale
FN:94,buy
FN:113,sell
FN:128,totalSupply
FN:132,mint
FNF:12
FNH:11
FNDA:2,constructor
FNDA:1,setFees
FNDA:14,calcFees
FNDA:2,setExcludeFromPolicy
FNDA:10,processTX
FNDA:5,poolBalance
FNDA:1,calculateAmountPurchased
FNDA:1,calculatePriceForSale
FNDA:1,buy
FNDA:0,sell
FNDA:11,totalSupply
FNDA:3,mint
DA:38,2
DA:39,2
DA:40,2
DA:41,2
DA:42,2
DA:46,1
DA:47,1
DA:51,14
DA:52,14
DA:56,2
DA:60,10
DA:61,2
DA:63,8
DA:64,4
DA:69,5
DA:73,1
DA:80,1
DA:84,1
DA:91,1
DA:95,1
DA:96,1
DA:108,1
DA:110,1
DA:114,0
DA:115,0
DA:122,0
DA:123,0
DA:125,0
DA:129,11
DA:136,3
DA:138,3
LF:31
LH:26
BRDA:60,1,0,2
BRDA:60,1,1,8
BRDA:63,2,0,4
BRDA:63,2,1,4
BRDA:95,3,0,1
BRDA:95,3,1,0
BRDA:114,4,0,0
BRDA:114,4,1,0
BRF:8
BRH:5
end_of_record
TN:
SF:/Users/hadar/workspace/GoodDollar/GoodBootstrap/packages/contracts/contracts/Heap.sol
FN:22,init
FN:29,insertOrUpdate
FN:38,update
FN:50,insert
FN:58,extractMax
FN:61,extractById
FN:66,dump
FN:70,getById
FN:73,getByIndex
FN:76,getMax
FN:79,size
FN:82,isNode
FN:85,_extract
FN:100,_bubbleUp
FN:108,_bubbleDown
FN:130,_insert
FNF:16
FNH:0
FNDA:0,init
FNDA:0,insertOrUpdate
FNDA:0,update
FNDA:0,insert
FNDA:0,extractMax
FNDA:0,extractById
FNDA:0,dump
FNDA:0,getById
FNDA:0,getByIndex
FNDA:0,getMax
FNDA:0,size
FNDA:0,isNode
FNDA:0,_extract
FNDA:0,_bubbleUp
FNDA:0,_bubbleDown
FNDA:0,_insert
DA:23,0
DA:24,0
DA:25,0
DA:31,0
DA:33,0
DA:35,0
DA:39,0
DA:40,0
DA:41,0
DA:42,0
DA:43,0
DA:44,0
DA:45,0
DA:47,0
DA:48,0
DA:51,0
DA:52,0
DA:53,0
DA:54,0
DA:55,0
DA:56,0
DA:59,0
DA:62,0
DA:68,0
DA:71,0
DA:74,0
DA:77,0
DA:80,0
DA:86,0
DA:88,0
DA:89,0
DA:91,0
DA:92,0
DA:94,0
DA:95,0
DA:96,0
DA:98,0
DA:101,0
DA:102,0
DA:104,0
DA:105,0
DA:109,0
DA:110,0
DA:112,0
DA:113,0
DA:115,0
DA:117,0
DA:118,0
DA:121,0
DA:122,0
DA:124,0
DA:125,0
DA:131,0
DA:132,0
LF:54
LH:0
BRDA:23,1,0,0
BRDA:23,1,1,0
BRDA:24,2,0,0
BRDA:24,2,1,0
BRDA:31,3,0,0
BRDA:31,3,1,0
BRDA:39,4,0,0
BRDA:39,4,1,0
BRDA:44,5,0,0
BRDA:44,5,1,0
BRDA:46,6,0,0
BRDA:46,6,1,0
BRDA:51,7,0,0
BRDA:51,7,1,0
BRDA:52,8,0,0
BRDA:52,8,1,0
BRDA:86,9,0,0
BRDA:86,9,1,0
BRDA:94,10,0,0
BRDA:94,10,1,0
BRDA:101,11,0,0
BRDA:101,11,1,0
BRDA:112,12,0,0
BRDA:112,12,1,0
BRDA:117,13,0,0
BRDA:117,13,1,0
BRDA:121,14,0,0
BRDA:121,14,1,0
BRF:28
BRH:0
end_of_record
TN:
SF:/Users/hadar/workspace/GoodDollar/GoodBootstrap/packages/contracts/contracts/Identity.sol
FN:12,constructor
FN:16,isVerified
FN:22,addWhitelistedWithDID
FN:31,transferAccount
FN:43,addWhitelisted
FN:49,removeWhitelisted
FN:61,renounceWhitelisted
FN:72,whiteListUser
FN:76,blackListUser
FNF:9
FNH:9
FNDA:2,constructor
FNDA:14,isVerified
FNDA:6,addWhitelistedWithDID
FNDA:1,transferAccount
FNDA:5,addWhitelisted
FNDA:1,removeWhitelisted
FNDA:1,renounceWhitelisted
FNDA:5,whiteListUser
FNDA:1,blackListUser
DA:13,2
DA:19,14
DA:23,6
DA:24,5
DA:25,5
DA:26,5
DA:27,5
DA:28,5
DA:32,1
DA:33,1
DA:34,1
DA:35,1
DA:36,1
DA:37,1
DA:38,1
DA:39,1
DA:40,1
DA:44,5
DA:45,5
DA:46,5
DA:50,1
DA:51,0
DA:52,0
DA:53,0
DA:54,0
DA:55,0
DA:56,0
DA:57,0
DA:62,1
DA:63,1
DA:64,1
DA:65,1
DA:66,1
DA:67,1
DA:68,1
DA:69,1
DA:73,5
DA:77,1
LF:38
LH:31
BRDA:23,1,0,1
BRDA:23,1,1,5
BRDA:33,2,0,0
BRDA:33,2,1,1
BRDA:44,3,0,0
BRDA:44,3,1,5
BRDA:50,4,0,1
BRDA:50,4,1,0
BRDA:55,5,0,0
BRDA:55,5,1,0
BRDA:62,6,0,0
BRDA:62,6,1,1
BRDA:67,7,0,1
BRDA:67,7,1,0
BRF:14
BRH:7
end_of_record
TN:
SF:/Users/hadar/workspace/GoodDollar/GoodBootstrap/packages/contracts/contracts/IMonetaryPolicy.sol
FNF:0
FNH:0
LF:0
LH:0
BRF:0
BRH:0
end_of_record
TN:
SF:/Users/hadar/workspace/GoodDollar/GoodBootstrap/packages/contracts/contracts/Median.sol
FN:17,init
FN:26,updateMedian
FN:56,median
FN:68,rebalance
FNF:4
FNH:0
FNDA:0,init
FNDA:0,updateMedian
FNDA:0,median
FNDA:0,rebalance
DA:18,0
DA:20,0
DA:22,0
DA:28,0
DA:29,0
DA:32,0
DA:33,0
DA:36,0
DA:37,0
DA:38,0
DA:44,0
DA:45,0
DA:46,0
DA:49,0
DA:50,0
DA:51,0
DA:59,0
DA:60,0
DA:70,0
DA:71,0
DA:73,0
DA:74,0
DA:75,0
DA:78,0
DA:79,0
LF:25
LH:0
BRDA:29,1,0,0
BRDA:29,1,1,0
BRDA:33,2,0,0
BRDA:33,2,1,0
BRDA:36,3,0,0
BRDA:36,3,1,0
BRDA:44,4,0,0
BRDA:44,4,1,0
BRDA:59,5,0,0
BRDA:59,5,1,0
BRDA:63,6,0,0
BRDA:63,6,1,0
BRDA:70,7,0,0
BRDA:70,7,1,0
BRDA:73,8,0,0
BRDA:73,8,1,0
BRF:16
BRH:0
end_of_record
TN:
SF:/Users/hadar/workspace/GoodDollar/GoodBootstrap/packages/contracts/contracts/OneTimePaymentLinks.sol
FN:21,constructor
FN:25,onTokenTransfer
FN:36,transferFromDeposit
FN:50,deposit
FN:65,withdraw
FN:78,cancel
FN:87,isLinkUsed
FNF:7
FNH:5
FNDA:2,constructor
FNDA:1,onTokenTransfer
FNDA:2,transferFromDeposit
FNDA:4,deposit
FNDA:4,withdraw
FNDA:0,cancel
FNDA:0,isLinkUsed
DA:22,2
DA:27,1
DA:28,1
DA:29,1
DA:31,1
DA:37,2
DA:39,1
DA:40,1
DA:42,1
DA:51,4
DA:52,2
DA:53,2
DA:54,1
DA:55,2
DA:56,2
DA:57,2
DA:58,2
DA:66,4
DA:67,4
DA:68,2
DA:69,2
DA:70,2
DA:71,2
DA:79,0
DA:80,0
DA:81,0
DA:82,0
DA:83,0
DA:84,0
DA:88,0
LF:30
LH:23
BRDA:27,1,0,1
BRDA:27,1,1,0
BRDA:37,2,0,1
BRDA:37,2,1,1
BRDA:51,3,0,2
BRDA:51,3,1,2
BRDA:52,4,0,2
BRDA:52,4,1,0
BRDA:53,5,0,1
BRDA:53,5,1,1
BRDA:67,6,0,2
BRDA:67,6,1,2
BRDA:79,7,0,0
BRDA:79,7,1,0
BRDA:80,8,0,0
BRDA:80,8,1,0
BRF:16
BRH:10
end_of_record
TN:
SF:/Users/hadar/workspace/GoodDollar/GoodBootstrap/packages/contracts/contracts/RedemptionData.sol
FN:12,constructor
FN:15,getLastClaimed
FN:21,setLastClaimed
FNF:3
FNH:3
FNDA:2,constructor
FNDA:4,getLastClaimed
FNDA:3,setLastClaimed
DA:18,4
DA:24,3
DA:25,3
LF:3
LH:3
BRF:0
BRH:0
end_of_record
TN:
SF:/Users/hadar/workspace/GoodDollar/GoodBootstrap/packages/contracts/contracts/RedemptionFunctional.sol
FN:19,whiteListed
FN:25,constructor
FN:33,getLastClaimed
FN:39,calculateClaim
FN:54,claimTokens
FN:67,checkEntitlement
FNF:6
FNH:5
FNDA:4,whiteListed
FNDA:2,constructor
FNDA:0,getLastClaimed
FNDA:4,calculateClaim
FNDA:3,claimTokens
FNDA:1,checkEntitlement
DA:20,4
DA:21,4
DA:22,4
DA:26,2
DA:27,2
DA:28,2
DA:34,0
DA:40,4
DA:41,4
DA:42,4
DA:43,4
DA:48,4
DA:49,4
DA:51,4
DA:55,3
DA:57,3
DA:58,3
DA:59,3
DA:60,3
DA:61,3
DA:68,1
DA:69,0
DA:70,1
LF:23
LH:21
BRDA:21,1,0,4
BRDA:21,1,1,0
BRDA:55,2,0,3
BRDA:55,2,1,0
BRDA:68,3,0,0
BRDA:68,3,1,1
BRF:6
BRH:3
end_of_record
TN:
SF:/Users/hadar/workspace/GoodDollar/GoodBootstrap/packages/contracts/contracts/token/ERC223.sol
FNF:0
FNH:0
LF:0
LH:0
BRF:0
BRH:0
end_of_record
TN:
SF:/Users/hadar/workspace/GoodDollar/GoodBootstrap/packages/contracts/contracts/token/ERC223Receiver.sol
FN:21,tokenFallback
FN:36,getSig
FN:44,tokenPayable
FNF:3
FNH:0
FNDA:0,tokenFallback
FNDA:0,getSig
FNDA:0,tokenPayable
DA:22,0
DA:25,0
DA:26,0
DA:27,0
DA:31,0
DA:33,0
DA:37,0
DA:38,0
DA:39,0
DA:40,0
DA:45,0
DA:46,0
LF:12
LH:0
BRDA:22,1,0,0
BRDA:22,1,1,0
BRDA:45,2,0,0
BRDA:45,2,1,0
BRF:4
BRH:0
end_of_record
TN:
SF:/Users/hadar/workspace/GoodDollar/GoodBootstrap/packages/contracts/contracts/token/ERC223Token.sol
FN:12,transfer
FN:19,transferFrom
FN:25,transfer
FN:29,transferFrom
FN:34,contractFallback
FN:40,isContract
FNF:6
FNH:0
FNDA:0,transfer
FNDA:0,transferFrom
FNDA:0,transfer
FNDA:0,transferFrom
FNDA:0,contractFallback
FNDA:0,isContract
DA:14,0
DA:15,0
DA:16,0
DA:20,0
DA:21,0
DA:22,0
DA:26,0
DA:30,0
DA:35,0
DA:36,0
DA:42,0
DA:43,0
DA:44,0
LF:13
LH:0
BRDA:14,1,0,0
BRDA:14,1,1,0
BRDA:15,2,0,0
BRDA:15,2,1,0
BRDA:20,3,0,0
BRDA:20,3,1,0
BRDA:21,4,0,0
BRDA:21,4,1,0
BRF:8
BRH:0
end_of_record
TN:
SF:/Users/hadar/workspace/GoodDollar/GoodBootstrap/packages/contracts/contracts/token/ERC677.sol
FNF:0
FNH:0
LF:0
LH:0
BRF:0
BRH:0
end_of_record
TN:
SF:/Users/hadar/workspace/GoodDollar/GoodBootstrap/packages/contracts/contracts/token/ERC677BridgeToken.sol
FN:22,constructor
FN:28,setBridgeContract
FN:33,validRecipient
FN:38,transferAndCall
FN:44,_transferAndCall
FN:54,getTokenInterfacesVersion
FN:58,superTransfer
FN:63,transfer
FN:76,contractFallback
FN:84,isContract
FN:94,finishMinting
FN:98,renounceOwnership
FN:102,claimTokens
FNF:13
FNH:6
FNDA:2,constructor
FNDA:0,setBridgeContract
FNDA:0,validRecipient
FNDA:0,transferAndCall
FNDA:1,_transferAndCall
FNDA:0,getTokenInterfacesVersion
FNDA:5,superTransfer
FNDA:4,transfer
FNDA:1,contractFallback
FNDA:5,isContract
FNDA:0,finishMinting
FNDA:0,renounceOwnership
FNDA:0,claimTokens
DA:29,0
DA:30,0
DA:34,0
DA:35,0
DA:41,0
DA:47,1
DA:48,1
DA:49,1
DA:50,1
DA:52,1
DA:55,0
DA:60,5
DA:65,4
DA:66,4
DA:67,0
DA:68,0
DA:70,0
DA:73,4
DA:80,1
DA:81,1
DA:89,5
DA:90,5
DA:91,5
DA:95,0
DA:99,0
DA:103,0
DA:104,0
DA:105,0
DA:106,0
DA:107,0
DA:110,0
DA:111,0
DA:112,0
LF:33
LH:14
BRDA:29,1,0,0
BRDA:29,1,1,0
BRDA:34,2,0,0
BRDA:34,2,1,0
BRDA:47,3,0,1
BRDA:47,3,1,0
BRDA:49,4,0,1
BRDA:49,4,1,0
BRDA:50,5,0,1
BRDA:50,5,1,0
BRDA:65,6,0,4
BRDA:65,6,1,0
BRDA:66,7,0,0
BRDA:66,7,1,4
BRDA:67,8,0,0
BRDA:67,8,1,0
BRDA:103,9,0,0
BRDA:103,9,1,0
BRDA:104,10,0,0
BRDA:104,10,1,0
BRDA:112,11,0,0
BRDA:112,11,1,0
BRF:22
BRH:5
end_of_record
TN:
SF:/Users/hadar/workspace/GoodDollar/GoodBootstrap/packages/contracts/contracts/token/ERC677Receiver.sol
FNF:0
FNH:0
LF:0
LH:0
BRF:0
BRH:0
end_of_record
TN:
SF:/Users/hadar/workspace/GoodDollar/GoodBootstrap/packages/contracts/contracts/token/ERC827.sol
FNF:0
FNH:0
LF:0
LH:0
BRF:0
BRH:0
end_of_record
TN:
SF:/Users/hadar/workspace/GoodDollar/GoodBootstrap/packages/contracts/contracts/token/ERC827Token.sol
FN:30,approveAndCall
FN:58,transferAndCall
FN:86,transferFromAndCall
FN:115,increaseApprovalAndCall
FN:146,decreaseApprovalAndCall
FNF:5
FNH:0
FNDA:0,approveAndCall
FNDA:0,transferAndCall
FNDA:0,transferFromAndCall
FNDA:0,increaseApprovalAndCall
FNDA:0,decreaseApprovalAndCall
DA:39,0
DA:41,0
DA:44,0
DA:45,0
DA:47,0
DA:67,0
DA:69,0
DA:72,0
DA:73,0
DA:74,0
DA:94,0
DA:96,0
DA:99,0
DA:100,0
DA:101,0
DA:124,0
DA:126,0
DA:129,0
DA:130,0
DA:132,0
DA:155,0
DA:157,0
DA:160,0
DA:161,0
DA:163,0
LF:25
LH:0
BRDA:39,1,0,0
BRDA:39,1,1,0
BRDA:45,2,0,0
BRDA:45,2,1,0
BRDA:67,3,0,0
BRDA:67,3,1,0
BRDA:73,4,0,0
BRDA:73,4,1,0
BRDA:94,5,0,0
BRDA:94,5,1,0
BRDA:100,6,0,0
BRDA:100,6,1,0
BRDA:124,7,0,0
BRDA:124,7,1,0
BRDA:130,8,0,0
BRDA:130,8,1,0
BRDA:155,9,0,0
BRDA:155,9,1,0
BRDA:161,10,0,0
BRDA:161,10,1,0
BRF:20
BRH:0
end_of_record
TN:
SF:/Users/hadar/workspace/GoodDollar/GoodBootstrap/packages/contracts/contracts/token/IBurnableMintableERC677Token.sol
FNF:0
FNH:0
LF:0
LH:0
BRF:0
BRH:0
end_of_record
TN:
SF:/Users/hadar/workspace/GoodDollar/GoodBootstrap/packages/contracts/contracts/token/IERC223Receiver.sol
FNF:0
FNH:0
LF:0
LH:0
BRF:0
BRH:0
end_of_record
